cabal: Entering directory '/var/folders/lw/4gjsgzwj1fz0b0_w6xh5585h0000gn/T/cabal-tmp-3852/bmp-1.2.6.3'
Configuring bmp-1.2.6.3...
Preprocessing library for bmp-1.2.6.3..
Building library for bmp-1.2.6.3..
[ 1 of 12] Compiling Codec.BMP.CIEXYZ ( Codec/BMP/CIEXYZ.hs, dist/dist-sandbox-f7212ff3/build/Codec/BMP/CIEXYZ.o )
[ 2 of 12] Compiling Codec.BMP.Compression ( Codec/BMP/Compression.hs, dist/dist-sandbox-f7212ff3/build/Codec/BMP/Compression.o )
[ 3 of 12] Compiling Codec.BMP.Error  ( Codec/BMP/Error.hs, dist/dist-sandbox-f7212ff3/build/Codec/BMP/Error.o )
[ 4 of 12] Compiling Codec.BMP.BitmapInfoV3 ( Codec/BMP/BitmapInfoV3.hs, dist/dist-sandbox-f7212ff3/build/Codec/BMP/BitmapInfoV3.o )
[ 5 of 12] Compiling Codec.BMP.BitmapInfoV4 ( Codec/BMP/BitmapInfoV4.hs, dist/dist-sandbox-f7212ff3/build/Codec/BMP/BitmapInfoV4.o )
[ 6 of 12] Compiling Codec.BMP.BitmapInfoV5 ( Codec/BMP/BitmapInfoV5.hs, dist/dist-sandbox-f7212ff3/build/Codec/BMP/BitmapInfoV5.o )
[ 7 of 12] Compiling Codec.BMP.BitmapInfo ( Codec/BMP/BitmapInfo.hs, dist/dist-sandbox-f7212ff3/build/Codec/BMP/BitmapInfo.o )
[ 8 of 12] Compiling Codec.BMP.FileHeader ( Codec/BMP/FileHeader.hs, dist/dist-sandbox-f7212ff3/build/Codec/BMP/FileHeader.o )
[ 9 of 12] Compiling Codec.BMP.Base   ( Codec/BMP/Base.hs, dist/dist-sandbox-f7212ff3/build/Codec/BMP/Base.o )
[10 of 12] Compiling Codec.BMP.Pack   ( Codec/BMP/Pack.hs, dist/dist-sandbox-f7212ff3/build/Codec/BMP/Pack.o )
[11 of 12] Compiling Codec.BMP.Unpack ( Codec/BMP/Unpack.hs, dist/dist-sandbox-f7212ff3/build/Codec/BMP/Unpack.o )
[12 of 12] Compiling Codec.BMP        ( Codec/BMP.hs, dist/dist-sandbox-f7212ff3/build/Codec/BMP.o )
[ 1 of 12] Compiling Codec.BMP.CIEXYZ ( Codec/BMP/CIEXYZ.hs, dist/dist-sandbox-f7212ff3/build/Codec/BMP/CIEXYZ.p_o )
[ 2 of 12] Compiling Codec.BMP.Compression ( Codec/BMP/Compression.hs, dist/dist-sandbox-f7212ff3/build/Codec/BMP/Compression.p_o )
[ 3 of 12] Compiling Codec.BMP.Error  ( Codec/BMP/Error.hs, dist/dist-sandbox-f7212ff3/build/Codec/BMP/Error.p_o )
[ 4 of 12] Compiling Codec.BMP.BitmapInfoV3 ( Codec/BMP/BitmapInfoV3.hs, dist/dist-sandbox-f7212ff3/build/Codec/BMP/BitmapInfoV3.p_o )
[ 5 of 12] Compiling Codec.BMP.BitmapInfoV4 ( Codec/BMP/BitmapInfoV4.hs, dist/dist-sandbox-f7212ff3/build/Codec/BMP/BitmapInfoV4.p_o )
[ 6 of 12] Compiling Codec.BMP.BitmapInfoV5 ( Codec/BMP/BitmapInfoV5.hs, dist/dist-sandbox-f7212ff3/build/Codec/BMP/BitmapInfoV5.p_o )
[ 7 of 12] Compiling Codec.BMP.BitmapInfo ( Codec/BMP/BitmapInfo.hs, dist/dist-sandbox-f7212ff3/build/Codec/BMP/BitmapInfo.p_o )
[ 8 of 12] Compiling Codec.BMP.FileHeader ( Codec/BMP/FileHeader.hs, dist/dist-sandbox-f7212ff3/build/Codec/BMP/FileHeader.p_o )
[ 9 of 12] Compiling Codec.BMP.Base   ( Codec/BMP/Base.hs, dist/dist-sandbox-f7212ff3/build/Codec/BMP/Base.p_o )
[10 of 12] Compiling Codec.BMP.Pack   ( Codec/BMP/Pack.hs, dist/dist-sandbox-f7212ff3/build/Codec/BMP/Pack.p_o )
[11 of 12] Compiling Codec.BMP.Unpack ( Codec/BMP/Unpack.hs, dist/dist-sandbox-f7212ff3/build/Codec/BMP/Unpack.p_o )
[12 of 12] Compiling Codec.BMP        ( Codec/BMP.hs, dist/dist-sandbox-f7212ff3/build/Codec/BMP.p_o )
Preprocessing library for bmp-1.2.6.3..
Running Haddock on library for bmp-1.2.6.3..
Haddock coverage:
  50% (  1 /  2) in 'Codec.BMP.CIEXYZ'
  Missing documentation for:
    Module header
  50% (  1 /  2) in 'Codec.BMP.Compression'
  Missing documentation for:
    Module header
  50% (  1 /  2) in 'Codec.BMP.Error'
  Missing documentation for:
    Module header
  83% (  5 /  6) in 'Codec.BMP.BitmapInfoV3'
  Missing documentation for:
    Module header
  83% (  5 /  6) in 'Codec.BMP.BitmapInfoV4'
  Missing documentation for:
    Module header
  80% (  4 /  5) in 'Codec.BMP.BitmapInfoV5'
  Missing documentation for:
    Module header
  67% (  2 /  3) in 'Codec.BMP.BitmapInfo'
  Missing documentation for:
    Module header
  80% (  4 /  5) in 'Codec.BMP.FileHeader'
  Missing documentation for:
    Module header
  50% (  1 /  2) in 'Codec.BMP.Base'
  Missing documentation for:
    Module header
  75% (  3 /  4) in 'Codec.BMP.Pack'
  Missing documentation for:
    Module header
  50% (  1 /  2) in 'Codec.BMP.Unpack'
  Missing documentation for:
    Module header
 100% ( 25 / 25) in 'Codec.BMP'
Documentation created: dist/dist-sandbox-f7212ff3/doc/html/bmp/index.html
Installing library in /Users/callanmcgill/Documents/Haskell/cellularAutomata/.cabal-sandbox/lib/x86_64-osx-ghc-8.2.1/bmp-1.2.6.3-4lpOZe3CN513AkDIDZBJnf
cabal: Leaving directory '/var/folders/lw/4gjsgzwj1fz0b0_w6xh5585h0000gn/T/cabal-tmp-3852/bmp-1.2.6.3'
