cabal: Entering directory '/var/folders/lw/4gjsgzwj1fz0b0_w6xh5585h0000gn/T/cabal-tmp-16205/comonad-5.0.2'
[1 of 1] Compiling Main             ( /var/folders/lw/4gjsgzwj1fz0b0_w6xh5585h0000gn/T/cabal-tmp-16205/comonad-5.0.2/dist/dist-sandbox-f7212ff3/setup/setup.hs, /var/folders/lw/4gjsgzwj1fz0b0_w6xh5585h0000gn/T/cabal-tmp-16205/comonad-5.0.2/dist/dist-sandbox-f7212ff3/setup/Main.o )
Linking /var/folders/lw/4gjsgzwj1fz0b0_w6xh5585h0000gn/T/cabal-tmp-16205/comonad-5.0.2/dist/dist-sandbox-f7212ff3/setup/setup ...
Configuring comonad-5.0.2...
Preprocessing library for comonad-5.0.2..
Building library for comonad-5.0.2..
[ 1 of 15] Compiling Control.Comonad  ( src/Control/Comonad.hs, dist/dist-sandbox-f7212ff3/build/Control/Comonad.o )
[ 2 of 15] Compiling Control.Comonad.Hoist.Class ( src/Control/Comonad/Hoist/Class.hs, dist/dist-sandbox-f7212ff3/build/Control/Comonad/Hoist/Class.o )
[ 3 of 15] Compiling Control.Comonad.Trans.Class ( src/Control/Comonad/Trans/Class.hs, dist/dist-sandbox-f7212ff3/build/Control/Comonad/Trans/Class.o )
[ 4 of 15] Compiling Control.Comonad.Trans.Env ( src/Control/Comonad/Trans/Env.hs, dist/dist-sandbox-f7212ff3/build/Control/Comonad/Trans/Env.o )
[ 5 of 15] Compiling Control.Comonad.Trans.Identity ( src/Control/Comonad/Trans/Identity.hs, dist/dist-sandbox-f7212ff3/build/Control/Comonad/Trans/Identity.o )
[ 6 of 15] Compiling Control.Comonad.Identity ( src/Control/Comonad/Identity.hs, dist/dist-sandbox-f7212ff3/build/Control/Comonad/Identity.o )
[ 7 of 15] Compiling Control.Comonad.Trans.Store ( src/Control/Comonad/Trans/Store.hs, dist/dist-sandbox-f7212ff3/build/Control/Comonad/Trans/Store.o )
[ 8 of 15] Compiling Control.Comonad.Trans.Traced ( src/Control/Comonad/Trans/Traced.hs, dist/dist-sandbox-f7212ff3/build/Control/Comonad/Trans/Traced.o )
[ 9 of 15] Compiling Control.Comonad.Traced.Class ( src/Control/Comonad/Traced/Class.hs, dist/dist-sandbox-f7212ff3/build/Control/Comonad/Traced/Class.o )
[10 of 15] Compiling Control.Comonad.Traced ( src/Control/Comonad/Traced.hs, dist/dist-sandbox-f7212ff3/build/Control/Comonad/Traced.o )
[11 of 15] Compiling Control.Comonad.Store.Class ( src/Control/Comonad/Store/Class.hs, dist/dist-sandbox-f7212ff3/build/Control/Comonad/Store/Class.o )
[12 of 15] Compiling Control.Comonad.Store ( src/Control/Comonad/Store.hs, dist/dist-sandbox-f7212ff3/build/Control/Comonad/Store.o )
[13 of 15] Compiling Control.Comonad.Env.Class ( src/Control/Comonad/Env/Class.hs, dist/dist-sandbox-f7212ff3/build/Control/Comonad/Env/Class.o )
[14 of 15] Compiling Control.Comonad.Env ( src/Control/Comonad/Env.hs, dist/dist-sandbox-f7212ff3/build/Control/Comonad/Env.o )
[15 of 15] Compiling Data.Functor.Composition ( src/Data/Functor/Composition.hs, dist/dist-sandbox-f7212ff3/build/Data/Functor/Composition.o )
[ 1 of 15] Compiling Control.Comonad  ( src/Control/Comonad.hs, dist/dist-sandbox-f7212ff3/build/Control/Comonad.p_o )
[ 2 of 15] Compiling Control.Comonad.Hoist.Class ( src/Control/Comonad/Hoist/Class.hs, dist/dist-sandbox-f7212ff3/build/Control/Comonad/Hoist/Class.p_o )
[ 3 of 15] Compiling Control.Comonad.Trans.Class ( src/Control/Comonad/Trans/Class.hs, dist/dist-sandbox-f7212ff3/build/Control/Comonad/Trans/Class.p_o )
[ 4 of 15] Compiling Control.Comonad.Trans.Env ( src/Control/Comonad/Trans/Env.hs, dist/dist-sandbox-f7212ff3/build/Control/Comonad/Trans/Env.p_o )
[ 5 of 15] Compiling Control.Comonad.Trans.Identity ( src/Control/Comonad/Trans/Identity.hs, dist/dist-sandbox-f7212ff3/build/Control/Comonad/Trans/Identity.p_o )
[ 6 of 15] Compiling Control.Comonad.Identity ( src/Control/Comonad/Identity.hs, dist/dist-sandbox-f7212ff3/build/Control/Comonad/Identity.p_o )
[ 7 of 15] Compiling Control.Comonad.Trans.Store ( src/Control/Comonad/Trans/Store.hs, dist/dist-sandbox-f7212ff3/build/Control/Comonad/Trans/Store.p_o )
[ 8 of 15] Compiling Control.Comonad.Trans.Traced ( src/Control/Comonad/Trans/Traced.hs, dist/dist-sandbox-f7212ff3/build/Control/Comonad/Trans/Traced.p_o )
[ 9 of 15] Compiling Control.Comonad.Traced.Class ( src/Control/Comonad/Traced/Class.hs, dist/dist-sandbox-f7212ff3/build/Control/Comonad/Traced/Class.p_o )
[10 of 15] Compiling Control.Comonad.Traced ( src/Control/Comonad/Traced.hs, dist/dist-sandbox-f7212ff3/build/Control/Comonad/Traced.p_o )
[11 of 15] Compiling Control.Comonad.Store.Class ( src/Control/Comonad/Store/Class.hs, dist/dist-sandbox-f7212ff3/build/Control/Comonad/Store/Class.p_o )
[12 of 15] Compiling Control.Comonad.Store ( src/Control/Comonad/Store.hs, dist/dist-sandbox-f7212ff3/build/Control/Comonad/Store.p_o )
[13 of 15] Compiling Control.Comonad.Env.Class ( src/Control/Comonad/Env/Class.hs, dist/dist-sandbox-f7212ff3/build/Control/Comonad/Env/Class.p_o )
[14 of 15] Compiling Control.Comonad.Env ( src/Control/Comonad/Env.hs, dist/dist-sandbox-f7212ff3/build/Control/Comonad/Env.p_o )
[15 of 15] Compiling Data.Functor.Composition ( src/Data/Functor/Composition.hs, dist/dist-sandbox-f7212ff3/build/Data/Functor/Composition.p_o )
Preprocessing library for comonad-5.0.2..
Running Haddock on library for comonad-5.0.2..
Haddock coverage:
 100% ( 22 / 22) in 'Control.Comonad'
  50% (  1 /  2) in 'Control.Comonad.Hoist.Class'
  Missing documentation for:
    ComonadHoist (src/Control/Comonad/Hoist/Class.hs:19)
  50% (  1 /  2) in 'Control.Comonad.Trans.Class'
  Missing documentation for:
    ComonadTrans (/var/folders/lw/4gjsgzwj1fz0b0_w6xh5585h0000gn/T/ghc17303_0/ghc_17.hscpp:154)
  69% (  9 / 13) in 'Control.Comonad.Trans.Env'
  Missing documentation for:
    Env (/var/folders/lw/4gjsgzwj1fz0b0_w6xh5585h0000gn/T/ghc17303_0/ghc_19.hscpp:247)
    runEnv (/var/folders/lw/4gjsgzwj1fz0b0_w6xh5585h0000gn/T/ghc17303_0/ghc_19.hscpp:254)
    EnvT (/var/folders/lw/4gjsgzwj1fz0b0_w6xh5585h0000gn/T/ghc17303_0/ghc_19.hscpp:248)
    runEnvT (/var/folders/lw/4gjsgzwj1fz0b0_w6xh5585h0000gn/T/ghc17303_0/ghc_19.hscpp:257)
 100% (  2 /  2) in 'Control.Comonad.Trans.Identity'
 100% (  4 /  4) in 'Control.Comonad.Identity'
  73% ( 11 / 15) in 'Control.Comonad.Trans.Store'
  Missing documentation for:
    Store (/var/folders/lw/4gjsgzwj1fz0b0_w6xh5585h0000gn/T/ghc17303_0/ghc_23.hscpp:230)
    runStore (/var/folders/lw/4gjsgzwj1fz0b0_w6xh5585h0000gn/T/ghc17303_0/ghc_23.hscpp:236)
    StoreT (/var/folders/lw/4gjsgzwj1fz0b0_w6xh5585h0000gn/T/ghc17303_0/ghc_23.hscpp:239)
    runStoreT (/var/folders/lw/4gjsgzwj1fz0b0_w6xh5585h0000gn/T/ghc17303_0/ghc_23.hscpp:241)
  33% (  4 / 12) in 'Control.Comonad.Trans.Traced'
  Missing documentation for:
    Traced (/var/folders/lw/4gjsgzwj1fz0b0_w6xh5585h0000gn/T/ghc17303_0/ghc_25.hscpp:196)
    traced (/var/folders/lw/4gjsgzwj1fz0b0_w6xh5585h0000gn/T/ghc17303_0/ghc_25.hscpp:198)
    runTraced (/var/folders/lw/4gjsgzwj1fz0b0_w6xh5585h0000gn/T/ghc17303_0/ghc_25.hscpp:201)
    TracedT (/var/folders/lw/4gjsgzwj1fz0b0_w6xh5585h0000gn/T/ghc17303_0/ghc_25.hscpp:204)
    trace (/var/folders/lw/4gjsgzwj1fz0b0_w6xh5585h0000gn/T/ghc17303_0/ghc_25.hscpp:231)
    listen (/var/folders/lw/4gjsgzwj1fz0b0_w6xh5585h0000gn/T/ghc17303_0/ghc_25.hscpp:234)
    listens (/var/folders/lw/4gjsgzwj1fz0b0_w6xh5585h0000gn/T/ghc17303_0/ghc_25.hscpp:237)
    censor (/var/folders/lw/4gjsgzwj1fz0b0_w6xh5585h0000gn/T/ghc17303_0/ghc_25.hscpp:240)
  33% (  1 /  3) in 'Control.Comonad.Traced.Class'
  Missing documentation for:
    ComonadTraced (/var/folders/lw/4gjsgzwj1fz0b0_w6xh5585h0000gn/T/ghc17303_0/ghc_15.hscpp:165)
    traces (/var/folders/lw/4gjsgzwj1fz0b0_w6xh5585h0000gn/T/ghc17303_0/ghc_15.hscpp:168)
  57% (  8 / 14) in 'Control.Comonad.Traced'
  Missing documentation for:
    ComonadTraced (/var/folders/lw/4gjsgzwj1fz0b0_w6xh5585h0000gn/T/ghc17303_0/ghc_15.hscpp:165)
    traces (/var/folders/lw/4gjsgzwj1fz0b0_w6xh5585h0000gn/T/ghc17303_0/ghc_15.hscpp:168)
    Traced (/var/folders/lw/4gjsgzwj1fz0b0_w6xh5585h0000gn/T/ghc17303_0/ghc_25.hscpp:196)
    traced (/var/folders/lw/4gjsgzwj1fz0b0_w6xh5585h0000gn/T/ghc17303_0/ghc_25.hscpp:198)
    runTraced (/var/folders/lw/4gjsgzwj1fz0b0_w6xh5585h0000gn/T/ghc17303_0/ghc_25.hscpp:201)
    TracedT (/var/folders/lw/4gjsgzwj1fz0b0_w6xh5585h0000gn/T/ghc17303_0/ghc_25.hscpp:204)
  25% (  1 /  4) in 'Control.Comonad.Store.Class'
  Missing documentation for:
    ComonadStore (/var/folders/lw/4gjsgzwj1fz0b0_w6xh5585h0000gn/T/ghc17303_0/ghc_11.hscpp:166)
    lowerPos (/var/folders/lw/4gjsgzwj1fz0b0_w6xh5585h0000gn/T/ghc17303_0/ghc_11.hscpp:190)
    lowerPeek (/var/folders/lw/4gjsgzwj1fz0b0_w6xh5585h0000gn/T/ghc17303_0/ghc_11.hscpp:194)
  62% (  8 / 13) in 'Control.Comonad.Store'
  Missing documentation for:
    ComonadStore (/var/folders/lw/4gjsgzwj1fz0b0_w6xh5585h0000gn/T/ghc17303_0/ghc_11.hscpp:166)
    Store (/var/folders/lw/4gjsgzwj1fz0b0_w6xh5585h0000gn/T/ghc17303_0/ghc_23.hscpp:230)
    runStore (/var/folders/lw/4gjsgzwj1fz0b0_w6xh5585h0000gn/T/ghc17303_0/ghc_23.hscpp:236)
    StoreT (/var/folders/lw/4gjsgzwj1fz0b0_w6xh5585h0000gn/T/ghc17303_0/ghc_23.hscpp:239)
    runStoreT (/var/folders/lw/4gjsgzwj1fz0b0_w6xh5585h0000gn/T/ghc17303_0/ghc_23.hscpp:241)
  33% (  1 /  3) in 'Control.Comonad.Env.Class'
  Missing documentation for:
    ComonadEnv (/var/folders/lw/4gjsgzwj1fz0b0_w6xh5585h0000gn/T/ghc17303_0/ghc_5.hscpp:165)
    asks (/var/folders/lw/4gjsgzwj1fz0b0_w6xh5585h0000gn/T/ghc17303_0/ghc_5.hscpp:168)
  60% (  9 / 15) in 'Control.Comonad.Env'
  Missing documentation for:
    ComonadEnv (/var/folders/lw/4gjsgzwj1fz0b0_w6xh5585h0000gn/T/ghc17303_0/ghc_5.hscpp:165)
    asks (/var/folders/lw/4gjsgzwj1fz0b0_w6xh5585h0000gn/T/ghc17303_0/ghc_5.hscpp:168)
    Env (/var/folders/lw/4gjsgzwj1fz0b0_w6xh5585h0000gn/T/ghc17303_0/ghc_19.hscpp:247)
    runEnv (/var/folders/lw/4gjsgzwj1fz0b0_w6xh5585h0000gn/T/ghc17303_0/ghc_19.hscpp:254)
    EnvT (/var/folders/lw/4gjsgzwj1fz0b0_w6xh5585h0000gn/T/ghc17303_0/ghc_19.hscpp:248)
    runEnvT (/var/folders/lw/4gjsgzwj1fz0b0_w6xh5585h0000gn/T/ghc17303_0/ghc_19.hscpp:257)
  50% (  1 /  2) in 'Data.Functor.Composition'
  Missing documentation for:
    Module header
Warning: Control.Comonad: could not find link destinations for:
    State
Documentation created: dist/dist-sandbox-f7212ff3/doc/html/comonad/index.html
Installing library in /Users/callanmcgill/Documents/Haskell/cellularAutomata/.cabal-sandbox/lib/x86_64-osx-ghc-8.2.1/comonad-5.0.2-1mzBBwTqMHGJjwDu6Tk4vD
cabal: Leaving directory '/var/folders/lw/4gjsgzwj1fz0b0_w6xh5585h0000gn/T/cabal-tmp-16205/comonad-5.0.2'
