cabal: Entering directory '/var/folders/lw/4gjsgzwj1fz0b0_w6xh5585h0000gn/T/cabal-tmp-3851/GLURaw-2.0.0.3'
Configuring GLURaw-2.0.0.3...
Preprocessing library for GLURaw-2.0.0.3..
Building library for GLURaw-2.0.0.3..
[1 of 6] Compiling Graphics.GLU.Callbacks ( src/Graphics/GLU/Callbacks.hs, dist/dist-sandbox-f7212ff3/build/Graphics/GLU/Callbacks.o )
[2 of 6] Compiling Graphics.GLU.Tokens ( src/Graphics/GLU/Tokens.hs, dist/dist-sandbox-f7212ff3/build/Graphics/GLU/Tokens.o )
[3 of 6] Compiling Graphics.GLU.TypesInternal ( src/Graphics/GLU/TypesInternal.hs, dist/dist-sandbox-f7212ff3/build/Graphics/GLU/TypesInternal.o )
[4 of 6] Compiling Graphics.GLU.Types ( src/Graphics/GLU/Types.hs, dist/dist-sandbox-f7212ff3/build/Graphics/GLU/Types.o )
[5 of 6] Compiling Graphics.GLU.Functions ( src/Graphics/GLU/Functions.hs, dist/dist-sandbox-f7212ff3/build/Graphics/GLU/Functions.o )
[6 of 6] Compiling Graphics.GLU     ( src/Graphics/GLU.hs, dist/dist-sandbox-f7212ff3/build/Graphics/GLU.o )
[1 of 6] Compiling Graphics.GLU.Callbacks ( src/Graphics/GLU/Callbacks.hs, dist/dist-sandbox-f7212ff3/build/Graphics/GLU/Callbacks.p_o )
[2 of 6] Compiling Graphics.GLU.Tokens ( src/Graphics/GLU/Tokens.hs, dist/dist-sandbox-f7212ff3/build/Graphics/GLU/Tokens.p_o )
[3 of 6] Compiling Graphics.GLU.TypesInternal ( src/Graphics/GLU/TypesInternal.hs, dist/dist-sandbox-f7212ff3/build/Graphics/GLU/TypesInternal.p_o )
[4 of 6] Compiling Graphics.GLU.Types ( src/Graphics/GLU/Types.hs, dist/dist-sandbox-f7212ff3/build/Graphics/GLU/Types.p_o )
[5 of 6] Compiling Graphics.GLU.Functions ( src/Graphics/GLU/Functions.hs, dist/dist-sandbox-f7212ff3/build/Graphics/GLU/Functions.p_o )
[6 of 6] Compiling Graphics.GLU     ( src/Graphics/GLU.hs, dist/dist-sandbox-f7212ff3/build/Graphics/GLU.p_o )
Preprocessing library for GLURaw-2.0.0.3..
Running Haddock on library for GLURaw-2.0.0.3..
Haddock coverage:
  13% (  8 / 60) in 'Graphics.GLU.Callbacks'
  Missing documentation for:
    TessBeginCallback (/var/folders/lw/4gjsgzwj1fz0b0_w6xh5585h0000gn/T/ghc12802_0/ghc_1.hscpp:143)
    makeTessBeginCallback (/var/folders/lw/4gjsgzwj1fz0b0_w6xh5585h0000gn/T/ghc12802_0/ghc_1.hscpp:145)
    TessEdgeFlagCallback (/var/folders/lw/4gjsgzwj1fz0b0_w6xh5585h0000gn/T/ghc12802_0/ghc_1.hscpp:148)
    makeTessEdgeFlagCallback (/var/folders/lw/4gjsgzwj1fz0b0_w6xh5585h0000gn/T/ghc12802_0/ghc_1.hscpp:150)
    TessVertexCallback (/var/folders/lw/4gjsgzwj1fz0b0_w6xh5585h0000gn/T/ghc12802_0/ghc_1.hscpp:153)
    makeTessVertexCallback (/var/folders/lw/4gjsgzwj1fz0b0_w6xh5585h0000gn/T/ghc12802_0/ghc_1.hscpp:155)
    TessEndCallback (/var/folders/lw/4gjsgzwj1fz0b0_w6xh5585h0000gn/T/ghc12802_0/ghc_1.hscpp:158)
    makeTessEndCallback (/var/folders/lw/4gjsgzwj1fz0b0_w6xh5585h0000gn/T/ghc12802_0/ghc_1.hscpp:160)
    TessErrorCallback (/var/folders/lw/4gjsgzwj1fz0b0_w6xh5585h0000gn/T/ghc12802_0/ghc_1.hscpp:163)
    makeTessErrorCallback (/var/folders/lw/4gjsgzwj1fz0b0_w6xh5585h0000gn/T/ghc12802_0/ghc_1.hscpp:165)
    TessCombineCallback (/var/folders/lw/4gjsgzwj1fz0b0_w6xh5585h0000gn/T/ghc12802_0/ghc_1.hscpp:168)
    makeTessCombineCallback (/var/folders/lw/4gjsgzwj1fz0b0_w6xh5585h0000gn/T/ghc12802_0/ghc_1.hscpp:170)
    TessBeginDataCallback (/var/folders/lw/4gjsgzwj1fz0b0_w6xh5585h0000gn/T/ghc12802_0/ghc_1.hscpp:173)
    makeTessBeginDataCallback (/var/folders/lw/4gjsgzwj1fz0b0_w6xh5585h0000gn/T/ghc12802_0/ghc_1.hscpp:175)
    TessEdgeFlagDataCallback (/var/folders/lw/4gjsgzwj1fz0b0_w6xh5585h0000gn/T/ghc12802_0/ghc_1.hscpp:178)
    makeTessEdgeFlagDataCallback (/var/folders/lw/4gjsgzwj1fz0b0_w6xh5585h0000gn/T/ghc12802_0/ghc_1.hscpp:180)
    TessVertexDataCallback (/var/folders/lw/4gjsgzwj1fz0b0_w6xh5585h0000gn/T/ghc12802_0/ghc_1.hscpp:183)
    makeTessVertexDataCallback (/var/folders/lw/4gjsgzwj1fz0b0_w6xh5585h0000gn/T/ghc12802_0/ghc_1.hscpp:185)
    TessEndDataCallback (/var/folders/lw/4gjsgzwj1fz0b0_w6xh5585h0000gn/T/ghc12802_0/ghc_1.hscpp:188)
    makeTessEndDataCallback (/var/folders/lw/4gjsgzwj1fz0b0_w6xh5585h0000gn/T/ghc12802_0/ghc_1.hscpp:190)
    TessErrorDataCallback (/var/folders/lw/4gjsgzwj1fz0b0_w6xh5585h0000gn/T/ghc12802_0/ghc_1.hscpp:193)
    makeTessErrorDataCallback (/var/folders/lw/4gjsgzwj1fz0b0_w6xh5585h0000gn/T/ghc12802_0/ghc_1.hscpp:195)
    TessCombineDataCallback (/var/folders/lw/4gjsgzwj1fz0b0_w6xh5585h0000gn/T/ghc12802_0/ghc_1.hscpp:198)
    makeTessCombineDataCallback (/var/folders/lw/4gjsgzwj1fz0b0_w6xh5585h0000gn/T/ghc12802_0/ghc_1.hscpp:200)
    QuadricCallback (/var/folders/lw/4gjsgzwj1fz0b0_w6xh5585h0000gn/T/ghc12802_0/ghc_1.hscpp:205)
    makeQuadricCallback (/var/folders/lw/4gjsgzwj1fz0b0_w6xh5585h0000gn/T/ghc12802_0/ghc_1.hscpp:207)
    NURBSBeginCallback (/var/folders/lw/4gjsgzwj1fz0b0_w6xh5585h0000gn/T/ghc12802_0/ghc_1.hscpp:212)
    makeNURBSBeginCallback (/var/folders/lw/4gjsgzwj1fz0b0_w6xh5585h0000gn/T/ghc12802_0/ghc_1.hscpp:214)
    NURBSVertexCallback (/var/folders/lw/4gjsgzwj1fz0b0_w6xh5585h0000gn/T/ghc12802_0/ghc_1.hscpp:217)
    makeNURBSVertexCallback (/var/folders/lw/4gjsgzwj1fz0b0_w6xh5585h0000gn/T/ghc12802_0/ghc_1.hscpp:219)
    NURBSNormalCallback (/var/folders/lw/4gjsgzwj1fz0b0_w6xh5585h0000gn/T/ghc12802_0/ghc_1.hscpp:222)
    makeNURBSNormalCallback (/var/folders/lw/4gjsgzwj1fz0b0_w6xh5585h0000gn/T/ghc12802_0/ghc_1.hscpp:224)
    NURBSColorCallback (/var/folders/lw/4gjsgzwj1fz0b0_w6xh5585h0000gn/T/ghc12802_0/ghc_1.hscpp:227)
    makeNURBSColorCallback (/var/folders/lw/4gjsgzwj1fz0b0_w6xh5585h0000gn/T/ghc12802_0/ghc_1.hscpp:229)
    NURBSTexCoordCallback (/var/folders/lw/4gjsgzwj1fz0b0_w6xh5585h0000gn/T/ghc12802_0/ghc_1.hscpp:232)
    makeNURBSTexCoordCallback (/var/folders/lw/4gjsgzwj1fz0b0_w6xh5585h0000gn/T/ghc12802_0/ghc_1.hscpp:234)
    NURBSEndCallback (/var/folders/lw/4gjsgzwj1fz0b0_w6xh5585h0000gn/T/ghc12802_0/ghc_1.hscpp:237)
    makeNURBSEndCallback (/var/folders/lw/4gjsgzwj1fz0b0_w6xh5585h0000gn/T/ghc12802_0/ghc_1.hscpp:239)
    NURBSErrorCallback (/var/folders/lw/4gjsgzwj1fz0b0_w6xh5585h0000gn/T/ghc12802_0/ghc_1.hscpp:242)
    makeNURBSErrorCallback (/var/folders/lw/4gjsgzwj1fz0b0_w6xh5585h0000gn/T/ghc12802_0/ghc_1.hscpp:244)
    NURBSBeginDataCallback (/var/folders/lw/4gjsgzwj1fz0b0_w6xh5585h0000gn/T/ghc12802_0/ghc_1.hscpp:247)
    makeNURBSBeginDataCallback (/var/folders/lw/4gjsgzwj1fz0b0_w6xh5585h0000gn/T/ghc12802_0/ghc_1.hscpp:249)
    NURBSVertexDataCallback (/var/folders/lw/4gjsgzwj1fz0b0_w6xh5585h0000gn/T/ghc12802_0/ghc_1.hscpp:252)
    makeNURBSVertexDataCallback (/var/folders/lw/4gjsgzwj1fz0b0_w6xh5585h0000gn/T/ghc12802_0/ghc_1.hscpp:254)
    NURBSNormalDataCallback (/var/folders/lw/4gjsgzwj1fz0b0_w6xh5585h0000gn/T/ghc12802_0/ghc_1.hscpp:257)
    makeNURBSNormalDataCallback (/var/folders/lw/4gjsgzwj1fz0b0_w6xh5585h0000gn/T/ghc12802_0/ghc_1.hscpp:259)
    NURBSColorDataCallback (/var/folders/lw/4gjsgzwj1fz0b0_w6xh5585h0000gn/T/ghc12802_0/ghc_1.hscpp:262)
    makeNURBSColorDataCallback (/var/folders/lw/4gjsgzwj1fz0b0_w6xh5585h0000gn/T/ghc12802_0/ghc_1.hscpp:264)
    NURBSTexCoordDataCallback (/var/folders/lw/4gjsgzwj1fz0b0_w6xh5585h0000gn/T/ghc12802_0/ghc_1.hscpp:267)
    makeNURBSTexCoordDataCallback (/var/folders/lw/4gjsgzwj1fz0b0_w6xh5585h0000gn/T/ghc12802_0/ghc_1.hscpp:269)
    NURBSEndDataCallback (/var/folders/lw/4gjsgzwj1fz0b0_w6xh5585h0000gn/T/ghc12802_0/ghc_1.hscpp:272)
    makeNURBSEndDataCallback (/var/folders/lw/4gjsgzwj1fz0b0_w6xh5585h0000gn/T/ghc12802_0/ghc_1.hscpp:274)
   1% (  1 /150) in 'Graphics.GLU.Tokens'
  Missing documentation for:
    GLU_FALSE (/var/folders/lw/4gjsgzwj1fz0b0_w6xh5585h0000gn/T/ghc12802_0/ghc_5.hscpp:112)
    GLU_TRUE (/var/folders/lw/4gjsgzwj1fz0b0_w6xh5585h0000gn/T/ghc12802_0/ghc_5.hscpp:113)
    GLU_VERSION (/var/folders/lw/4gjsgzwj1fz0b0_w6xh5585h0000gn/T/ghc12802_0/ghc_5.hscpp:116)
    GLU_EXTENSIONS (/var/folders/lw/4gjsgzwj1fz0b0_w6xh5585h0000gn/T/ghc12802_0/ghc_5.hscpp:117)
    GLU_INVALID_ENUM (/var/folders/lw/4gjsgzwj1fz0b0_w6xh5585h0000gn/T/ghc12802_0/ghc_5.hscpp:120)
    GLU_INVALID_VALUE (/var/folders/lw/4gjsgzwj1fz0b0_w6xh5585h0000gn/T/ghc12802_0/ghc_5.hscpp:121)
    GLU_OUT_OF_MEMORY (/var/folders/lw/4gjsgzwj1fz0b0_w6xh5585h0000gn/T/ghc12802_0/ghc_5.hscpp:122)
    GLU_INCOMPATIBLE_GL_VERSION (/var/folders/lw/4gjsgzwj1fz0b0_w6xh5585h0000gn/T/ghc12802_0/ghc_5.hscpp:123)
    GLU_INVALID_OPERATION (/var/folders/lw/4gjsgzwj1fz0b0_w6xh5585h0000gn/T/ghc12802_0/ghc_5.hscpp:124)
    GLU_OUTLINE_POLYGON (/var/folders/lw/4gjsgzwj1fz0b0_w6xh5585h0000gn/T/ghc12802_0/ghc_5.hscpp:128)
    GLU_OUTLINE_PATCH (/var/folders/lw/4gjsgzwj1fz0b0_w6xh5585h0000gn/T/ghc12802_0/ghc_5.hscpp:129)
    GLU_NURBS_ERROR (/var/folders/lw/4gjsgzwj1fz0b0_w6xh5585h0000gn/T/ghc12802_0/ghc_5.hscpp:132)
    GLU_ERROR (/var/folders/lw/4gjsgzwj1fz0b0_w6xh5585h0000gn/T/ghc12802_0/ghc_5.hscpp:133)
    GLU_NURBS_BEGIN (/var/folders/lw/4gjsgzwj1fz0b0_w6xh5585h0000gn/T/ghc12802_0/ghc_5.hscpp:134)
    GLU_NURBS_BEGIN_EXT (/var/folders/lw/4gjsgzwj1fz0b0_w6xh5585h0000gn/T/ghc12802_0/ghc_5.hscpp:135)
    GLU_NURBS_VERTEX (/var/folders/lw/4gjsgzwj1fz0b0_w6xh5585h0000gn/T/ghc12802_0/ghc_5.hscpp:136)
    GLU_NURBS_VERTEX_EXT (/var/folders/lw/4gjsgzwj1fz0b0_w6xh5585h0000gn/T/ghc12802_0/ghc_5.hscpp:137)
    GLU_NURBS_NORMAL (/var/folders/lw/4gjsgzwj1fz0b0_w6xh5585h0000gn/T/ghc12802_0/ghc_5.hscpp:138)
    GLU_NURBS_NORMAL_EXT (/var/folders/lw/4gjsgzwj1fz0b0_w6xh5585h0000gn/T/ghc12802_0/ghc_5.hscpp:139)
    GLU_NURBS_COLOR (/var/folders/lw/4gjsgzwj1fz0b0_w6xh5585h0000gn/T/ghc12802_0/ghc_5.hscpp:140)
    GLU_NURBS_COLOR_EXT (/var/folders/lw/4gjsgzwj1fz0b0_w6xh5585h0000gn/T/ghc12802_0/ghc_5.hscpp:141)
    GLU_NURBS_TEXTURE_COORD (/var/folders/lw/4gjsgzwj1fz0b0_w6xh5585h0000gn/T/ghc12802_0/ghc_5.hscpp:142)
    GLU_NURBS_TEX_COORD_EXT (/var/folders/lw/4gjsgzwj1fz0b0_w6xh5585h0000gn/T/ghc12802_0/ghc_5.hscpp:143)
    GLU_NURBS_END (/var/folders/lw/4gjsgzwj1fz0b0_w6xh5585h0000gn/T/ghc12802_0/ghc_5.hscpp:144)
    GLU_NURBS_END_EXT (/var/folders/lw/4gjsgzwj1fz0b0_w6xh5585h0000gn/T/ghc12802_0/ghc_5.hscpp:145)
    GLU_NURBS_BEGIN_DATA (/var/folders/lw/4gjsgzwj1fz0b0_w6xh5585h0000gn/T/ghc12802_0/ghc_5.hscpp:146)
    GLU_NURBS_BEGIN_DATA_EXT (/var/folders/lw/4gjsgzwj1fz0b0_w6xh5585h0000gn/T/ghc12802_0/ghc_5.hscpp:147)
    GLU_NURBS_VERTEX_DATA (/var/folders/lw/4gjsgzwj1fz0b0_w6xh5585h0000gn/T/ghc12802_0/ghc_5.hscpp:148)
    GLU_NURBS_VERTEX_DATA_EXT (/var/folders/lw/4gjsgzwj1fz0b0_w6xh5585h0000gn/T/ghc12802_0/ghc_5.hscpp:149)
    GLU_NURBS_NORMAL_DATA (/var/folders/lw/4gjsgzwj1fz0b0_w6xh5585h0000gn/T/ghc12802_0/ghc_5.hscpp:150)
    GLU_NURBS_NORMAL_DATA_EXT (/var/folders/lw/4gjsgzwj1fz0b0_w6xh5585h0000gn/T/ghc12802_0/ghc_5.hscpp:151)
    GLU_NURBS_COLOR_DATA (/var/folders/lw/4gjsgzwj1fz0b0_w6xh5585h0000gn/T/ghc12802_0/ghc_5.hscpp:152)
    GLU_NURBS_COLOR_DATA_EXT (/var/folders/lw/4gjsgzwj1fz0b0_w6xh5585h0000gn/T/ghc12802_0/ghc_5.hscpp:153)
    GLU_NURBS_TEXTURE_COORD_DATA (/var/folders/lw/4gjsgzwj1fz0b0_w6xh5585h0000gn/T/ghc12802_0/ghc_5.hscpp:154)
    GLU_NURBS_TEX_COORD_DATA_EXT (/var/folders/lw/4gjsgzwj1fz0b0_w6xh5585h0000gn/T/ghc12802_0/ghc_5.hscpp:155)
    GLU_NURBS_END_DATA (/var/folders/lw/4gjsgzwj1fz0b0_w6xh5585h0000gn/T/ghc12802_0/ghc_5.hscpp:156)
    GLU_NURBS_END_DATA_EXT (/var/folders/lw/4gjsgzwj1fz0b0_w6xh5585h0000gn/T/ghc12802_0/ghc_5.hscpp:157)
    GLU_NURBS_ERROR1 (/var/folders/lw/4gjsgzwj1fz0b0_w6xh5585h0000gn/T/ghc12802_0/ghc_5.hscpp:160)
    GLU_NURBS_ERROR2 (/var/folders/lw/4gjsgzwj1fz0b0_w6xh5585h0000gn/T/ghc12802_0/ghc_5.hscpp:161)
    GLU_NURBS_ERROR3 (/var/folders/lw/4gjsgzwj1fz0b0_w6xh5585h0000gn/T/ghc12802_0/ghc_5.hscpp:162)
    GLU_NURBS_ERROR4 (/var/folders/lw/4gjsgzwj1fz0b0_w6xh5585h0000gn/T/ghc12802_0/ghc_5.hscpp:163)
    GLU_NURBS_ERROR5 (/var/folders/lw/4gjsgzwj1fz0b0_w6xh5585h0000gn/T/ghc12802_0/ghc_5.hscpp:164)
    GLU_NURBS_ERROR6 (/var/folders/lw/4gjsgzwj1fz0b0_w6xh5585h0000gn/T/ghc12802_0/ghc_5.hscpp:165)
    GLU_NURBS_ERROR7 (/var/folders/lw/4gjsgzwj1fz0b0_w6xh5585h0000gn/T/ghc12802_0/ghc_5.hscpp:166)
    GLU_NURBS_ERROR8 (/var/folders/lw/4gjsgzwj1fz0b0_w6xh5585h0000gn/T/ghc12802_0/ghc_5.hscpp:167)
    GLU_NURBS_ERROR9 (/var/folders/lw/4gjsgzwj1fz0b0_w6xh5585h0000gn/T/ghc12802_0/ghc_5.hscpp:168)
    GLU_NURBS_ERROR10 (/var/folders/lw/4gjsgzwj1fz0b0_w6xh5585h0000gn/T/ghc12802_0/ghc_5.hscpp:169)
    GLU_NURBS_ERROR11 (/var/folders/lw/4gjsgzwj1fz0b0_w6xh5585h0000gn/T/ghc12802_0/ghc_5.hscpp:170)
    GLU_NURBS_ERROR12 (/var/folders/lw/4gjsgzwj1fz0b0_w6xh5585h0000gn/T/ghc12802_0/ghc_5.hscpp:171)
    GLU_NURBS_ERROR13 (/var/folders/lw/4gjsgzwj1fz0b0_w6xh5585h0000gn/T/ghc12802_0/ghc_5.hscpp:172)
    GLU_NURBS_ERROR14 (/var/folders/lw/4gjsgzwj1fz0b0_w6xh5585h0000gn/T/ghc12802_0/ghc_5.hscpp:173)
    GLU_NURBS_ERROR15 (/var/folders/lw/4gjsgzwj1fz0b0_w6xh5585h0000gn/T/ghc12802_0/ghc_5.hscpp:174)
    GLU_NURBS_ERROR16 (/var/folders/lw/4gjsgzwj1fz0b0_w6xh5585h0000gn/T/ghc12802_0/ghc_5.hscpp:175)
    GLU_NURBS_ERROR17 (/var/folders/lw/4gjsgzwj1fz0b0_w6xh5585h0000gn/T/ghc12802_0/ghc_5.hscpp:176)
    GLU_NURBS_ERROR18 (/var/folders/lw/4gjsgzwj1fz0b0_w6xh5585h0000gn/T/ghc12802_0/ghc_5.hscpp:177)
    GLU_NURBS_ERROR19 (/var/folders/lw/4gjsgzwj1fz0b0_w6xh5585h0000gn/T/ghc12802_0/ghc_5.hscpp:178)
    GLU_NURBS_ERROR20 (/var/folders/lw/4gjsgzwj1fz0b0_w6xh5585h0000gn/T/ghc12802_0/ghc_5.hscpp:179)
    GLU_NURBS_ERROR21 (/var/folders/lw/4gjsgzwj1fz0b0_w6xh5585h0000gn/T/ghc12802_0/ghc_5.hscpp:180)
    GLU_NURBS_ERROR22 (/var/folders/lw/4gjsgzwj1fz0b0_w6xh5585h0000gn/T/ghc12802_0/ghc_5.hscpp:181)
    GLU_NURBS_ERROR23 (/var/folders/lw/4gjsgzwj1fz0b0_w6xh5585h0000gn/T/ghc12802_0/ghc_5.hscpp:182)
    GLU_NURBS_ERROR24 (/var/folders/lw/4gjsgzwj1fz0b0_w6xh5585h0000gn/T/ghc12802_0/ghc_5.hscpp:183)
    GLU_NURBS_ERROR25 (/var/folders/lw/4gjsgzwj1fz0b0_w6xh5585h0000gn/T/ghc12802_0/ghc_5.hscpp:184)
    GLU_NURBS_ERROR26 (/var/folders/lw/4gjsgzwj1fz0b0_w6xh5585h0000gn/T/ghc12802_0/ghc_5.hscpp:185)
    GLU_NURBS_ERROR27 (/var/folders/lw/4gjsgzwj1fz0b0_w6xh5585h0000gn/T/ghc12802_0/ghc_5.hscpp:186)
    GLU_NURBS_ERROR28 (/var/folders/lw/4gjsgzwj1fz0b0_w6xh5585h0000gn/T/ghc12802_0/ghc_5.hscpp:187)
    GLU_NURBS_ERROR29 (/var/folders/lw/4gjsgzwj1fz0b0_w6xh5585h0000gn/T/ghc12802_0/ghc_5.hscpp:188)
    GLU_NURBS_ERROR30 (/var/folders/lw/4gjsgzwj1fz0b0_w6xh5585h0000gn/T/ghc12802_0/ghc_5.hscpp:189)
    GLU_NURBS_ERROR31 (/var/folders/lw/4gjsgzwj1fz0b0_w6xh5585h0000gn/T/ghc12802_0/ghc_5.hscpp:190)
    GLU_NURBS_ERROR32 (/var/folders/lw/4gjsgzwj1fz0b0_w6xh5585h0000gn/T/ghc12802_0/ghc_5.hscpp:191)
    GLU_NURBS_ERROR33 (/var/folders/lw/4gjsgzwj1fz0b0_w6xh5585h0000gn/T/ghc12802_0/ghc_5.hscpp:192)
    GLU_NURBS_ERROR34 (/var/folders/lw/4gjsgzwj1fz0b0_w6xh5585h0000gn/T/ghc12802_0/ghc_5.hscpp:193)
    GLU_NURBS_ERROR35 (/var/folders/lw/4gjsgzwj1fz0b0_w6xh5585h0000gn/T/ghc12802_0/ghc_5.hscpp:194)
    GLU_NURBS_ERROR36 (/var/folders/lw/4gjsgzwj1fz0b0_w6xh5585h0000gn/T/ghc12802_0/ghc_5.hscpp:195)
    GLU_NURBS_ERROR37 (/var/folders/lw/4gjsgzwj1fz0b0_w6xh5585h0000gn/T/ghc12802_0/ghc_5.hscpp:196)
    GLU_AUTO_LOAD_MATRIX (/var/folders/lw/4gjsgzwj1fz0b0_w6xh5585h0000gn/T/ghc12802_0/ghc_5.hscpp:199)
    GLU_CULLING (/var/folders/lw/4gjsgzwj1fz0b0_w6xh5585h0000gn/T/ghc12802_0/ghc_5.hscpp:200)
    GLU_SAMPLING_TOLERANCE (/var/folders/lw/4gjsgzwj1fz0b0_w6xh5585h0000gn/T/ghc12802_0/ghc_5.hscpp:201)
    GLU_DISPLAY_MODE (/var/folders/lw/4gjsgzwj1fz0b0_w6xh5585h0000gn/T/ghc12802_0/ghc_5.hscpp:202)
    GLU_PARAMETRIC_TOLERANCE (/var/folders/lw/4gjsgzwj1fz0b0_w6xh5585h0000gn/T/ghc12802_0/ghc_5.hscpp:203)
    GLU_SAMPLING_METHOD (/var/folders/lw/4gjsgzwj1fz0b0_w6xh5585h0000gn/T/ghc12802_0/ghc_5.hscpp:204)
    GLU_U_STEP (/var/folders/lw/4gjsgzwj1fz0b0_w6xh5585h0000gn/T/ghc12802_0/ghc_5.hscpp:205)
    GLU_V_STEP (/var/folders/lw/4gjsgzwj1fz0b0_w6xh5585h0000gn/T/ghc12802_0/ghc_5.hscpp:206)
    GLU_NURBS_MODE (/var/folders/lw/4gjsgzwj1fz0b0_w6xh5585h0000gn/T/ghc12802_0/ghc_5.hscpp:207)
    GLU_NURBS_MODE_EXT (/var/folders/lw/4gjsgzwj1fz0b0_w6xh5585h0000gn/T/ghc12802_0/ghc_5.hscpp:208)
    GLU_NURBS_TESSELLATOR (/var/folders/lw/4gjsgzwj1fz0b0_w6xh5585h0000gn/T/ghc12802_0/ghc_5.hscpp:209)
    GLU_NURBS_TESSELLATOR_EXT (/var/folders/lw/4gjsgzwj1fz0b0_w6xh5585h0000gn/T/ghc12802_0/ghc_5.hscpp:210)
    GLU_NURBS_RENDERER (/var/folders/lw/4gjsgzwj1fz0b0_w6xh5585h0000gn/T/ghc12802_0/ghc_5.hscpp:211)
    GLU_NURBS_RENDERER_EXT (/var/folders/lw/4gjsgzwj1fz0b0_w6xh5585h0000gn/T/ghc12802_0/ghc_5.hscpp:212)
    GLU_OBJECT_PARAMETRIC_ERROR (/var/folders/lw/4gjsgzwj1fz0b0_w6xh5585h0000gn/T/ghc12802_0/ghc_5.hscpp:215)
    GLU_OBJECT_PARAMETRIC_ERROR_EXT (/var/folders/lw/4gjsgzwj1fz0b0_w6xh5585h0000gn/T/ghc12802_0/ghc_5.hscpp:216)
    GLU_OBJECT_PATH_LENGTH (/var/folders/lw/4gjsgzwj1fz0b0_w6xh5585h0000gn/T/ghc12802_0/ghc_5.hscpp:217)
    GLU_OBJECT_PATH_LENGTH_EXT (/var/folders/lw/4gjsgzwj1fz0b0_w6xh5585h0000gn/T/ghc12802_0/ghc_5.hscpp:218)
    GLU_PATH_LENGTH (/var/folders/lw/4gjsgzwj1fz0b0_w6xh5585h0000gn/T/ghc12802_0/ghc_5.hscpp:219)
    GLU_PARAMETRIC_ERROR (/var/folders/lw/4gjsgzwj1fz0b0_w6xh5585h0000gn/T/ghc12802_0/ghc_5.hscpp:220)
    GLU_DOMAIN_DISTANCE (/var/folders/lw/4gjsgzwj1fz0b0_w6xh5585h0000gn/T/ghc12802_0/ghc_5.hscpp:221)
    GLU_MAP1_TRIM_2 (/var/folders/lw/4gjsgzwj1fz0b0_w6xh5585h0000gn/T/ghc12802_0/ghc_5.hscpp:224)
    GLU_MAP1_TRIM_3 (/var/folders/lw/4gjsgzwj1fz0b0_w6xh5585h0000gn/T/ghc12802_0/ghc_5.hscpp:225)
    GLU_POINT (/var/folders/lw/4gjsgzwj1fz0b0_w6xh5585h0000gn/T/ghc12802_0/ghc_5.hscpp:228)
    GLU_LINE (/var/folders/lw/4gjsgzwj1fz0b0_w6xh5585h0000gn/T/ghc12802_0/ghc_5.hscpp:229)
    GLU_FILL (/var/folders/lw/4gjsgzwj1fz0b0_w6xh5585h0000gn/T/ghc12802_0/ghc_5.hscpp:230)
    GLU_SILHOUETTE (/var/folders/lw/4gjsgzwj1fz0b0_w6xh5585h0000gn/T/ghc12802_0/ghc_5.hscpp:231)
    GLU_SMOOTH (/var/folders/lw/4gjsgzwj1fz0b0_w6xh5585h0000gn/T/ghc12802_0/ghc_5.hscpp:237)
    GLU_FLAT (/var/folders/lw/4gjsgzwj1fz0b0_w6xh5585h0000gn/T/ghc12802_0/ghc_5.hscpp:238)
    GLU_NONE (/var/folders/lw/4gjsgzwj1fz0b0_w6xh5585h0000gn/T/ghc12802_0/ghc_5.hscpp:239)
    GLU_OUTSIDE (/var/folders/lw/4gjsgzwj1fz0b0_w6xh5585h0000gn/T/ghc12802_0/ghc_5.hscpp:242)
    GLU_INSIDE (/var/folders/lw/4gjsgzwj1fz0b0_w6xh5585h0000gn/T/ghc12802_0/ghc_5.hscpp:243)
    GLU_TESS_BEGIN (/var/folders/lw/4gjsgzwj1fz0b0_w6xh5585h0000gn/T/ghc12802_0/ghc_5.hscpp:246)
    GLU_BEGIN (/var/folders/lw/4gjsgzwj1fz0b0_w6xh5585h0000gn/T/ghc12802_0/ghc_5.hscpp:247)
    GLU_TESS_VERTEX (/var/folders/lw/4gjsgzwj1fz0b0_w6xh5585h0000gn/T/ghc12802_0/ghc_5.hscpp:248)
    GLU_VERTEX (/var/folders/lw/4gjsgzwj1fz0b0_w6xh5585h0000gn/T/ghc12802_0/ghc_5.hscpp:249)
    GLU_TESS_END (/var/folders/lw/4gjsgzwj1fz0b0_w6xh5585h0000gn/T/ghc12802_0/ghc_5.hscpp:250)
    GLU_END (/var/folders/lw/4gjsgzwj1fz0b0_w6xh5585h0000gn/T/ghc12802_0/ghc_5.hscpp:251)
    GLU_TESS_ERROR (/var/folders/lw/4gjsgzwj1fz0b0_w6xh5585h0000gn/T/ghc12802_0/ghc_5.hscpp:252)
    GLU_TESS_EDGE_FLAG (/var/folders/lw/4gjsgzwj1fz0b0_w6xh5585h0000gn/T/ghc12802_0/ghc_5.hscpp:253)
    GLU_EDGE_FLAG (/var/folders/lw/4gjsgzwj1fz0b0_w6xh5585h0000gn/T/ghc12802_0/ghc_5.hscpp:254)
    GLU_TESS_COMBINE (/var/folders/lw/4gjsgzwj1fz0b0_w6xh5585h0000gn/T/ghc12802_0/ghc_5.hscpp:255)
    GLU_TESS_BEGIN_DATA (/var/folders/lw/4gjsgzwj1fz0b0_w6xh5585h0000gn/T/ghc12802_0/ghc_5.hscpp:256)
    GLU_TESS_VERTEX_DATA (/var/folders/lw/4gjsgzwj1fz0b0_w6xh5585h0000gn/T/ghc12802_0/ghc_5.hscpp:257)
    GLU_TESS_END_DATA (/var/folders/lw/4gjsgzwj1fz0b0_w6xh5585h0000gn/T/ghc12802_0/ghc_5.hscpp:258)
    GLU_TESS_ERROR_DATA (/var/folders/lw/4gjsgzwj1fz0b0_w6xh5585h0000gn/T/ghc12802_0/ghc_5.hscpp:259)
    GLU_TESS_EDGE_FLAG_DATA (/var/folders/lw/4gjsgzwj1fz0b0_w6xh5585h0000gn/T/ghc12802_0/ghc_5.hscpp:260)
    GLU_TESS_COMBINE_DATA (/var/folders/lw/4gjsgzwj1fz0b0_w6xh5585h0000gn/T/ghc12802_0/ghc_5.hscpp:261)
    GLU_CW (/var/folders/lw/4gjsgzwj1fz0b0_w6xh5585h0000gn/T/ghc12802_0/ghc_5.hscpp:264)
    GLU_CCW (/var/folders/lw/4gjsgzwj1fz0b0_w6xh5585h0000gn/T/ghc12802_0/ghc_5.hscpp:265)
    GLU_INTERIOR (/var/folders/lw/4gjsgzwj1fz0b0_w6xh5585h0000gn/T/ghc12802_0/ghc_5.hscpp:266)
    GLU_EXTERIOR (/var/folders/lw/4gjsgzwj1fz0b0_w6xh5585h0000gn/T/ghc12802_0/ghc_5.hscpp:267)
    GLU_UNKNOWN (/var/folders/lw/4gjsgzwj1fz0b0_w6xh5585h0000gn/T/ghc12802_0/ghc_5.hscpp:268)
    GLU_TESS_WINDING_RULE (/var/folders/lw/4gjsgzwj1fz0b0_w6xh5585h0000gn/T/ghc12802_0/ghc_5.hscpp:271)
    GLU_TESS_BOUNDARY_ONLY (/var/folders/lw/4gjsgzwj1fz0b0_w6xh5585h0000gn/T/ghc12802_0/ghc_5.hscpp:272)
    GLU_TESS_TOLERANCE (/var/folders/lw/4gjsgzwj1fz0b0_w6xh5585h0000gn/T/ghc12802_0/ghc_5.hscpp:273)
    GLU_TESS_ERROR1 (/var/folders/lw/4gjsgzwj1fz0b0_w6xh5585h0000gn/T/ghc12802_0/ghc_5.hscpp:276)
    GLU_TESS_ERROR2 (/var/folders/lw/4gjsgzwj1fz0b0_w6xh5585h0000gn/T/ghc12802_0/ghc_5.hscpp:277)
    GLU_TESS_ERROR3 (/var/folders/lw/4gjsgzwj1fz0b0_w6xh5585h0000gn/T/ghc12802_0/ghc_5.hscpp:278)
    GLU_TESS_ERROR4 (/var/folders/lw/4gjsgzwj1fz0b0_w6xh5585h0000gn/T/ghc12802_0/ghc_5.hscpp:279)
    GLU_TESS_ERROR5 (/var/folders/lw/4gjsgzwj1fz0b0_w6xh5585h0000gn/T/ghc12802_0/ghc_5.hscpp:280)
    GLU_TESS_ERROR6 (/var/folders/lw/4gjsgzwj1fz0b0_w6xh5585h0000gn/T/ghc12802_0/ghc_5.hscpp:281)
    GLU_TESS_ERROR7 (/var/folders/lw/4gjsgzwj1fz0b0_w6xh5585h0000gn/T/ghc12802_0/ghc_5.hscpp:282)
    GLU_TESS_ERROR8 (/var/folders/lw/4gjsgzwj1fz0b0_w6xh5585h0000gn/T/ghc12802_0/ghc_5.hscpp:283)
    GLU_TESS_MISSING_BEGIN_POLYGON (/var/folders/lw/4gjsgzwj1fz0b0_w6xh5585h0000gn/T/ghc12802_0/ghc_5.hscpp:284)
    GLU_TESS_MISSING_BEGIN_CONTOUR (/var/folders/lw/4gjsgzwj1fz0b0_w6xh5585h0000gn/T/ghc12802_0/ghc_5.hscpp:285)
    GLU_TESS_MISSING_END_POLYGON (/var/folders/lw/4gjsgzwj1fz0b0_w6xh5585h0000gn/T/ghc12802_0/ghc_5.hscpp:286)
    GLU_TESS_MISSING_END_CONTOUR (/var/folders/lw/4gjsgzwj1fz0b0_w6xh5585h0000gn/T/ghc12802_0/ghc_5.hscpp:287)
    GLU_TESS_COORD_TOO_LARGE (/var/folders/lw/4gjsgzwj1fz0b0_w6xh5585h0000gn/T/ghc12802_0/ghc_5.hscpp:288)
    GLU_TESS_NEED_COMBINE_CALLBACK (/var/folders/lw/4gjsgzwj1fz0b0_w6xh5585h0000gn/T/ghc12802_0/ghc_5.hscpp:289)
    GLU_TESS_WINDING_ODD (/var/folders/lw/4gjsgzwj1fz0b0_w6xh5585h0000gn/T/ghc12802_0/ghc_5.hscpp:292)
    GLU_TESS_WINDING_NONZERO (/var/folders/lw/4gjsgzwj1fz0b0_w6xh5585h0000gn/T/ghc12802_0/ghc_5.hscpp:293)
    GLU_TESS_WINDING_POSITIVE (/var/folders/lw/4gjsgzwj1fz0b0_w6xh5585h0000gn/T/ghc12802_0/ghc_5.hscpp:294)
    GLU_TESS_WINDING_NEGATIVE (/var/folders/lw/4gjsgzwj1fz0b0_w6xh5585h0000gn/T/ghc12802_0/ghc_5.hscpp:295)
    GLU_TESS_WINDING_ABS_GEQ_TWO (/var/folders/lw/4gjsgzwj1fz0b0_w6xh5585h0000gn/T/ghc12802_0/ghc_5.hscpp:296)
  25% (  1 /  4) in 'Graphics.GLU.TypesInternal'
  Missing documentation for:
    GLUnurbs (src/Graphics/GLU/TypesInternal.hs:18)
    GLUquadric (src/Graphics/GLU/TypesInternal.hs:20)
    GLUtesselator (src/Graphics/GLU/TypesInternal.hs:22)
  25% (  1 /  4) in 'Graphics.GLU.Types'
  Missing documentation for:
    GLUnurbs (src/Graphics/GLU/TypesInternal.hs:18)
    GLUquadric (src/Graphics/GLU/TypesInternal.hs:20)
    GLUtesselator (src/Graphics/GLU/TypesInternal.hs:22)
   2% (  1 / 60) in 'Graphics.GLU.Functions'
  Missing documentation for:
    gluBeginCurve (/var/folders/lw/4gjsgzwj1fz0b0_w6xh5585h0000gn/T/ghc12802_0/ghc_3.hscpp:190)
    gluBeginPolygon (/var/folders/lw/4gjsgzwj1fz0b0_w6xh5585h0000gn/T/ghc12802_0/ghc_3.hscpp:203)
    gluBeginSurface (/var/folders/lw/4gjsgzwj1fz0b0_w6xh5585h0000gn/T/ghc12802_0/ghc_3.hscpp:216)
    gluBeginTrim (/var/folders/lw/4gjsgzwj1fz0b0_w6xh5585h0000gn/T/ghc12802_0/ghc_3.hscpp:229)
    gluBuild1DMipmapLevels (/var/folders/lw/4gjsgzwj1fz0b0_w6xh5585h0000gn/T/ghc12802_0/ghc_3.hscpp:242)
    gluBuild1DMipmaps (/var/folders/lw/4gjsgzwj1fz0b0_w6xh5585h0000gn/T/ghc12802_0/ghc_3.hscpp:255)
    gluBuild2DMipmapLevels (/var/folders/lw/4gjsgzwj1fz0b0_w6xh5585h0000gn/T/ghc12802_0/ghc_3.hscpp:268)
    gluBuild2DMipmaps (/var/folders/lw/4gjsgzwj1fz0b0_w6xh5585h0000gn/T/ghc12802_0/ghc_3.hscpp:281)
    gluBuild3DMipmapLevels (/var/folders/lw/4gjsgzwj1fz0b0_w6xh5585h0000gn/T/ghc12802_0/ghc_3.hscpp:294)
    gluBuild3DMipmaps (/var/folders/lw/4gjsgzwj1fz0b0_w6xh5585h0000gn/T/ghc12802_0/ghc_3.hscpp:307)
    gluCheckExtension (/var/folders/lw/4gjsgzwj1fz0b0_w6xh5585h0000gn/T/ghc12802_0/ghc_3.hscpp:320)
    gluCylinder (/var/folders/lw/4gjsgzwj1fz0b0_w6xh5585h0000gn/T/ghc12802_0/ghc_3.hscpp:333)
    gluDeleteNurbsRenderer (/var/folders/lw/4gjsgzwj1fz0b0_w6xh5585h0000gn/T/ghc12802_0/ghc_3.hscpp:346)
    gluDeleteQuadric (/var/folders/lw/4gjsgzwj1fz0b0_w6xh5585h0000gn/T/ghc12802_0/ghc_3.hscpp:359)
    gluDeleteTess (/var/folders/lw/4gjsgzwj1fz0b0_w6xh5585h0000gn/T/ghc12802_0/ghc_3.hscpp:372)
    gluDisk (/var/folders/lw/4gjsgzwj1fz0b0_w6xh5585h0000gn/T/ghc12802_0/ghc_3.hscpp:385)
    gluEndCurve (/var/folders/lw/4gjsgzwj1fz0b0_w6xh5585h0000gn/T/ghc12802_0/ghc_3.hscpp:398)
    gluEndPolygon (/var/folders/lw/4gjsgzwj1fz0b0_w6xh5585h0000gn/T/ghc12802_0/ghc_3.hscpp:411)
    gluEndSurface (/var/folders/lw/4gjsgzwj1fz0b0_w6xh5585h0000gn/T/ghc12802_0/ghc_3.hscpp:424)
    gluEndTrim (/var/folders/lw/4gjsgzwj1fz0b0_w6xh5585h0000gn/T/ghc12802_0/ghc_3.hscpp:437)
    gluErrorString (/var/folders/lw/4gjsgzwj1fz0b0_w6xh5585h0000gn/T/ghc12802_0/ghc_3.hscpp:450)
    gluGetNurbsProperty (/var/folders/lw/4gjsgzwj1fz0b0_w6xh5585h0000gn/T/ghc12802_0/ghc_3.hscpp:463)
    gluGetString (/var/folders/lw/4gjsgzwj1fz0b0_w6xh5585h0000gn/T/ghc12802_0/ghc_3.hscpp:476)
    gluGetTessProperty (/var/folders/lw/4gjsgzwj1fz0b0_w6xh5585h0000gn/T/ghc12802_0/ghc_3.hscpp:489)
    gluLoadSamplingMatrices (/var/folders/lw/4gjsgzwj1fz0b0_w6xh5585h0000gn/T/ghc12802_0/ghc_3.hscpp:502)
    gluLookAt (/var/folders/lw/4gjsgzwj1fz0b0_w6xh5585h0000gn/T/ghc12802_0/ghc_3.hscpp:515)
    gluNewNurbsRenderer (/var/folders/lw/4gjsgzwj1fz0b0_w6xh5585h0000gn/T/ghc12802_0/ghc_3.hscpp:528)
    gluNewQuadric (/var/folders/lw/4gjsgzwj1fz0b0_w6xh5585h0000gn/T/ghc12802_0/ghc_3.hscpp:541)
    gluNewTess (/var/folders/lw/4gjsgzwj1fz0b0_w6xh5585h0000gn/T/ghc12802_0/ghc_3.hscpp:554)
    gluNextContour (/var/folders/lw/4gjsgzwj1fz0b0_w6xh5585h0000gn/T/ghc12802_0/ghc_3.hscpp:567)
    gluNurbsCallback (/var/folders/lw/4gjsgzwj1fz0b0_w6xh5585h0000gn/T/ghc12802_0/ghc_3.hscpp:580)
    gluNurbsCallbackData (/var/folders/lw/4gjsgzwj1fz0b0_w6xh5585h0000gn/T/ghc12802_0/ghc_3.hscpp:593)
    gluNurbsCallbackDataEXT (/var/folders/lw/4gjsgzwj1fz0b0_w6xh5585h0000gn/T/ghc12802_0/ghc_3.hscpp:606)
    gluNurbsCurve (/var/folders/lw/4gjsgzwj1fz0b0_w6xh5585h0000gn/T/ghc12802_0/ghc_3.hscpp:619)
    gluNurbsProperty (/var/folders/lw/4gjsgzwj1fz0b0_w6xh5585h0000gn/T/ghc12802_0/ghc_3.hscpp:632)
    gluNurbsSurface (/var/folders/lw/4gjsgzwj1fz0b0_w6xh5585h0000gn/T/ghc12802_0/ghc_3.hscpp:645)
    gluOrtho2D (/var/folders/lw/4gjsgzwj1fz0b0_w6xh5585h0000gn/T/ghc12802_0/ghc_3.hscpp:658)
    gluPartialDisk (/var/folders/lw/4gjsgzwj1fz0b0_w6xh5585h0000gn/T/ghc12802_0/ghc_3.hscpp:671)
    gluPerspective (/var/folders/lw/4gjsgzwj1fz0b0_w6xh5585h0000gn/T/ghc12802_0/ghc_3.hscpp:684)
    gluPickMatrix (/var/folders/lw/4gjsgzwj1fz0b0_w6xh5585h0000gn/T/ghc12802_0/ghc_3.hscpp:697)
    gluProject (/var/folders/lw/4gjsgzwj1fz0b0_w6xh5585h0000gn/T/ghc12802_0/ghc_3.hscpp:710)
    gluPwlCurve (/var/folders/lw/4gjsgzwj1fz0b0_w6xh5585h0000gn/T/ghc12802_0/ghc_3.hscpp:723)
    gluQuadricCallback (/var/folders/lw/4gjsgzwj1fz0b0_w6xh5585h0000gn/T/ghc12802_0/ghc_3.hscpp:736)
    gluQuadricDrawStyle (/var/folders/lw/4gjsgzwj1fz0b0_w6xh5585h0000gn/T/ghc12802_0/ghc_3.hscpp:749)
    gluQuadricNormals (/var/folders/lw/4gjsgzwj1fz0b0_w6xh5585h0000gn/T/ghc12802_0/ghc_3.hscpp:762)
    gluQuadricOrientation (/var/folders/lw/4gjsgzwj1fz0b0_w6xh5585h0000gn/T/ghc12802_0/ghc_3.hscpp:775)
    gluQuadricTexture (/var/folders/lw/4gjsgzwj1fz0b0_w6xh5585h0000gn/T/ghc12802_0/ghc_3.hscpp:788)
    gluScaleImage (/var/folders/lw/4gjsgzwj1fz0b0_w6xh5585h0000gn/T/ghc12802_0/ghc_3.hscpp:801)
    gluSphere (/var/folders/lw/4gjsgzwj1fz0b0_w6xh5585h0000gn/T/ghc12802_0/ghc_3.hscpp:814)
    gluTessBeginContour (/var/folders/lw/4gjsgzwj1fz0b0_w6xh5585h0000gn/T/ghc12802_0/ghc_3.hscpp:827)
    gluTessBeginPolygon (/var/folders/lw/4gjsgzwj1fz0b0_w6xh5585h0000gn/T/ghc12802_0/ghc_3.hscpp:840)
    gluTessCallback (/var/folders/lw/4gjsgzwj1fz0b0_w6xh5585h0000gn/T/ghc12802_0/ghc_3.hscpp:853)
    gluTessEndContour (/var/folders/lw/4gjsgzwj1fz0b0_w6xh5585h0000gn/T/ghc12802_0/ghc_3.hscpp:866)
    gluTessEndPolygon (/var/folders/lw/4gjsgzwj1fz0b0_w6xh5585h0000gn/T/ghc12802_0/ghc_3.hscpp:879)
    gluTessNormal (/var/folders/lw/4gjsgzwj1fz0b0_w6xh5585h0000gn/T/ghc12802_0/ghc_3.hscpp:892)
    gluTessProperty (/var/folders/lw/4gjsgzwj1fz0b0_w6xh5585h0000gn/T/ghc12802_0/ghc_3.hscpp:905)
    gluTessVertex (/var/folders/lw/4gjsgzwj1fz0b0_w6xh5585h0000gn/T/ghc12802_0/ghc_3.hscpp:918)
    gluUnProject (/var/folders/lw/4gjsgzwj1fz0b0_w6xh5585h0000gn/T/ghc12802_0/ghc_3.hscpp:931)
    gluUnProject4 (/var/folders/lw/4gjsgzwj1fz0b0_w6xh5585h0000gn/T/ghc12802_0/ghc_3.hscpp:944)
 100% (  5 /  5) in 'Graphics.GLU'
Documentation created: dist/dist-sandbox-f7212ff3/doc/html/GLURaw/index.html
Installing library in /Users/callanmcgill/Documents/Haskell/cellularAutomata/.cabal-sandbox/lib/x86_64-osx-ghc-8.2.1/GLURaw-2.0.0.3-8JLLoTDEv9VB0E4RGuuu22
cabal: Leaving directory '/var/folders/lw/4gjsgzwj1fz0b0_w6xh5585h0000gn/T/cabal-tmp-3851/GLURaw-2.0.0.3'
