cabal: Entering directory '/var/folders/lw/4gjsgzwj1fz0b0_w6xh5585h0000gn/T/cabal-tmp-3851/GLUT-2.7.0.12'
Configuring GLUT-2.7.0.12...
Preprocessing library for GLUT-2.7.0.12..
Building library for GLUT-2.7.0.12..
[ 1 of 24] Compiling Graphics.UI.GLUT.Debugging ( src/Graphics/UI/GLUT/Debugging.hs, dist/dist-sandbox-f7212ff3/build/Graphics/UI/GLUT/Debugging.o )
[ 2 of 24] Compiling Graphics.UI.GLUT.Raw.Callbacks ( src/Graphics/UI/GLUT/Raw/Callbacks.hs, dist/dist-sandbox-f7212ff3/build/Graphics/UI/GLUT/Raw/Callbacks.o )
[ 3 of 24] Compiling Graphics.UI.GLUT.Raw.Fonts ( src/Graphics/UI/GLUT/Raw/Fonts.hs, dist/dist-sandbox-f7212ff3/build/Graphics/UI/GLUT/Raw/Fonts.o )
[ 4 of 24] Compiling Graphics.UI.GLUT.Raw.Functions ( src/Graphics/UI/GLUT/Raw/Functions.hs, dist/dist-sandbox-f7212ff3/build/Graphics/UI/GLUT/Raw/Functions.o )
[ 5 of 24] Compiling Graphics.UI.GLUT.Raw.Tokens ( src/Graphics/UI/GLUT/Raw/Tokens.hs, dist/dist-sandbox-f7212ff3/build/Graphics/UI/GLUT/Raw/Tokens.o )
[ 6 of 24] Compiling Graphics.UI.GLUT.Raw ( src/Graphics/UI/GLUT/Raw.hs, dist/dist-sandbox-f7212ff3/build/Graphics/UI/GLUT/Raw.o )
[ 7 of 24] Compiling Graphics.UI.GLUT.QueryUtils ( src/Graphics/UI/GLUT/QueryUtils.hs, dist/dist-sandbox-f7212ff3/build/Graphics/UI/GLUT/QueryUtils.o )
[ 8 of 24] Compiling Graphics.UI.GLUT.Objects ( src/Graphics/UI/GLUT/Objects.hs, dist/dist-sandbox-f7212ff3/build/Graphics/UI/GLUT/Objects.o )
[ 9 of 24] Compiling Graphics.UI.GLUT.Fonts ( src/Graphics/UI/GLUT/Fonts.hs, dist/dist-sandbox-f7212ff3/build/Graphics/UI/GLUT/Fonts.o )
[10 of 24] Compiling Graphics.UI.GLUT.DeviceControl ( src/Graphics/UI/GLUT/DeviceControl.hs, dist/dist-sandbox-f7212ff3/build/Graphics/UI/GLUT/DeviceControl.o )
[11 of 24] Compiling Graphics.UI.GLUT.Begin ( src/Graphics/UI/GLUT/Begin.hs, dist/dist-sandbox-f7212ff3/build/Graphics/UI/GLUT/Begin.o )
[12 of 24] Compiling Graphics.UI.GLUT.Types ( src/Graphics/UI/GLUT/Types.hs, dist/dist-sandbox-f7212ff3/build/Graphics/UI/GLUT/Types.o )
[13 of 24] Compiling Graphics.UI.GLUT.Overlay ( src/Graphics/UI/GLUT/Overlay.hs, dist/dist-sandbox-f7212ff3/build/Graphics/UI/GLUT/Overlay.o )
[14 of 24] Compiling Graphics.UI.GLUT.Initialization ( src/Graphics/UI/GLUT/Initialization.hs, dist/dist-sandbox-f7212ff3/build/Graphics/UI/GLUT/Initialization.o )
[15 of 24] Compiling Graphics.UI.GLUT.GameMode ( src/Graphics/UI/GLUT/GameMode.hs, dist/dist-sandbox-f7212ff3/build/Graphics/UI/GLUT/GameMode.o )
[16 of 24] Compiling Graphics.UI.GLUT.Colormap ( src/Graphics/UI/GLUT/Colormap.hs, dist/dist-sandbox-f7212ff3/build/Graphics/UI/GLUT/Colormap.o )
[17 of 24] Compiling Graphics.UI.GLUT.Window ( src/Graphics/UI/GLUT/Window.hs, dist/dist-sandbox-f7212ff3/build/Graphics/UI/GLUT/Window.o )
[18 of 24] Compiling Graphics.UI.GLUT.State ( src/Graphics/UI/GLUT/State.hs, dist/dist-sandbox-f7212ff3/build/Graphics/UI/GLUT/State.o )
[19 of 24] Compiling Graphics.UI.GLUT.Callbacks.Registration ( src/Graphics/UI/GLUT/Callbacks/Registration.hs, dist/dist-sandbox-f7212ff3/build/Graphics/UI/GLUT/Callbacks/Registration.o )
[20 of 24] Compiling Graphics.UI.GLUT.Menu ( src/Graphics/UI/GLUT/Menu.hs, dist/dist-sandbox-f7212ff3/build/Graphics/UI/GLUT/Menu.o )
[21 of 24] Compiling Graphics.UI.GLUT.Callbacks.Window ( src/Graphics/UI/GLUT/Callbacks/Window.hs, dist/dist-sandbox-f7212ff3/build/Graphics/UI/GLUT/Callbacks/Window.o )
[22 of 24] Compiling Graphics.UI.GLUT.Callbacks.Global ( src/Graphics/UI/GLUT/Callbacks/Global.hs, dist/dist-sandbox-f7212ff3/build/Graphics/UI/GLUT/Callbacks/Global.o )
[23 of 24] Compiling Graphics.UI.GLUT.Callbacks ( src/Graphics/UI/GLUT/Callbacks.hs, dist/dist-sandbox-f7212ff3/build/Graphics/UI/GLUT/Callbacks.o )
[24 of 24] Compiling Graphics.UI.GLUT ( src/Graphics/UI/GLUT.hs, dist/dist-sandbox-f7212ff3/build/Graphics/UI/GLUT.o )
[ 1 of 24] Compiling Graphics.UI.GLUT.Debugging ( src/Graphics/UI/GLUT/Debugging.hs, dist/dist-sandbox-f7212ff3/build/Graphics/UI/GLUT/Debugging.p_o )
[ 2 of 24] Compiling Graphics.UI.GLUT.Raw.Callbacks ( src/Graphics/UI/GLUT/Raw/Callbacks.hs, dist/dist-sandbox-f7212ff3/build/Graphics/UI/GLUT/Raw/Callbacks.p_o )
[ 3 of 24] Compiling Graphics.UI.GLUT.Raw.Fonts ( src/Graphics/UI/GLUT/Raw/Fonts.hs, dist/dist-sandbox-f7212ff3/build/Graphics/UI/GLUT/Raw/Fonts.p_o )
[ 4 of 24] Compiling Graphics.UI.GLUT.Raw.Functions ( src/Graphics/UI/GLUT/Raw/Functions.hs, dist/dist-sandbox-f7212ff3/build/Graphics/UI/GLUT/Raw/Functions.p_o )
[ 5 of 24] Compiling Graphics.UI.GLUT.Raw.Tokens ( src/Graphics/UI/GLUT/Raw/Tokens.hs, dist/dist-sandbox-f7212ff3/build/Graphics/UI/GLUT/Raw/Tokens.p_o )
[ 6 of 24] Compiling Graphics.UI.GLUT.Raw ( src/Graphics/UI/GLUT/Raw.hs, dist/dist-sandbox-f7212ff3/build/Graphics/UI/GLUT/Raw.p_o )
[ 7 of 24] Compiling Graphics.UI.GLUT.QueryUtils ( src/Graphics/UI/GLUT/QueryUtils.hs, dist/dist-sandbox-f7212ff3/build/Graphics/UI/GLUT/QueryUtils.p_o )
[ 8 of 24] Compiling Graphics.UI.GLUT.Objects ( src/Graphics/UI/GLUT/Objects.hs, dist/dist-sandbox-f7212ff3/build/Graphics/UI/GLUT/Objects.p_o )
[ 9 of 24] Compiling Graphics.UI.GLUT.Fonts ( src/Graphics/UI/GLUT/Fonts.hs, dist/dist-sandbox-f7212ff3/build/Graphics/UI/GLUT/Fonts.p_o )
[10 of 24] Compiling Graphics.UI.GLUT.DeviceControl ( src/Graphics/UI/GLUT/DeviceControl.hs, dist/dist-sandbox-f7212ff3/build/Graphics/UI/GLUT/DeviceControl.p_o )
[11 of 24] Compiling Graphics.UI.GLUT.Begin ( src/Graphics/UI/GLUT/Begin.hs, dist/dist-sandbox-f7212ff3/build/Graphics/UI/GLUT/Begin.p_o )
[12 of 24] Compiling Graphics.UI.GLUT.Types ( src/Graphics/UI/GLUT/Types.hs, dist/dist-sandbox-f7212ff3/build/Graphics/UI/GLUT/Types.p_o )
[13 of 24] Compiling Graphics.UI.GLUT.Overlay ( src/Graphics/UI/GLUT/Overlay.hs, dist/dist-sandbox-f7212ff3/build/Graphics/UI/GLUT/Overlay.p_o )
[14 of 24] Compiling Graphics.UI.GLUT.Initialization ( src/Graphics/UI/GLUT/Initialization.hs, dist/dist-sandbox-f7212ff3/build/Graphics/UI/GLUT/Initialization.p_o )
[15 of 24] Compiling Graphics.UI.GLUT.GameMode ( src/Graphics/UI/GLUT/GameMode.hs, dist/dist-sandbox-f7212ff3/build/Graphics/UI/GLUT/GameMode.p_o )
[16 of 24] Compiling Graphics.UI.GLUT.Colormap ( src/Graphics/UI/GLUT/Colormap.hs, dist/dist-sandbox-f7212ff3/build/Graphics/UI/GLUT/Colormap.p_o )
[17 of 24] Compiling Graphics.UI.GLUT.Window ( src/Graphics/UI/GLUT/Window.hs, dist/dist-sandbox-f7212ff3/build/Graphics/UI/GLUT/Window.p_o )
[18 of 24] Compiling Graphics.UI.GLUT.State ( src/Graphics/UI/GLUT/State.hs, dist/dist-sandbox-f7212ff3/build/Graphics/UI/GLUT/State.p_o )
[19 of 24] Compiling Graphics.UI.GLUT.Callbacks.Registration ( src/Graphics/UI/GLUT/Callbacks/Registration.hs, dist/dist-sandbox-f7212ff3/build/Graphics/UI/GLUT/Callbacks/Registration.p_o )
[20 of 24] Compiling Graphics.UI.GLUT.Menu ( src/Graphics/UI/GLUT/Menu.hs, dist/dist-sandbox-f7212ff3/build/Graphics/UI/GLUT/Menu.p_o )
[21 of 24] Compiling Graphics.UI.GLUT.Callbacks.Window ( src/Graphics/UI/GLUT/Callbacks/Window.hs, dist/dist-sandbox-f7212ff3/build/Graphics/UI/GLUT/Callbacks/Window.p_o )
[22 of 24] Compiling Graphics.UI.GLUT.Callbacks.Global ( src/Graphics/UI/GLUT/Callbacks/Global.hs, dist/dist-sandbox-f7212ff3/build/Graphics/UI/GLUT/Callbacks/Global.p_o )
[23 of 24] Compiling Graphics.UI.GLUT.Callbacks ( src/Graphics/UI/GLUT/Callbacks.hs, dist/dist-sandbox-f7212ff3/build/Graphics/UI/GLUT/Callbacks.p_o )
[24 of 24] Compiling Graphics.UI.GLUT ( src/Graphics/UI/GLUT.hs, dist/dist-sandbox-f7212ff3/build/Graphics/UI/GLUT.p_o )
Preprocessing library for GLUT-2.7.0.12..
Running Haddock on library for GLUT-2.7.0.12..
Haddock coverage:
 100% (  2 /  2) in 'Graphics.UI.GLUT.Debugging'
   1% (  1 / 75) in 'Graphics.UI.GLUT.Raw.Callbacks'
  Missing documentation for:
    AppStatusFunc (src/Graphics/UI/GLUT/Raw/Callbacks.hs:59)
    makeAppStatusFunc (src/Graphics/UI/GLUT/Raw/Callbacks.hs:61)
    ButtonBoxFunc (src/Graphics/UI/GLUT/Raw/Callbacks.hs:64)
    makeButtonBoxFunc (src/Graphics/UI/GLUT/Raw/Callbacks.hs:66)
    CloseFunc (src/Graphics/UI/GLUT/Raw/Callbacks.hs:69)
    makeCloseFunc (src/Graphics/UI/GLUT/Raw/Callbacks.hs:71)
    DialsFunc (src/Graphics/UI/GLUT/Raw/Callbacks.hs:74)
    makeDialsFunc (src/Graphics/UI/GLUT/Raw/Callbacks.hs:76)
    DisplayFunc (src/Graphics/UI/GLUT/Raw/Callbacks.hs:79)
    makeDisplayFunc (src/Graphics/UI/GLUT/Raw/Callbacks.hs:81)
    EntryFunc (src/Graphics/UI/GLUT/Raw/Callbacks.hs:84)
    makeEntryFunc (src/Graphics/UI/GLUT/Raw/Callbacks.hs:86)
    IdleFunc (src/Graphics/UI/GLUT/Raw/Callbacks.hs:89)
    makeIdleFunc (src/Graphics/UI/GLUT/Raw/Callbacks.hs:91)
    InitContextFunc (src/Graphics/UI/GLUT/Raw/Callbacks.hs:94)
    makeInitContextFunc (src/Graphics/UI/GLUT/Raw/Callbacks.hs:96)
    JoystickFunc (src/Graphics/UI/GLUT/Raw/Callbacks.hs:99)
    makeJoystickFunc (src/Graphics/UI/GLUT/Raw/Callbacks.hs:101)
    KeyboardFunc (src/Graphics/UI/GLUT/Raw/Callbacks.hs:104)
    makeKeyboardFunc (src/Graphics/UI/GLUT/Raw/Callbacks.hs:106)
    KeyboardUpFunc (src/Graphics/UI/GLUT/Raw/Callbacks.hs:109)
    makeKeyboardUpFunc (src/Graphics/UI/GLUT/Raw/Callbacks.hs:111)
    MenuDestroyFunc (src/Graphics/UI/GLUT/Raw/Callbacks.hs:114)
    makeMenuDestroyFunc (src/Graphics/UI/GLUT/Raw/Callbacks.hs:116)
    MenuFunc (src/Graphics/UI/GLUT/Raw/Callbacks.hs:119)
    makeMenuFunc (src/Graphics/UI/GLUT/Raw/Callbacks.hs:121)
    MenuStateFunc (src/Graphics/UI/GLUT/Raw/Callbacks.hs:124)
    makeMenuStateFunc (src/Graphics/UI/GLUT/Raw/Callbacks.hs:126)
    MenuStatusFunc (src/Graphics/UI/GLUT/Raw/Callbacks.hs:129)
    makeMenuStatusFunc (src/Graphics/UI/GLUT/Raw/Callbacks.hs:131)
    MotionFunc (src/Graphics/UI/GLUT/Raw/Callbacks.hs:134)
    makeMotionFunc (src/Graphics/UI/GLUT/Raw/Callbacks.hs:136)
    MouseFunc (src/Graphics/UI/GLUT/Raw/Callbacks.hs:139)
    makeMouseFunc (src/Graphics/UI/GLUT/Raw/Callbacks.hs:141)
    MouseWheelFunc (src/Graphics/UI/GLUT/Raw/Callbacks.hs:144)
    makeMouseWheelFunc (src/Graphics/UI/GLUT/Raw/Callbacks.hs:146)
    MultiButtonFunc (src/Graphics/UI/GLUT/Raw/Callbacks.hs:149)
    makeMultiButtonFunc (src/Graphics/UI/GLUT/Raw/Callbacks.hs:151)
    MultiEntryFunc (src/Graphics/UI/GLUT/Raw/Callbacks.hs:154)
    makeMultiEntryFunc (src/Graphics/UI/GLUT/Raw/Callbacks.hs:156)
    MultiMotionFunc (src/Graphics/UI/GLUT/Raw/Callbacks.hs:159)
    makeMultiMotionFunc (src/Graphics/UI/GLUT/Raw/Callbacks.hs:161)
    MultiPassiveFunc (src/Graphics/UI/GLUT/Raw/Callbacks.hs:164)
    makeMultiPassiveFunc (src/Graphics/UI/GLUT/Raw/Callbacks.hs:166)
    OverlayDisplayFunc (src/Graphics/UI/GLUT/Raw/Callbacks.hs:169)
    makeOverlayDisplayFunc (src/Graphics/UI/GLUT/Raw/Callbacks.hs:171)
    PassiveMotionFunc (src/Graphics/UI/GLUT/Raw/Callbacks.hs:174)
    makePassiveMotionFunc (src/Graphics/UI/GLUT/Raw/Callbacks.hs:176)
    PositionFunc (src/Graphics/UI/GLUT/Raw/Callbacks.hs:179)
    makePositionFunc (src/Graphics/UI/GLUT/Raw/Callbacks.hs:181)
    ReshapeFunc (src/Graphics/UI/GLUT/Raw/Callbacks.hs:184)
    makeReshapeFunc (src/Graphics/UI/GLUT/Raw/Callbacks.hs:186)
    SpaceballButtonFunc (src/Graphics/UI/GLUT/Raw/Callbacks.hs:189)
    makeSpaceballButtonFunc (src/Graphics/UI/GLUT/Raw/Callbacks.hs:191)
    SpaceballMotionFunc (src/Graphics/UI/GLUT/Raw/Callbacks.hs:194)
    makeSpaceballMotionFunc (src/Graphics/UI/GLUT/Raw/Callbacks.hs:196)
    SpaceballRotateFunc (src/Graphics/UI/GLUT/Raw/Callbacks.hs:199)
    makeSpaceballRotateFunc (src/Graphics/UI/GLUT/Raw/Callbacks.hs:201)
    SpecialFunc (src/Graphics/UI/GLUT/Raw/Callbacks.hs:204)
    makeSpecialFunc (src/Graphics/UI/GLUT/Raw/Callbacks.hs:206)
    SpecialUpFunc (src/Graphics/UI/GLUT/Raw/Callbacks.hs:209)
    makeSpecialUpFunc (src/Graphics/UI/GLUT/Raw/Callbacks.hs:211)
    TabletButtonFunc (src/Graphics/UI/GLUT/Raw/Callbacks.hs:214)
    makeTabletButtonFunc (src/Graphics/UI/GLUT/Raw/Callbacks.hs:216)
    TabletMotionFunc (src/Graphics/UI/GLUT/Raw/Callbacks.hs:219)
    makeTabletMotionFunc (src/Graphics/UI/GLUT/Raw/Callbacks.hs:221)
    TimerFunc (src/Graphics/UI/GLUT/Raw/Callbacks.hs:224)
    makeTimerFunc (src/Graphics/UI/GLUT/Raw/Callbacks.hs:226)
    VisibilityFunc (src/Graphics/UI/GLUT/Raw/Callbacks.hs:229)
    makeVisibilityFunc (src/Graphics/UI/GLUT/Raw/Callbacks.hs:231)
    WMCloseFunc (src/Graphics/UI/GLUT/Raw/Callbacks.hs:234)
    makeWMCloseFunc (src/Graphics/UI/GLUT/Raw/Callbacks.hs:236)
    WindowStatusFunc (src/Graphics/UI/GLUT/Raw/Callbacks.hs:239)
    makeWindowStatusFunc (src/Graphics/UI/GLUT/Raw/Callbacks.hs:241)
  43% (  3 /  7) in 'Graphics.UI.GLUT.Raw.Fonts'
  Missing documentation for:
    GLUTbitmapFont (src/Graphics/UI/GLUT/Raw/Fonts.hs:55)
    marshalBitmapFont (src/Graphics/UI/GLUT/Raw/Fonts.hs:57)
    GLUTstrokeFont (src/Graphics/UI/GLUT/Raw/Fonts.hs:84)
    marshalStrokeFont (src/Graphics/UI/GLUT/Raw/Fonts.hs:86)
   1% (  1 /160) in 'Graphics.UI.GLUT.Raw.Functions'
  Missing documentation for:
    isKnown (/var/folders/lw/4gjsgzwj1fz0b0_w6xh5585h0000gn/T/ghc14715_0/ghc_1.hscpp:321)
    glutAddMenuEntry (/var/folders/lw/4gjsgzwj1fz0b0_w6xh5585h0000gn/T/ghc14715_0/ghc_1.hscpp:329)
    glutAddSubMenu (/var/folders/lw/4gjsgzwj1fz0b0_w6xh5585h0000gn/T/ghc14715_0/ghc_1.hscpp:342)
    glutAppStatusFunc (/var/folders/lw/4gjsgzwj1fz0b0_w6xh5585h0000gn/T/ghc14715_0/ghc_1.hscpp:355)
    glutAttachMenu (/var/folders/lw/4gjsgzwj1fz0b0_w6xh5585h0000gn/T/ghc14715_0/ghc_1.hscpp:368)
    glutBitmapCharacter (/var/folders/lw/4gjsgzwj1fz0b0_w6xh5585h0000gn/T/ghc14715_0/ghc_1.hscpp:381)
    glutBitmapHeight (/var/folders/lw/4gjsgzwj1fz0b0_w6xh5585h0000gn/T/ghc14715_0/ghc_1.hscpp:394)
    glutBitmapLength (/var/folders/lw/4gjsgzwj1fz0b0_w6xh5585h0000gn/T/ghc14715_0/ghc_1.hscpp:407)
    glutBitmapString (/var/folders/lw/4gjsgzwj1fz0b0_w6xh5585h0000gn/T/ghc14715_0/ghc_1.hscpp:420)
    glutBitmapWidth (/var/folders/lw/4gjsgzwj1fz0b0_w6xh5585h0000gn/T/ghc14715_0/ghc_1.hscpp:433)
    glutButtonBoxFunc (/var/folders/lw/4gjsgzwj1fz0b0_w6xh5585h0000gn/T/ghc14715_0/ghc_1.hscpp:446)
    glutChangeToMenuEntry (/var/folders/lw/4gjsgzwj1fz0b0_w6xh5585h0000gn/T/ghc14715_0/ghc_1.hscpp:459)
    glutChangeToSubMenu (/var/folders/lw/4gjsgzwj1fz0b0_w6xh5585h0000gn/T/ghc14715_0/ghc_1.hscpp:472)
    glutCloseFunc (/var/folders/lw/4gjsgzwj1fz0b0_w6xh5585h0000gn/T/ghc14715_0/ghc_1.hscpp:485)
    glutCopyColormap (/var/folders/lw/4gjsgzwj1fz0b0_w6xh5585h0000gn/T/ghc14715_0/ghc_1.hscpp:498)
    glutCreateMenu (/var/folders/lw/4gjsgzwj1fz0b0_w6xh5585h0000gn/T/ghc14715_0/ghc_1.hscpp:511)
    glutCreateSubWindow (/var/folders/lw/4gjsgzwj1fz0b0_w6xh5585h0000gn/T/ghc14715_0/ghc_1.hscpp:524)
    glutCreateWindow (/var/folders/lw/4gjsgzwj1fz0b0_w6xh5585h0000gn/T/ghc14715_0/ghc_1.hscpp:537)
    glutDestroyMenu (/var/folders/lw/4gjsgzwj1fz0b0_w6xh5585h0000gn/T/ghc14715_0/ghc_1.hscpp:550)
    glutDestroyWindow (/var/folders/lw/4gjsgzwj1fz0b0_w6xh5585h0000gn/T/ghc14715_0/ghc_1.hscpp:563)
    glutDetachMenu (/var/folders/lw/4gjsgzwj1fz0b0_w6xh5585h0000gn/T/ghc14715_0/ghc_1.hscpp:576)
    glutDeviceGet (/var/folders/lw/4gjsgzwj1fz0b0_w6xh5585h0000gn/T/ghc14715_0/ghc_1.hscpp:589)
    glutDialsFunc (/var/folders/lw/4gjsgzwj1fz0b0_w6xh5585h0000gn/T/ghc14715_0/ghc_1.hscpp:602)
    glutDisplayFunc (/var/folders/lw/4gjsgzwj1fz0b0_w6xh5585h0000gn/T/ghc14715_0/ghc_1.hscpp:615)
    glutEnterGameMode (/var/folders/lw/4gjsgzwj1fz0b0_w6xh5585h0000gn/T/ghc14715_0/ghc_1.hscpp:628)
    glutEntryFunc (/var/folders/lw/4gjsgzwj1fz0b0_w6xh5585h0000gn/T/ghc14715_0/ghc_1.hscpp:641)
    glutEstablishOverlay (/var/folders/lw/4gjsgzwj1fz0b0_w6xh5585h0000gn/T/ghc14715_0/ghc_1.hscpp:654)
    glutExit (/var/folders/lw/4gjsgzwj1fz0b0_w6xh5585h0000gn/T/ghc14715_0/ghc_1.hscpp:667)
    glutExtensionSupported (/var/folders/lw/4gjsgzwj1fz0b0_w6xh5585h0000gn/T/ghc14715_0/ghc_1.hscpp:680)
    glutForceJoystickFunc (/var/folders/lw/4gjsgzwj1fz0b0_w6xh5585h0000gn/T/ghc14715_0/ghc_1.hscpp:693)
    glutFullScreen (/var/folders/lw/4gjsgzwj1fz0b0_w6xh5585h0000gn/T/ghc14715_0/ghc_1.hscpp:706)
    glutFullScreenToggle (/var/folders/lw/4gjsgzwj1fz0b0_w6xh5585h0000gn/T/ghc14715_0/ghc_1.hscpp:719)
    glutGameModeGet (/var/folders/lw/4gjsgzwj1fz0b0_w6xh5585h0000gn/T/ghc14715_0/ghc_1.hscpp:732)
    glutGameModeString (/var/folders/lw/4gjsgzwj1fz0b0_w6xh5585h0000gn/T/ghc14715_0/ghc_1.hscpp:745)
    glutGet (/var/folders/lw/4gjsgzwj1fz0b0_w6xh5585h0000gn/T/ghc14715_0/ghc_1.hscpp:758)
    glutGetColor (/var/folders/lw/4gjsgzwj1fz0b0_w6xh5585h0000gn/T/ghc14715_0/ghc_1.hscpp:771)
    glutGetMenu (/var/folders/lw/4gjsgzwj1fz0b0_w6xh5585h0000gn/T/ghc14715_0/ghc_1.hscpp:784)
    glutGetMenuData (/var/folders/lw/4gjsgzwj1fz0b0_w6xh5585h0000gn/T/ghc14715_0/ghc_1.hscpp:797)
    glutGetModeValues (/var/folders/lw/4gjsgzwj1fz0b0_w6xh5585h0000gn/T/ghc14715_0/ghc_1.hscpp:810)
    glutGetModifiers (/var/folders/lw/4gjsgzwj1fz0b0_w6xh5585h0000gn/T/ghc14715_0/ghc_1.hscpp:823)
    glutGetProcAddress (/var/folders/lw/4gjsgzwj1fz0b0_w6xh5585h0000gn/T/ghc14715_0/ghc_1.hscpp:836)
    glutGetWindow (/var/folders/lw/4gjsgzwj1fz0b0_w6xh5585h0000gn/T/ghc14715_0/ghc_1.hscpp:849)
    glutGetWindowData (/var/folders/lw/4gjsgzwj1fz0b0_w6xh5585h0000gn/T/ghc14715_0/ghc_1.hscpp:862)
    glutHideOverlay (/var/folders/lw/4gjsgzwj1fz0b0_w6xh5585h0000gn/T/ghc14715_0/ghc_1.hscpp:875)
    glutHideWindow (/var/folders/lw/4gjsgzwj1fz0b0_w6xh5585h0000gn/T/ghc14715_0/ghc_1.hscpp:888)
    glutIconifyWindow (/var/folders/lw/4gjsgzwj1fz0b0_w6xh5585h0000gn/T/ghc14715_0/ghc_1.hscpp:901)
    glutIdleFunc (/var/folders/lw/4gjsgzwj1fz0b0_w6xh5585h0000gn/T/ghc14715_0/ghc_1.hscpp:914)
    glutIgnoreKeyRepeat (/var/folders/lw/4gjsgzwj1fz0b0_w6xh5585h0000gn/T/ghc14715_0/ghc_1.hscpp:927)
    glutInit (/var/folders/lw/4gjsgzwj1fz0b0_w6xh5585h0000gn/T/ghc14715_0/ghc_1.hscpp:940)
    glutInitContextFlags (/var/folders/lw/4gjsgzwj1fz0b0_w6xh5585h0000gn/T/ghc14715_0/ghc_1.hscpp:953)
    glutInitContextFunc (/var/folders/lw/4gjsgzwj1fz0b0_w6xh5585h0000gn/T/ghc14715_0/ghc_1.hscpp:966)
    glutInitContextProfile (/var/folders/lw/4gjsgzwj1fz0b0_w6xh5585h0000gn/T/ghc14715_0/ghc_1.hscpp:979)
    glutInitContextVersion (/var/folders/lw/4gjsgzwj1fz0b0_w6xh5585h0000gn/T/ghc14715_0/ghc_1.hscpp:992)
    glutInitDisplayMode (/var/folders/lw/4gjsgzwj1fz0b0_w6xh5585h0000gn/T/ghc14715_0/ghc_1.hscpp:1005)
    glutInitDisplayString (/var/folders/lw/4gjsgzwj1fz0b0_w6xh5585h0000gn/T/ghc14715_0/ghc_1.hscpp:1018)
    glutInitWindowPosition (/var/folders/lw/4gjsgzwj1fz0b0_w6xh5585h0000gn/T/ghc14715_0/ghc_1.hscpp:1031)
    glutInitWindowSize (/var/folders/lw/4gjsgzwj1fz0b0_w6xh5585h0000gn/T/ghc14715_0/ghc_1.hscpp:1044)
    glutJoystickFunc (/var/folders/lw/4gjsgzwj1fz0b0_w6xh5585h0000gn/T/ghc14715_0/ghc_1.hscpp:1057)
    glutKeyboardFunc (/var/folders/lw/4gjsgzwj1fz0b0_w6xh5585h0000gn/T/ghc14715_0/ghc_1.hscpp:1070)
    glutKeyboardUpFunc (/var/folders/lw/4gjsgzwj1fz0b0_w6xh5585h0000gn/T/ghc14715_0/ghc_1.hscpp:1083)
    glutLayerGet (/var/folders/lw/4gjsgzwj1fz0b0_w6xh5585h0000gn/T/ghc14715_0/ghc_1.hscpp:1096)
    glutLeaveFullScreen (/var/folders/lw/4gjsgzwj1fz0b0_w6xh5585h0000gn/T/ghc14715_0/ghc_1.hscpp:1109)
    glutLeaveGameMode (/var/folders/lw/4gjsgzwj1fz0b0_w6xh5585h0000gn/T/ghc14715_0/ghc_1.hscpp:1122)
    glutLeaveMainLoop (/var/folders/lw/4gjsgzwj1fz0b0_w6xh5585h0000gn/T/ghc14715_0/ghc_1.hscpp:1135)
    glutMainLoop (/var/folders/lw/4gjsgzwj1fz0b0_w6xh5585h0000gn/T/ghc14715_0/ghc_1.hscpp:1148)
    glutMainLoopEvent (/var/folders/lw/4gjsgzwj1fz0b0_w6xh5585h0000gn/T/ghc14715_0/ghc_1.hscpp:1161)
    glutMenuDestroyFunc (/var/folders/lw/4gjsgzwj1fz0b0_w6xh5585h0000gn/T/ghc14715_0/ghc_1.hscpp:1174)
    glutMenuStateFunc (/var/folders/lw/4gjsgzwj1fz0b0_w6xh5585h0000gn/T/ghc14715_0/ghc_1.hscpp:1187)
    glutMenuStatusFunc (/var/folders/lw/4gjsgzwj1fz0b0_w6xh5585h0000gn/T/ghc14715_0/ghc_1.hscpp:1200)
    glutMotionFunc (/var/folders/lw/4gjsgzwj1fz0b0_w6xh5585h0000gn/T/ghc14715_0/ghc_1.hscpp:1213)
    glutMouseFunc (/var/folders/lw/4gjsgzwj1fz0b0_w6xh5585h0000gn/T/ghc14715_0/ghc_1.hscpp:1226)
    glutMouseWheelFunc (/var/folders/lw/4gjsgzwj1fz0b0_w6xh5585h0000gn/T/ghc14715_0/ghc_1.hscpp:1239)
    glutMultiButtonFunc (/var/folders/lw/4gjsgzwj1fz0b0_w6xh5585h0000gn/T/ghc14715_0/ghc_1.hscpp:1252)
    glutMultiEntryFunc (/var/folders/lw/4gjsgzwj1fz0b0_w6xh5585h0000gn/T/ghc14715_0/ghc_1.hscpp:1265)
    glutMultiMotionFunc (/var/folders/lw/4gjsgzwj1fz0b0_w6xh5585h0000gn/T/ghc14715_0/ghc_1.hscpp:1278)
    glutMultiPassiveFunc (/var/folders/lw/4gjsgzwj1fz0b0_w6xh5585h0000gn/T/ghc14715_0/ghc_1.hscpp:1291)
    glutOverlayDisplayFunc (/var/folders/lw/4gjsgzwj1fz0b0_w6xh5585h0000gn/T/ghc14715_0/ghc_1.hscpp:1304)
    glutPassiveMotionFunc (/var/folders/lw/4gjsgzwj1fz0b0_w6xh5585h0000gn/T/ghc14715_0/ghc_1.hscpp:1317)
    glutPopWindow (/var/folders/lw/4gjsgzwj1fz0b0_w6xh5585h0000gn/T/ghc14715_0/ghc_1.hscpp:1330)
    glutPositionFunc (/var/folders/lw/4gjsgzwj1fz0b0_w6xh5585h0000gn/T/ghc14715_0/ghc_1.hscpp:1343)
    glutPositionWindow (/var/folders/lw/4gjsgzwj1fz0b0_w6xh5585h0000gn/T/ghc14715_0/ghc_1.hscpp:1356)
    glutPostOverlayRedisplay (/var/folders/lw/4gjsgzwj1fz0b0_w6xh5585h0000gn/T/ghc14715_0/ghc_1.hscpp:1369)
    glutPostRedisplay (/var/folders/lw/4gjsgzwj1fz0b0_w6xh5585h0000gn/T/ghc14715_0/ghc_1.hscpp:1382)
    glutPostWindowOverlayRedisplay (/var/folders/lw/4gjsgzwj1fz0b0_w6xh5585h0000gn/T/ghc14715_0/ghc_1.hscpp:1395)
    glutPostWindowRedisplay (/var/folders/lw/4gjsgzwj1fz0b0_w6xh5585h0000gn/T/ghc14715_0/ghc_1.hscpp:1408)
    glutPushWindow (/var/folders/lw/4gjsgzwj1fz0b0_w6xh5585h0000gn/T/ghc14715_0/ghc_1.hscpp:1421)
    glutRemoveMenuItem (/var/folders/lw/4gjsgzwj1fz0b0_w6xh5585h0000gn/T/ghc14715_0/ghc_1.hscpp:1434)
    glutRemoveOverlay (/var/folders/lw/4gjsgzwj1fz0b0_w6xh5585h0000gn/T/ghc14715_0/ghc_1.hscpp:1447)
    glutReportErrors (/var/folders/lw/4gjsgzwj1fz0b0_w6xh5585h0000gn/T/ghc14715_0/ghc_1.hscpp:1460)
    glutReshapeFunc (/var/folders/lw/4gjsgzwj1fz0b0_w6xh5585h0000gn/T/ghc14715_0/ghc_1.hscpp:1473)
    glutReshapeWindow (/var/folders/lw/4gjsgzwj1fz0b0_w6xh5585h0000gn/T/ghc14715_0/ghc_1.hscpp:1486)
    glutSetColor (/var/folders/lw/4gjsgzwj1fz0b0_w6xh5585h0000gn/T/ghc14715_0/ghc_1.hscpp:1499)
    glutSetCursor (/var/folders/lw/4gjsgzwj1fz0b0_w6xh5585h0000gn/T/ghc14715_0/ghc_1.hscpp:1512)
    glutSetIconTitle (/var/folders/lw/4gjsgzwj1fz0b0_w6xh5585h0000gn/T/ghc14715_0/ghc_1.hscpp:1525)
    glutSetKeyRepeat (/var/folders/lw/4gjsgzwj1fz0b0_w6xh5585h0000gn/T/ghc14715_0/ghc_1.hscpp:1538)
    glutSetMenu (/var/folders/lw/4gjsgzwj1fz0b0_w6xh5585h0000gn/T/ghc14715_0/ghc_1.hscpp:1551)
    glutSetMenuData (/var/folders/lw/4gjsgzwj1fz0b0_w6xh5585h0000gn/T/ghc14715_0/ghc_1.hscpp:1564)
    glutSetMenuFont (/var/folders/lw/4gjsgzwj1fz0b0_w6xh5585h0000gn/T/ghc14715_0/ghc_1.hscpp:1577)
    glutSetOption (/var/folders/lw/4gjsgzwj1fz0b0_w6xh5585h0000gn/T/ghc14715_0/ghc_1.hscpp:1590)
    glutSetVertexAttribCoord3 (/var/folders/lw/4gjsgzwj1fz0b0_w6xh5585h0000gn/T/ghc14715_0/ghc_1.hscpp:1603)
    glutSetVertexAttribNormal (/var/folders/lw/4gjsgzwj1fz0b0_w6xh5585h0000gn/T/ghc14715_0/ghc_1.hscpp:1616)
    glutSetVertexAttribTexCoord2 (/var/folders/lw/4gjsgzwj1fz0b0_w6xh5585h0000gn/T/ghc14715_0/ghc_1.hscpp:1629)
    glutSetWindow (/var/folders/lw/4gjsgzwj1fz0b0_w6xh5585h0000gn/T/ghc14715_0/ghc_1.hscpp:1642)
    glutSetWindowData (/var/folders/lw/4gjsgzwj1fz0b0_w6xh5585h0000gn/T/ghc14715_0/ghc_1.hscpp:1655)
    glutSetWindowTitle (/var/folders/lw/4gjsgzwj1fz0b0_w6xh5585h0000gn/T/ghc14715_0/ghc_1.hscpp:1668)
    glutSetupVideoResizing (/var/folders/lw/4gjsgzwj1fz0b0_w6xh5585h0000gn/T/ghc14715_0/ghc_1.hscpp:1681)
    glutShowOverlay (/var/folders/lw/4gjsgzwj1fz0b0_w6xh5585h0000gn/T/ghc14715_0/ghc_1.hscpp:1694)
    glutShowWindow (/var/folders/lw/4gjsgzwj1fz0b0_w6xh5585h0000gn/T/ghc14715_0/ghc_1.hscpp:1707)
    glutSolidCone (/var/folders/lw/4gjsgzwj1fz0b0_w6xh5585h0000gn/T/ghc14715_0/ghc_1.hscpp:1720)
    glutSolidCube (/var/folders/lw/4gjsgzwj1fz0b0_w6xh5585h0000gn/T/ghc14715_0/ghc_1.hscpp:1733)
    glutSolidCylinder (/var/folders/lw/4gjsgzwj1fz0b0_w6xh5585h0000gn/T/ghc14715_0/ghc_1.hscpp:1746)
    glutSolidDodecahedron (/var/folders/lw/4gjsgzwj1fz0b0_w6xh5585h0000gn/T/ghc14715_0/ghc_1.hscpp:1759)
    glutSolidIcosahedron (/var/folders/lw/4gjsgzwj1fz0b0_w6xh5585h0000gn/T/ghc14715_0/ghc_1.hscpp:1772)
    glutSolidOctahedron (/var/folders/lw/4gjsgzwj1fz0b0_w6xh5585h0000gn/T/ghc14715_0/ghc_1.hscpp:1785)
    glutSolidRhombicDodecahedron (/var/folders/lw/4gjsgzwj1fz0b0_w6xh5585h0000gn/T/ghc14715_0/ghc_1.hscpp:1798)
    glutSolidSierpinskiSponge (/var/folders/lw/4gjsgzwj1fz0b0_w6xh5585h0000gn/T/ghc14715_0/ghc_1.hscpp:1811)
    glutSolidSphere (/var/folders/lw/4gjsgzwj1fz0b0_w6xh5585h0000gn/T/ghc14715_0/ghc_1.hscpp:1824)
    glutSolidTeacup (/var/folders/lw/4gjsgzwj1fz0b0_w6xh5585h0000gn/T/ghc14715_0/ghc_1.hscpp:1837)
    glutSolidTeapot (/var/folders/lw/4gjsgzwj1fz0b0_w6xh5585h0000gn/T/ghc14715_0/ghc_1.hscpp:1850)
    glutSolidTeaspoon (/var/folders/lw/4gjsgzwj1fz0b0_w6xh5585h0000gn/T/ghc14715_0/ghc_1.hscpp:1863)
    glutSolidTetrahedron (/var/folders/lw/4gjsgzwj1fz0b0_w6xh5585h0000gn/T/ghc14715_0/ghc_1.hscpp:1876)
    glutSolidTorus (/var/folders/lw/4gjsgzwj1fz0b0_w6xh5585h0000gn/T/ghc14715_0/ghc_1.hscpp:1889)
    glutSpaceballButtonFunc (/var/folders/lw/4gjsgzwj1fz0b0_w6xh5585h0000gn/T/ghc14715_0/ghc_1.hscpp:1902)
    glutSpaceballMotionFunc (/var/folders/lw/4gjsgzwj1fz0b0_w6xh5585h0000gn/T/ghc14715_0/ghc_1.hscpp:1915)
    glutSpaceballRotateFunc (/var/folders/lw/4gjsgzwj1fz0b0_w6xh5585h0000gn/T/ghc14715_0/ghc_1.hscpp:1928)
    glutSpecialFunc (/var/folders/lw/4gjsgzwj1fz0b0_w6xh5585h0000gn/T/ghc14715_0/ghc_1.hscpp:1941)
    glutSpecialUpFunc (/var/folders/lw/4gjsgzwj1fz0b0_w6xh5585h0000gn/T/ghc14715_0/ghc_1.hscpp:1954)
    glutStopVideoResizing (/var/folders/lw/4gjsgzwj1fz0b0_w6xh5585h0000gn/T/ghc14715_0/ghc_1.hscpp:1967)
    glutStrokeCharacter (/var/folders/lw/4gjsgzwj1fz0b0_w6xh5585h0000gn/T/ghc14715_0/ghc_1.hscpp:1980)
    glutStrokeHeight (/var/folders/lw/4gjsgzwj1fz0b0_w6xh5585h0000gn/T/ghc14715_0/ghc_1.hscpp:1993)
    glutStrokeLength (/var/folders/lw/4gjsgzwj1fz0b0_w6xh5585h0000gn/T/ghc14715_0/ghc_1.hscpp:2006)
    glutStrokeString (/var/folders/lw/4gjsgzwj1fz0b0_w6xh5585h0000gn/T/ghc14715_0/ghc_1.hscpp:2019)
    glutStrokeWidth (/var/folders/lw/4gjsgzwj1fz0b0_w6xh5585h0000gn/T/ghc14715_0/ghc_1.hscpp:2032)
    glutSwapBuffers (/var/folders/lw/4gjsgzwj1fz0b0_w6xh5585h0000gn/T/ghc14715_0/ghc_1.hscpp:2045)
    glutTabletButtonFunc (/var/folders/lw/4gjsgzwj1fz0b0_w6xh5585h0000gn/T/ghc14715_0/ghc_1.hscpp:2058)
    glutTabletMotionFunc (/var/folders/lw/4gjsgzwj1fz0b0_w6xh5585h0000gn/T/ghc14715_0/ghc_1.hscpp:2071)
    glutTimerFunc (/var/folders/lw/4gjsgzwj1fz0b0_w6xh5585h0000gn/T/ghc14715_0/ghc_1.hscpp:2084)
    glutUseLayer (/var/folders/lw/4gjsgzwj1fz0b0_w6xh5585h0000gn/T/ghc14715_0/ghc_1.hscpp:2097)
    glutVideoPan (/var/folders/lw/4gjsgzwj1fz0b0_w6xh5585h0000gn/T/ghc14715_0/ghc_1.hscpp:2110)
    glutVideoResize (/var/folders/lw/4gjsgzwj1fz0b0_w6xh5585h0000gn/T/ghc14715_0/ghc_1.hscpp:2123)
    glutVideoResizeGet (/var/folders/lw/4gjsgzwj1fz0b0_w6xh5585h0000gn/T/ghc14715_0/ghc_1.hscpp:2136)
    glutVisibilityFunc (/var/folders/lw/4gjsgzwj1fz0b0_w6xh5585h0000gn/T/ghc14715_0/ghc_1.hscpp:2149)
    glutWMCloseFunc (/var/folders/lw/4gjsgzwj1fz0b0_w6xh5585h0000gn/T/ghc14715_0/ghc_1.hscpp:2162)
    glutWarpPointer (/var/folders/lw/4gjsgzwj1fz0b0_w6xh5585h0000gn/T/ghc14715_0/ghc_1.hscpp:2175)
    glutWindowStatusFunc (/var/folders/lw/4gjsgzwj1fz0b0_w6xh5585h0000gn/T/ghc14715_0/ghc_1.hscpp:2188)
    glutWireCone (/var/folders/lw/4gjsgzwj1fz0b0_w6xh5585h0000gn/T/ghc14715_0/ghc_1.hscpp:2201)
    glutWireCube (/var/folders/lw/4gjsgzwj1fz0b0_w6xh5585h0000gn/T/ghc14715_0/ghc_1.hscpp:2214)
    glutWireCylinder (/var/folders/lw/4gjsgzwj1fz0b0_w6xh5585h0000gn/T/ghc14715_0/ghc_1.hscpp:2227)
    glutWireDodecahedron (/var/folders/lw/4gjsgzwj1fz0b0_w6xh5585h0000gn/T/ghc14715_0/ghc_1.hscpp:2240)
    glutWireIcosahedron (/var/folders/lw/4gjsgzwj1fz0b0_w6xh5585h0000gn/T/ghc14715_0/ghc_1.hscpp:2253)
    glutWireOctahedron (/var/folders/lw/4gjsgzwj1fz0b0_w6xh5585h0000gn/T/ghc14715_0/ghc_1.hscpp:2266)
    glutWireRhombicDodecahedron (/var/folders/lw/4gjsgzwj1fz0b0_w6xh5585h0000gn/T/ghc14715_0/ghc_1.hscpp:2279)
    glutWireSierpinskiSponge (/var/folders/lw/4gjsgzwj1fz0b0_w6xh5585h0000gn/T/ghc14715_0/ghc_1.hscpp:2292)
    glutWireSphere (/var/folders/lw/4gjsgzwj1fz0b0_w6xh5585h0000gn/T/ghc14715_0/ghc_1.hscpp:2305)
    glutWireTeacup (/var/folders/lw/4gjsgzwj1fz0b0_w6xh5585h0000gn/T/ghc14715_0/ghc_1.hscpp:2318)
    glutWireTeapot (/var/folders/lw/4gjsgzwj1fz0b0_w6xh5585h0000gn/T/ghc14715_0/ghc_1.hscpp:2331)
    glutWireTeaspoon (/var/folders/lw/4gjsgzwj1fz0b0_w6xh5585h0000gn/T/ghc14715_0/ghc_1.hscpp:2344)
    glutWireTetrahedron (/var/folders/lw/4gjsgzwj1fz0b0_w6xh5585h0000gn/T/ghc14715_0/ghc_1.hscpp:2357)
    glutWireTorus (/var/folders/lw/4gjsgzwj1fz0b0_w6xh5585h0000gn/T/ghc14715_0/ghc_1.hscpp:2370)
   0% (  1 /209) in 'Graphics.UI.GLUT.Raw.Tokens'
  Missing documentation for:
    glut_ACCUM (src/Graphics/UI/GLUT/Raw/Tokens.hs:21)
    glut_ACTION_CONTINUE_EXECUTION (src/Graphics/UI/GLUT/Raw/Tokens.hs:24)
    glut_ACTION_EXIT (src/Graphics/UI/GLUT/Raw/Tokens.hs:27)
    glut_ACTION_GLUTMAINLOOP_RETURNS (src/Graphics/UI/GLUT/Raw/Tokens.hs:30)
    glut_ACTION_ON_WINDOW_CLOSE (src/Graphics/UI/GLUT/Raw/Tokens.hs:33)
    glut_ACTIVE_ALT (src/Graphics/UI/GLUT/Raw/Tokens.hs:36)
    glut_ACTIVE_CTRL (src/Graphics/UI/GLUT/Raw/Tokens.hs:39)
    glut_ACTIVE_SHIFT (src/Graphics/UI/GLUT/Raw/Tokens.hs:42)
    glut_ALLOW_DIRECT_CONTEXT (src/Graphics/UI/GLUT/Raw/Tokens.hs:45)
    glut_ALPHA (src/Graphics/UI/GLUT/Raw/Tokens.hs:48)
    glut_APPSTATUS_PAUSE (src/Graphics/UI/GLUT/Raw/Tokens.hs:51)
    glut_APPSTATUS_RESUME (src/Graphics/UI/GLUT/Raw/Tokens.hs:54)
    glut_AUX (src/Graphics/UI/GLUT/Raw/Tokens.hs:57)
    glut_AUX1 (src/Graphics/UI/GLUT/Raw/Tokens.hs:60)
    glut_AUX2 (src/Graphics/UI/GLUT/Raw/Tokens.hs:63)
    glut_AUX3 (src/Graphics/UI/GLUT/Raw/Tokens.hs:66)
    glut_AUX4 (src/Graphics/UI/GLUT/Raw/Tokens.hs:69)
    glut_BLUE (src/Graphics/UI/GLUT/Raw/Tokens.hs:72)
    glut_BORDERLESS (src/Graphics/UI/GLUT/Raw/Tokens.hs:75)
    glut_CAPTIONLESS (src/Graphics/UI/GLUT/Raw/Tokens.hs:78)
    glut_CORE_PROFILE (src/Graphics/UI/GLUT/Raw/Tokens.hs:81)
    glut_COMPATIBILITY_PROFILE (src/Graphics/UI/GLUT/Raw/Tokens.hs:84)
    glut_CREATE_NEW_CONTEXT (src/Graphics/UI/GLUT/Raw/Tokens.hs:87)
    glut_CURSOR_BOTTOM_LEFT_CORNER (src/Graphics/UI/GLUT/Raw/Tokens.hs:90)
    glut_CURSOR_BOTTOM_RIGHT_CORNER (src/Graphics/UI/GLUT/Raw/Tokens.hs:93)
    glut_CURSOR_BOTTOM_SIDE (src/Graphics/UI/GLUT/Raw/Tokens.hs:96)
    glut_CURSOR_CROSSHAIR (src/Graphics/UI/GLUT/Raw/Tokens.hs:99)
    glut_CURSOR_CYCLE (src/Graphics/UI/GLUT/Raw/Tokens.hs:102)
    glut_CURSOR_DESTROY (src/Graphics/UI/GLUT/Raw/Tokens.hs:105)
    glut_CURSOR_FULL_CROSSHAIR (src/Graphics/UI/GLUT/Raw/Tokens.hs:108)
    glut_CURSOR_HELP (src/Graphics/UI/GLUT/Raw/Tokens.hs:111)
    glut_CURSOR_INFO (src/Graphics/UI/GLUT/Raw/Tokens.hs:114)
    glut_CURSOR_INHERIT (src/Graphics/UI/GLUT/Raw/Tokens.hs:117)
    glut_CURSOR_LEFT_ARROW (src/Graphics/UI/GLUT/Raw/Tokens.hs:120)
    glut_CURSOR_LEFT_RIGHT (src/Graphics/UI/GLUT/Raw/Tokens.hs:123)
    glut_CURSOR_LEFT_SIDE (src/Graphics/UI/GLUT/Raw/Tokens.hs:126)
    glut_CURSOR_NONE (src/Graphics/UI/GLUT/Raw/Tokens.hs:129)
    glut_CURSOR_RIGHT_ARROW (src/Graphics/UI/GLUT/Raw/Tokens.hs:132)
    glut_CURSOR_RIGHT_SIDE (src/Graphics/UI/GLUT/Raw/Tokens.hs:135)
    glut_CURSOR_SPRAY (src/Graphics/UI/GLUT/Raw/Tokens.hs:138)
    glut_CURSOR_TEXT (src/Graphics/UI/GLUT/Raw/Tokens.hs:141)
    glut_CURSOR_TOP_LEFT_CORNER (src/Graphics/UI/GLUT/Raw/Tokens.hs:144)
    glut_CURSOR_TOP_RIGHT_CORNER (src/Graphics/UI/GLUT/Raw/Tokens.hs:147)
    glut_CURSOR_TOP_SIDE (src/Graphics/UI/GLUT/Raw/Tokens.hs:150)
    glut_CURSOR_UP_DOWN (src/Graphics/UI/GLUT/Raw/Tokens.hs:153)
    glut_CURSOR_WAIT (src/Graphics/UI/GLUT/Raw/Tokens.hs:156)
    glut_DEBUG (src/Graphics/UI/GLUT/Raw/Tokens.hs:159)
    glut_DEPTH (src/Graphics/UI/GLUT/Raw/Tokens.hs:162)
    glut_DEVICE_IGNORE_KEY_REPEAT (src/Graphics/UI/GLUT/Raw/Tokens.hs:165)
    glut_DEVICE_KEY_REPEAT (src/Graphics/UI/GLUT/Raw/Tokens.hs:168)
    glut_DIRECT_RENDERING (src/Graphics/UI/GLUT/Raw/Tokens.hs:171)
    glut_DISPLAY_MODE_POSSIBLE (src/Graphics/UI/GLUT/Raw/Tokens.hs:174)
    glut_DOUBLE (src/Graphics/UI/GLUT/Raw/Tokens.hs:177)
    glut_DOWN (src/Graphics/UI/GLUT/Raw/Tokens.hs:180)
    glut_ELAPSED_TIME (src/Graphics/UI/GLUT/Raw/Tokens.hs:183)
    glut_ENTERED (src/Graphics/UI/GLUT/Raw/Tokens.hs:186)
    glut_FORCE_DIRECT_CONTEXT (src/Graphics/UI/GLUT/Raw/Tokens.hs:189)
    glut_FORCE_INDIRECT_CONTEXT (src/Graphics/UI/GLUT/Raw/Tokens.hs:192)
    glut_FORWARD_COMPATIBLE (src/Graphics/UI/GLUT/Raw/Tokens.hs:195)
    glut_FULLY_COVERED (src/Graphics/UI/GLUT/Raw/Tokens.hs:198)
    glut_FULLY_RETAINED (src/Graphics/UI/GLUT/Raw/Tokens.hs:201)
    glut_FULL_SCREEN (src/Graphics/UI/GLUT/Raw/Tokens.hs:204)
    glut_GAME_MODE_ACTIVE (src/Graphics/UI/GLUT/Raw/Tokens.hs:207)
    glut_GAME_MODE_DISPLAY_CHANGED (src/Graphics/UI/GLUT/Raw/Tokens.hs:210)
    glut_GAME_MODE_HEIGHT (src/Graphics/UI/GLUT/Raw/Tokens.hs:213)
    glut_GAME_MODE_PIXEL_DEPTH (src/Graphics/UI/GLUT/Raw/Tokens.hs:216)
    glut_GAME_MODE_POSSIBLE (src/Graphics/UI/GLUT/Raw/Tokens.hs:219)
    glut_GAME_MODE_REFRESH_RATE (src/Graphics/UI/GLUT/Raw/Tokens.hs:222)
    glut_GAME_MODE_WIDTH (src/Graphics/UI/GLUT/Raw/Tokens.hs:225)
    glut_GEOMETRY_VISUALIZE_NORMALS (src/Graphics/UI/GLUT/Raw/Tokens.hs:228)
    glut_GREEN (src/Graphics/UI/GLUT/Raw/Tokens.hs:231)
    glut_HAS_DIAL_AND_BUTTON_BOX (src/Graphics/UI/GLUT/Raw/Tokens.hs:234)
    glut_HAS_JOYSTICK (src/Graphics/UI/GLUT/Raw/Tokens.hs:237)
    glut_HAS_KEYBOARD (src/Graphics/UI/GLUT/Raw/Tokens.hs:240)
    glut_HAS_MOUSE (src/Graphics/UI/GLUT/Raw/Tokens.hs:243)
    glut_HAS_OVERLAY (src/Graphics/UI/GLUT/Raw/Tokens.hs:246)
    glut_HAS_SPACEBALL (src/Graphics/UI/GLUT/Raw/Tokens.hs:249)
    glut_HAS_TABLET (src/Graphics/UI/GLUT/Raw/Tokens.hs:252)
    glut_HIDDEN (src/Graphics/UI/GLUT/Raw/Tokens.hs:255)
    glut_INDEX (src/Graphics/UI/GLUT/Raw/Tokens.hs:258)
    glut_INIT_DISPLAY_MODE (src/Graphics/UI/GLUT/Raw/Tokens.hs:261)
    glut_INIT_FLAGS (src/Graphics/UI/GLUT/Raw/Tokens.hs:264)
    glut_INIT_MAJOR_VERSION (src/Graphics/UI/GLUT/Raw/Tokens.hs:267)
    glut_INIT_MINOR_VERSION (src/Graphics/UI/GLUT/Raw/Tokens.hs:270)
    glut_INIT_PROFILE (src/Graphics/UI/GLUT/Raw/Tokens.hs:273)
    glut_INIT_STATE (src/Graphics/UI/GLUT/Raw/Tokens.hs:276)
    glut_INIT_WINDOW_HEIGHT (src/Graphics/UI/GLUT/Raw/Tokens.hs:279)
    glut_INIT_WINDOW_WIDTH (src/Graphics/UI/GLUT/Raw/Tokens.hs:282)
    glut_INIT_WINDOW_X (src/Graphics/UI/GLUT/Raw/Tokens.hs:285)
    glut_INIT_WINDOW_Y (src/Graphics/UI/GLUT/Raw/Tokens.hs:288)
    glut_JOYSTICK_AXES (src/Graphics/UI/GLUT/Raw/Tokens.hs:291)
    glut_JOYSTICK_BUTTONS (src/Graphics/UI/GLUT/Raw/Tokens.hs:294)
    glut_JOYSTICK_BUTTON_A (src/Graphics/UI/GLUT/Raw/Tokens.hs:297)
    glut_JOYSTICK_BUTTON_B (src/Graphics/UI/GLUT/Raw/Tokens.hs:300)
    glut_JOYSTICK_BUTTON_C (src/Graphics/UI/GLUT/Raw/Tokens.hs:303)
    glut_JOYSTICK_BUTTON_D (src/Graphics/UI/GLUT/Raw/Tokens.hs:306)
    glut_JOYSTICK_POLL_RATE (src/Graphics/UI/GLUT/Raw/Tokens.hs:309)
    glut_KEY_ALT_L (src/Graphics/UI/GLUT/Raw/Tokens.hs:312)
    glut_KEY_ALT_R (src/Graphics/UI/GLUT/Raw/Tokens.hs:315)
    glut_KEY_BEGIN (src/Graphics/UI/GLUT/Raw/Tokens.hs:318)
    glut_KEY_CTRL_L (src/Graphics/UI/GLUT/Raw/Tokens.hs:321)
    glut_KEY_CTRL_R (src/Graphics/UI/GLUT/Raw/Tokens.hs:324)
    glut_KEY_DELETE (src/Graphics/UI/GLUT/Raw/Tokens.hs:327)
    glut_KEY_DOWN (src/Graphics/UI/GLUT/Raw/Tokens.hs:330)
    glut_KEY_END (src/Graphics/UI/GLUT/Raw/Tokens.hs:333)
    glut_KEY_F1 (src/Graphics/UI/GLUT/Raw/Tokens.hs:336)
    glut_KEY_F10 (src/Graphics/UI/GLUT/Raw/Tokens.hs:339)
    glut_KEY_F11 (src/Graphics/UI/GLUT/Raw/Tokens.hs:342)
    glut_KEY_F12 (src/Graphics/UI/GLUT/Raw/Tokens.hs:345)
    glut_KEY_F2 (src/Graphics/UI/GLUT/Raw/Tokens.hs:348)
    glut_KEY_F3 (src/Graphics/UI/GLUT/Raw/Tokens.hs:351)
    glut_KEY_F4 (src/Graphics/UI/GLUT/Raw/Tokens.hs:354)
    glut_KEY_F5 (src/Graphics/UI/GLUT/Raw/Tokens.hs:357)
    glut_KEY_F6 (src/Graphics/UI/GLUT/Raw/Tokens.hs:360)
    glut_KEY_F7 (src/Graphics/UI/GLUT/Raw/Tokens.hs:363)
    glut_KEY_F8 (src/Graphics/UI/GLUT/Raw/Tokens.hs:366)
    glut_KEY_F9 (src/Graphics/UI/GLUT/Raw/Tokens.hs:369)
    glut_KEY_HOME (src/Graphics/UI/GLUT/Raw/Tokens.hs:372)
    glut_KEY_INSERT (src/Graphics/UI/GLUT/Raw/Tokens.hs:375)
    glut_KEY_LEFT (src/Graphics/UI/GLUT/Raw/Tokens.hs:378)
    glut_KEY_NUM_LOCK (src/Graphics/UI/GLUT/Raw/Tokens.hs:381)
    glut_KEY_PAGE_DOWN (src/Graphics/UI/GLUT/Raw/Tokens.hs:384)
    glut_KEY_PAGE_UP (src/Graphics/UI/GLUT/Raw/Tokens.hs:387)
    glut_KEY_REPEAT_DEFAULT (src/Graphics/UI/GLUT/Raw/Tokens.hs:390)
    glut_KEY_REPEAT_OFF (src/Graphics/UI/GLUT/Raw/Tokens.hs:393)
    glut_KEY_REPEAT_ON (src/Graphics/UI/GLUT/Raw/Tokens.hs:396)
    glut_KEY_RIGHT (src/Graphics/UI/GLUT/Raw/Tokens.hs:399)
    glut_KEY_SHIFT_L (src/Graphics/UI/GLUT/Raw/Tokens.hs:402)
    glut_KEY_SHIFT_R (src/Graphics/UI/GLUT/Raw/Tokens.hs:405)
    glut_KEY_UP (src/Graphics/UI/GLUT/Raw/Tokens.hs:408)
    glut_LAYER_IN_USE (src/Graphics/UI/GLUT/Raw/Tokens.hs:411)
    glut_LEFT (src/Graphics/UI/GLUT/Raw/Tokens.hs:414)
    glut_LEFT_BUTTON (src/Graphics/UI/GLUT/Raw/Tokens.hs:417)
    glut_LUMINANCE (src/Graphics/UI/GLUT/Raw/Tokens.hs:420)
    glut_MENU_IN_USE (src/Graphics/UI/GLUT/Raw/Tokens.hs:423)
    glut_MENU_NOT_IN_USE (src/Graphics/UI/GLUT/Raw/Tokens.hs:426)
    glut_MENU_NUM_ITEMS (src/Graphics/UI/GLUT/Raw/Tokens.hs:429)
    glut_MIDDLE_BUTTON (src/Graphics/UI/GLUT/Raw/Tokens.hs:432)
    glut_MULTISAMPLE (src/Graphics/UI/GLUT/Raw/Tokens.hs:435)
    glut_NORMAL (src/Graphics/UI/GLUT/Raw/Tokens.hs:438)
    glut_NORMAL_DAMAGED (src/Graphics/UI/GLUT/Raw/Tokens.hs:441)
    glut_NOT_VISIBLE (src/Graphics/UI/GLUT/Raw/Tokens.hs:444)
    glut_NUM_BUTTON_BOX_BUTTONS (src/Graphics/UI/GLUT/Raw/Tokens.hs:447)
    glut_NUM_DIALS (src/Graphics/UI/GLUT/Raw/Tokens.hs:450)
    glut_NUM_MOUSE_BUTTONS (src/Graphics/UI/GLUT/Raw/Tokens.hs:453)
    glut_NUM_SPACEBALL_BUTTONS (src/Graphics/UI/GLUT/Raw/Tokens.hs:456)
    glut_NUM_TABLET_BUTTONS (src/Graphics/UI/GLUT/Raw/Tokens.hs:459)
    glut_OVERLAY (src/Graphics/UI/GLUT/Raw/Tokens.hs:462)
    glut_OVERLAY_DAMAGED (src/Graphics/UI/GLUT/Raw/Tokens.hs:465)
    glut_OVERLAY_POSSIBLE (src/Graphics/UI/GLUT/Raw/Tokens.hs:468)
    glut_OWNS_JOYSTICK (src/Graphics/UI/GLUT/Raw/Tokens.hs:471)
    glut_PARTIALLY_RETAINED (src/Graphics/UI/GLUT/Raw/Tokens.hs:474)
    glut_RED (src/Graphics/UI/GLUT/Raw/Tokens.hs:477)
    glut_RENDERING_CONTEXT (src/Graphics/UI/GLUT/Raw/Tokens.hs:480)
    glut_RGB (src/Graphics/UI/GLUT/Raw/Tokens.hs:483)
    glut_RGBA (src/Graphics/UI/GLUT/Raw/Tokens.hs:486)
    glut_RIGHT_BUTTON (src/Graphics/UI/GLUT/Raw/Tokens.hs:489)
    glut_SCREEN_HEIGHT (src/Graphics/UI/GLUT/Raw/Tokens.hs:492)
    glut_SCREEN_HEIGHT_MM (src/Graphics/UI/GLUT/Raw/Tokens.hs:495)
    glut_SCREEN_WIDTH (src/Graphics/UI/GLUT/Raw/Tokens.hs:498)
    glut_SCREEN_WIDTH_MM (src/Graphics/UI/GLUT/Raw/Tokens.hs:501)
    glut_SINGLE (src/Graphics/UI/GLUT/Raw/Tokens.hs:504)
    glut_SKIP_STALE_MOTION_EVENTS (src/Graphics/UI/GLUT/Raw/Tokens.hs:507)
    glut_SRGB (src/Graphics/UI/GLUT/Raw/Tokens.hs:510)
    glut_STENCIL (src/Graphics/UI/GLUT/Raw/Tokens.hs:513)
    glut_STEREO (src/Graphics/UI/GLUT/Raw/Tokens.hs:516)
    glut_TRANSPARENT_INDEX (src/Graphics/UI/GLUT/Raw/Tokens.hs:519)
    glut_TRY_DIRECT_CONTEXT (src/Graphics/UI/GLUT/Raw/Tokens.hs:522)
    glut_UP (src/Graphics/UI/GLUT/Raw/Tokens.hs:525)
    glut_USE_CURRENT_CONTEXT (src/Graphics/UI/GLUT/Raw/Tokens.hs:528)
    glut_VERSION (src/Graphics/UI/GLUT/Raw/Tokens.hs:531)
    glut_VIDEO_RESIZE_HEIGHT (src/Graphics/UI/GLUT/Raw/Tokens.hs:534)
    glut_VIDEO_RESIZE_HEIGHT_DELTA (src/Graphics/UI/GLUT/Raw/Tokens.hs:537)
    glut_VIDEO_RESIZE_IN_USE (src/Graphics/UI/GLUT/Raw/Tokens.hs:540)
    glut_VIDEO_RESIZE_POSSIBLE (src/Graphics/UI/GLUT/Raw/Tokens.hs:543)
    glut_VIDEO_RESIZE_WIDTH (src/Graphics/UI/GLUT/Raw/Tokens.hs:546)
    glut_VIDEO_RESIZE_WIDTH_DELTA (src/Graphics/UI/GLUT/Raw/Tokens.hs:549)
    glut_VIDEO_RESIZE_X (src/Graphics/UI/GLUT/Raw/Tokens.hs:552)
    glut_VIDEO_RESIZE_X_DELTA (src/Graphics/UI/GLUT/Raw/Tokens.hs:555)
    glut_VIDEO_RESIZE_Y (src/Graphics/UI/GLUT/Raw/Tokens.hs:558)
    glut_VIDEO_RESIZE_Y_DELTA (src/Graphics/UI/GLUT/Raw/Tokens.hs:561)
    glut_VISIBLE (src/Graphics/UI/GLUT/Raw/Tokens.hs:564)
    glut_WINDOW_ACCUM_ALPHA_SIZE (src/Graphics/UI/GLUT/Raw/Tokens.hs:567)
    glut_WINDOW_ACCUM_BLUE_SIZE (src/Graphics/UI/GLUT/Raw/Tokens.hs:570)
    glut_WINDOW_ACCUM_GREEN_SIZE (src/Graphics/UI/GLUT/Raw/Tokens.hs:573)
    glut_WINDOW_ACCUM_RED_SIZE (src/Graphics/UI/GLUT/Raw/Tokens.hs:576)
    glut_WINDOW_ALPHA_SIZE (src/Graphics/UI/GLUT/Raw/Tokens.hs:579)
    glut_WINDOW_BLUE_SIZE (src/Graphics/UI/GLUT/Raw/Tokens.hs:582)
    glut_WINDOW_BORDER_WIDTH (src/Graphics/UI/GLUT/Raw/Tokens.hs:585)
    glut_WINDOW_BUFFER_SIZE (src/Graphics/UI/GLUT/Raw/Tokens.hs:588)
    glut_WINDOW_COLORMAP_SIZE (src/Graphics/UI/GLUT/Raw/Tokens.hs:591)
    glut_WINDOW_CURSOR (src/Graphics/UI/GLUT/Raw/Tokens.hs:594)
    glut_WINDOW_DEPTH_SIZE (src/Graphics/UI/GLUT/Raw/Tokens.hs:597)
    glut_WINDOW_DOUBLEBUFFER (src/Graphics/UI/GLUT/Raw/Tokens.hs:600)
    glut_WINDOW_FORMAT_ID (src/Graphics/UI/GLUT/Raw/Tokens.hs:603)
    glut_WINDOW_GREEN_SIZE (src/Graphics/UI/GLUT/Raw/Tokens.hs:606)
    glut_WINDOW_HEADER_HEIGHT (src/Graphics/UI/GLUT/Raw/Tokens.hs:609)
    glut_WINDOW_HEIGHT (src/Graphics/UI/GLUT/Raw/Tokens.hs:612)
    glut_WINDOW_NUM_CHILDREN (src/Graphics/UI/GLUT/Raw/Tokens.hs:615)
    glut_WINDOW_NUM_SAMPLES (src/Graphics/UI/GLUT/Raw/Tokens.hs:618)
    glut_WINDOW_PARENT (src/Graphics/UI/GLUT/Raw/Tokens.hs:621)
    glut_WINDOW_RED_SIZE (src/Graphics/UI/GLUT/Raw/Tokens.hs:624)
    glut_WINDOW_RGBA (src/Graphics/UI/GLUT/Raw/Tokens.hs:627)
    glut_WINDOW_STENCIL_SIZE (src/Graphics/UI/GLUT/Raw/Tokens.hs:630)
    glut_WINDOW_STEREO (src/Graphics/UI/GLUT/Raw/Tokens.hs:633)
    glut_WINDOW_WIDTH (src/Graphics/UI/GLUT/Raw/Tokens.hs:636)
    glut_WINDOW_X (src/Graphics/UI/GLUT/Raw/Tokens.hs:639)
    glut_WINDOW_Y (src/Graphics/UI/GLUT/Raw/Tokens.hs:642)
   1% (  3 /448) in 'Graphics.UI.GLUT.Raw'
  Missing documentation for:
    AppStatusFunc (src/Graphics/UI/GLUT/Raw/Callbacks.hs:59)
    makeAppStatusFunc (src/Graphics/UI/GLUT/Raw/Callbacks.hs:61)
    ButtonBoxFunc (src/Graphics/UI/GLUT/Raw/Callbacks.hs:64)
    makeButtonBoxFunc (src/Graphics/UI/GLUT/Raw/Callbacks.hs:66)
    CloseFunc (src/Graphics/UI/GLUT/Raw/Callbacks.hs:69)
    makeCloseFunc (src/Graphics/UI/GLUT/Raw/Callbacks.hs:71)
    DialsFunc (src/Graphics/UI/GLUT/Raw/Callbacks.hs:74)
    makeDialsFunc (src/Graphics/UI/GLUT/Raw/Callbacks.hs:76)
    DisplayFunc (src/Graphics/UI/GLUT/Raw/Callbacks.hs:79)
    makeDisplayFunc (src/Graphics/UI/GLUT/Raw/Callbacks.hs:81)
    EntryFunc (src/Graphics/UI/GLUT/Raw/Callbacks.hs:84)
    makeEntryFunc (src/Graphics/UI/GLUT/Raw/Callbacks.hs:86)
    IdleFunc (src/Graphics/UI/GLUT/Raw/Callbacks.hs:89)
    makeIdleFunc (src/Graphics/UI/GLUT/Raw/Callbacks.hs:91)
    InitContextFunc (src/Graphics/UI/GLUT/Raw/Callbacks.hs:94)
    makeInitContextFunc (src/Graphics/UI/GLUT/Raw/Callbacks.hs:96)
    JoystickFunc (src/Graphics/UI/GLUT/Raw/Callbacks.hs:99)
    makeJoystickFunc (src/Graphics/UI/GLUT/Raw/Callbacks.hs:101)
    KeyboardFunc (src/Graphics/UI/GLUT/Raw/Callbacks.hs:104)
    makeKeyboardFunc (src/Graphics/UI/GLUT/Raw/Callbacks.hs:106)
    KeyboardUpFunc (src/Graphics/UI/GLUT/Raw/Callbacks.hs:109)
    makeKeyboardUpFunc (src/Graphics/UI/GLUT/Raw/Callbacks.hs:111)
    MenuDestroyFunc (src/Graphics/UI/GLUT/Raw/Callbacks.hs:114)
    makeMenuDestroyFunc (src/Graphics/UI/GLUT/Raw/Callbacks.hs:116)
    MenuFunc (src/Graphics/UI/GLUT/Raw/Callbacks.hs:119)
    makeMenuFunc (src/Graphics/UI/GLUT/Raw/Callbacks.hs:121)
    MenuStateFunc (src/Graphics/UI/GLUT/Raw/Callbacks.hs:124)
    makeMenuStateFunc (src/Graphics/UI/GLUT/Raw/Callbacks.hs:126)
    MenuStatusFunc (src/Graphics/UI/GLUT/Raw/Callbacks.hs:129)
    makeMenuStatusFunc (src/Graphics/UI/GLUT/Raw/Callbacks.hs:131)
    MotionFunc (src/Graphics/UI/GLUT/Raw/Callbacks.hs:134)
    makeMotionFunc (src/Graphics/UI/GLUT/Raw/Callbacks.hs:136)
    MouseFunc (src/Graphics/UI/GLUT/Raw/Callbacks.hs:139)
    makeMouseFunc (src/Graphics/UI/GLUT/Raw/Callbacks.hs:141)
    MouseWheelFunc (src/Graphics/UI/GLUT/Raw/Callbacks.hs:144)
    makeMouseWheelFunc (src/Graphics/UI/GLUT/Raw/Callbacks.hs:146)
    MultiButtonFunc (src/Graphics/UI/GLUT/Raw/Callbacks.hs:149)
    makeMultiButtonFunc (src/Graphics/UI/GLUT/Raw/Callbacks.hs:151)
    MultiEntryFunc (src/Graphics/UI/GLUT/Raw/Callbacks.hs:154)
    makeMultiEntryFunc (src/Graphics/UI/GLUT/Raw/Callbacks.hs:156)
    MultiMotionFunc (src/Graphics/UI/GLUT/Raw/Callbacks.hs:159)
    makeMultiMotionFunc (src/Graphics/UI/GLUT/Raw/Callbacks.hs:161)
    MultiPassiveFunc (src/Graphics/UI/GLUT/Raw/Callbacks.hs:164)
    makeMultiPassiveFunc (src/Graphics/UI/GLUT/Raw/Callbacks.hs:166)
    OverlayDisplayFunc (src/Graphics/UI/GLUT/Raw/Callbacks.hs:169)
    makeOverlayDisplayFunc (src/Graphics/UI/GLUT/Raw/Callbacks.hs:171)
    PassiveMotionFunc (src/Graphics/UI/GLUT/Raw/Callbacks.hs:174)
    makePassiveMotionFunc (src/Graphics/UI/GLUT/Raw/Callbacks.hs:176)
    PositionFunc (src/Graphics/UI/GLUT/Raw/Callbacks.hs:179)
    makePositionFunc (src/Graphics/UI/GLUT/Raw/Callbacks.hs:181)
    ReshapeFunc (src/Graphics/UI/GLUT/Raw/Callbacks.hs:184)
    makeReshapeFunc (src/Graphics/UI/GLUT/Raw/Callbacks.hs:186)
    SpaceballButtonFunc (src/Graphics/UI/GLUT/Raw/Callbacks.hs:189)
    makeSpaceballButtonFunc (src/Graphics/UI/GLUT/Raw/Callbacks.hs:191)
    SpaceballMotionFunc (src/Graphics/UI/GLUT/Raw/Callbacks.hs:194)
    makeSpaceballMotionFunc (src/Graphics/UI/GLUT/Raw/Callbacks.hs:196)
    SpaceballRotateFunc (src/Graphics/UI/GLUT/Raw/Callbacks.hs:199)
    makeSpaceballRotateFunc (src/Graphics/UI/GLUT/Raw/Callbacks.hs:201)
    SpecialFunc (src/Graphics/UI/GLUT/Raw/Callbacks.hs:204)
    makeSpecialFunc (src/Graphics/UI/GLUT/Raw/Callbacks.hs:206)
    SpecialUpFunc (src/Graphics/UI/GLUT/Raw/Callbacks.hs:209)
    makeSpecialUpFunc (src/Graphics/UI/GLUT/Raw/Callbacks.hs:211)
    TabletButtonFunc (src/Graphics/UI/GLUT/Raw/Callbacks.hs:214)
    makeTabletButtonFunc (src/Graphics/UI/GLUT/Raw/Callbacks.hs:216)
    TabletMotionFunc (src/Graphics/UI/GLUT/Raw/Callbacks.hs:219)
    makeTabletMotionFunc (src/Graphics/UI/GLUT/Raw/Callbacks.hs:221)
    TimerFunc (src/Graphics/UI/GLUT/Raw/Callbacks.hs:224)
    makeTimerFunc (src/Graphics/UI/GLUT/Raw/Callbacks.hs:226)
    VisibilityFunc (src/Graphics/UI/GLUT/Raw/Callbacks.hs:229)
    makeVisibilityFunc (src/Graphics/UI/GLUT/Raw/Callbacks.hs:231)
    WMCloseFunc (src/Graphics/UI/GLUT/Raw/Callbacks.hs:234)
    makeWMCloseFunc (src/Graphics/UI/GLUT/Raw/Callbacks.hs:236)
    WindowStatusFunc (src/Graphics/UI/GLUT/Raw/Callbacks.hs:239)
    makeWindowStatusFunc (src/Graphics/UI/GLUT/Raw/Callbacks.hs:241)
    GLUTbitmapFont (src/Graphics/UI/GLUT/Raw/Fonts.hs:55)
    marshalBitmapFont (src/Graphics/UI/GLUT/Raw/Fonts.hs:57)
    GLUTstrokeFont (src/Graphics/UI/GLUT/Raw/Fonts.hs:84)
    marshalStrokeFont (src/Graphics/UI/GLUT/Raw/Fonts.hs:86)
    isKnown (/var/folders/lw/4gjsgzwj1fz0b0_w6xh5585h0000gn/T/ghc14715_0/ghc_1.hscpp:321)
    glutAddMenuEntry (/var/folders/lw/4gjsgzwj1fz0b0_w6xh5585h0000gn/T/ghc14715_0/ghc_1.hscpp:329)
    glutAddSubMenu (/var/folders/lw/4gjsgzwj1fz0b0_w6xh5585h0000gn/T/ghc14715_0/ghc_1.hscpp:342)
    glutAppStatusFunc (/var/folders/lw/4gjsgzwj1fz0b0_w6xh5585h0000gn/T/ghc14715_0/ghc_1.hscpp:355)
    glutAttachMenu (/var/folders/lw/4gjsgzwj1fz0b0_w6xh5585h0000gn/T/ghc14715_0/ghc_1.hscpp:368)
    glutBitmapCharacter (/var/folders/lw/4gjsgzwj1fz0b0_w6xh5585h0000gn/T/ghc14715_0/ghc_1.hscpp:381)
    glutBitmapHeight (/var/folders/lw/4gjsgzwj1fz0b0_w6xh5585h0000gn/T/ghc14715_0/ghc_1.hscpp:394)
    glutBitmapLength (/var/folders/lw/4gjsgzwj1fz0b0_w6xh5585h0000gn/T/ghc14715_0/ghc_1.hscpp:407)
    glutBitmapString (/var/folders/lw/4gjsgzwj1fz0b0_w6xh5585h0000gn/T/ghc14715_0/ghc_1.hscpp:420)
    glutBitmapWidth (/var/folders/lw/4gjsgzwj1fz0b0_w6xh5585h0000gn/T/ghc14715_0/ghc_1.hscpp:433)
    glutButtonBoxFunc (/var/folders/lw/4gjsgzwj1fz0b0_w6xh5585h0000gn/T/ghc14715_0/ghc_1.hscpp:446)
    glutChangeToMenuEntry (/var/folders/lw/4gjsgzwj1fz0b0_w6xh5585h0000gn/T/ghc14715_0/ghc_1.hscpp:459)
    glutChangeToSubMenu (/var/folders/lw/4gjsgzwj1fz0b0_w6xh5585h0000gn/T/ghc14715_0/ghc_1.hscpp:472)
    glutCloseFunc (/var/folders/lw/4gjsgzwj1fz0b0_w6xh5585h0000gn/T/ghc14715_0/ghc_1.hscpp:485)
    glutCopyColormap (/var/folders/lw/4gjsgzwj1fz0b0_w6xh5585h0000gn/T/ghc14715_0/ghc_1.hscpp:498)
    glutCreateMenu (/var/folders/lw/4gjsgzwj1fz0b0_w6xh5585h0000gn/T/ghc14715_0/ghc_1.hscpp:511)
    glutCreateSubWindow (/var/folders/lw/4gjsgzwj1fz0b0_w6xh5585h0000gn/T/ghc14715_0/ghc_1.hscpp:524)
    glutCreateWindow (/var/folders/lw/4gjsgzwj1fz0b0_w6xh5585h0000gn/T/ghc14715_0/ghc_1.hscpp:537)
    glutDestroyMenu (/var/folders/lw/4gjsgzwj1fz0b0_w6xh5585h0000gn/T/ghc14715_0/ghc_1.hscpp:550)
    glutDestroyWindow (/var/folders/lw/4gjsgzwj1fz0b0_w6xh5585h0000gn/T/ghc14715_0/ghc_1.hscpp:563)
    glutDetachMenu (/var/folders/lw/4gjsgzwj1fz0b0_w6xh5585h0000gn/T/ghc14715_0/ghc_1.hscpp:576)
    glutDeviceGet (/var/folders/lw/4gjsgzwj1fz0b0_w6xh5585h0000gn/T/ghc14715_0/ghc_1.hscpp:589)
    glutDialsFunc (/var/folders/lw/4gjsgzwj1fz0b0_w6xh5585h0000gn/T/ghc14715_0/ghc_1.hscpp:602)
    glutDisplayFunc (/var/folders/lw/4gjsgzwj1fz0b0_w6xh5585h0000gn/T/ghc14715_0/ghc_1.hscpp:615)
    glutEnterGameMode (/var/folders/lw/4gjsgzwj1fz0b0_w6xh5585h0000gn/T/ghc14715_0/ghc_1.hscpp:628)
    glutEntryFunc (/var/folders/lw/4gjsgzwj1fz0b0_w6xh5585h0000gn/T/ghc14715_0/ghc_1.hscpp:641)
    glutEstablishOverlay (/var/folders/lw/4gjsgzwj1fz0b0_w6xh5585h0000gn/T/ghc14715_0/ghc_1.hscpp:654)
    glutExit (/var/folders/lw/4gjsgzwj1fz0b0_w6xh5585h0000gn/T/ghc14715_0/ghc_1.hscpp:667)
    glutExtensionSupported (/var/folders/lw/4gjsgzwj1fz0b0_w6xh5585h0000gn/T/ghc14715_0/ghc_1.hscpp:680)
    glutForceJoystickFunc (/var/folders/lw/4gjsgzwj1fz0b0_w6xh5585h0000gn/T/ghc14715_0/ghc_1.hscpp:693)
    glutFullScreen (/var/folders/lw/4gjsgzwj1fz0b0_w6xh5585h0000gn/T/ghc14715_0/ghc_1.hscpp:706)
    glutFullScreenToggle (/var/folders/lw/4gjsgzwj1fz0b0_w6xh5585h0000gn/T/ghc14715_0/ghc_1.hscpp:719)
    glutGameModeGet (/var/folders/lw/4gjsgzwj1fz0b0_w6xh5585h0000gn/T/ghc14715_0/ghc_1.hscpp:732)
    glutGameModeString (/var/folders/lw/4gjsgzwj1fz0b0_w6xh5585h0000gn/T/ghc14715_0/ghc_1.hscpp:745)
    glutGet (/var/folders/lw/4gjsgzwj1fz0b0_w6xh5585h0000gn/T/ghc14715_0/ghc_1.hscpp:758)
    glutGetColor (/var/folders/lw/4gjsgzwj1fz0b0_w6xh5585h0000gn/T/ghc14715_0/ghc_1.hscpp:771)
    glutGetMenu (/var/folders/lw/4gjsgzwj1fz0b0_w6xh5585h0000gn/T/ghc14715_0/ghc_1.hscpp:784)
    glutGetMenuData (/var/folders/lw/4gjsgzwj1fz0b0_w6xh5585h0000gn/T/ghc14715_0/ghc_1.hscpp:797)
    glutGetModeValues (/var/folders/lw/4gjsgzwj1fz0b0_w6xh5585h0000gn/T/ghc14715_0/ghc_1.hscpp:810)
    glutGetModifiers (/var/folders/lw/4gjsgzwj1fz0b0_w6xh5585h0000gn/T/ghc14715_0/ghc_1.hscpp:823)
    glutGetProcAddress (/var/folders/lw/4gjsgzwj1fz0b0_w6xh5585h0000gn/T/ghc14715_0/ghc_1.hscpp:836)
    glutGetWindow (/var/folders/lw/4gjsgzwj1fz0b0_w6xh5585h0000gn/T/ghc14715_0/ghc_1.hscpp:849)
    glutGetWindowData (/var/folders/lw/4gjsgzwj1fz0b0_w6xh5585h0000gn/T/ghc14715_0/ghc_1.hscpp:862)
    glutHideOverlay (/var/folders/lw/4gjsgzwj1fz0b0_w6xh5585h0000gn/T/ghc14715_0/ghc_1.hscpp:875)
    glutHideWindow (/var/folders/lw/4gjsgzwj1fz0b0_w6xh5585h0000gn/T/ghc14715_0/ghc_1.hscpp:888)
    glutIconifyWindow (/var/folders/lw/4gjsgzwj1fz0b0_w6xh5585h0000gn/T/ghc14715_0/ghc_1.hscpp:901)
    glutIdleFunc (/var/folders/lw/4gjsgzwj1fz0b0_w6xh5585h0000gn/T/ghc14715_0/ghc_1.hscpp:914)
    glutIgnoreKeyRepeat (/var/folders/lw/4gjsgzwj1fz0b0_w6xh5585h0000gn/T/ghc14715_0/ghc_1.hscpp:927)
    glutInit (/var/folders/lw/4gjsgzwj1fz0b0_w6xh5585h0000gn/T/ghc14715_0/ghc_1.hscpp:940)
    glutInitContextFlags (/var/folders/lw/4gjsgzwj1fz0b0_w6xh5585h0000gn/T/ghc14715_0/ghc_1.hscpp:953)
    glutInitContextFunc (/var/folders/lw/4gjsgzwj1fz0b0_w6xh5585h0000gn/T/ghc14715_0/ghc_1.hscpp:966)
    glutInitContextProfile (/var/folders/lw/4gjsgzwj1fz0b0_w6xh5585h0000gn/T/ghc14715_0/ghc_1.hscpp:979)
    glutInitContextVersion (/var/folders/lw/4gjsgzwj1fz0b0_w6xh5585h0000gn/T/ghc14715_0/ghc_1.hscpp:992)
    glutInitDisplayMode (/var/folders/lw/4gjsgzwj1fz0b0_w6xh5585h0000gn/T/ghc14715_0/ghc_1.hscpp:1005)
    glutInitDisplayString (/var/folders/lw/4gjsgzwj1fz0b0_w6xh5585h0000gn/T/ghc14715_0/ghc_1.hscpp:1018)
    glutInitWindowPosition (/var/folders/lw/4gjsgzwj1fz0b0_w6xh5585h0000gn/T/ghc14715_0/ghc_1.hscpp:1031)
    glutInitWindowSize (/var/folders/lw/4gjsgzwj1fz0b0_w6xh5585h0000gn/T/ghc14715_0/ghc_1.hscpp:1044)
    glutJoystickFunc (/var/folders/lw/4gjsgzwj1fz0b0_w6xh5585h0000gn/T/ghc14715_0/ghc_1.hscpp:1057)
    glutKeyboardFunc (/var/folders/lw/4gjsgzwj1fz0b0_w6xh5585h0000gn/T/ghc14715_0/ghc_1.hscpp:1070)
    glutKeyboardUpFunc (/var/folders/lw/4gjsgzwj1fz0b0_w6xh5585h0000gn/T/ghc14715_0/ghc_1.hscpp:1083)
    glutLayerGet (/var/folders/lw/4gjsgzwj1fz0b0_w6xh5585h0000gn/T/ghc14715_0/ghc_1.hscpp:1096)
    glutLeaveFullScreen (/var/folders/lw/4gjsgzwj1fz0b0_w6xh5585h0000gn/T/ghc14715_0/ghc_1.hscpp:1109)
    glutLeaveGameMode (/var/folders/lw/4gjsgzwj1fz0b0_w6xh5585h0000gn/T/ghc14715_0/ghc_1.hscpp:1122)
    glutLeaveMainLoop (/var/folders/lw/4gjsgzwj1fz0b0_w6xh5585h0000gn/T/ghc14715_0/ghc_1.hscpp:1135)
    glutMainLoop (/var/folders/lw/4gjsgzwj1fz0b0_w6xh5585h0000gn/T/ghc14715_0/ghc_1.hscpp:1148)
    glutMainLoopEvent (/var/folders/lw/4gjsgzwj1fz0b0_w6xh5585h0000gn/T/ghc14715_0/ghc_1.hscpp:1161)
    glutMenuDestroyFunc (/var/folders/lw/4gjsgzwj1fz0b0_w6xh5585h0000gn/T/ghc14715_0/ghc_1.hscpp:1174)
    glutMenuStateFunc (/var/folders/lw/4gjsgzwj1fz0b0_w6xh5585h0000gn/T/ghc14715_0/ghc_1.hscpp:1187)
    glutMenuStatusFunc (/var/folders/lw/4gjsgzwj1fz0b0_w6xh5585h0000gn/T/ghc14715_0/ghc_1.hscpp:1200)
    glutMotionFunc (/var/folders/lw/4gjsgzwj1fz0b0_w6xh5585h0000gn/T/ghc14715_0/ghc_1.hscpp:1213)
    glutMouseFunc (/var/folders/lw/4gjsgzwj1fz0b0_w6xh5585h0000gn/T/ghc14715_0/ghc_1.hscpp:1226)
    glutMouseWheelFunc (/var/folders/lw/4gjsgzwj1fz0b0_w6xh5585h0000gn/T/ghc14715_0/ghc_1.hscpp:1239)
    glutMultiButtonFunc (/var/folders/lw/4gjsgzwj1fz0b0_w6xh5585h0000gn/T/ghc14715_0/ghc_1.hscpp:1252)
    glutMultiEntryFunc (/var/folders/lw/4gjsgzwj1fz0b0_w6xh5585h0000gn/T/ghc14715_0/ghc_1.hscpp:1265)
    glutMultiMotionFunc (/var/folders/lw/4gjsgzwj1fz0b0_w6xh5585h0000gn/T/ghc14715_0/ghc_1.hscpp:1278)
    glutMultiPassiveFunc (/var/folders/lw/4gjsgzwj1fz0b0_w6xh5585h0000gn/T/ghc14715_0/ghc_1.hscpp:1291)
    glutOverlayDisplayFunc (/var/folders/lw/4gjsgzwj1fz0b0_w6xh5585h0000gn/T/ghc14715_0/ghc_1.hscpp:1304)
    glutPassiveMotionFunc (/var/folders/lw/4gjsgzwj1fz0b0_w6xh5585h0000gn/T/ghc14715_0/ghc_1.hscpp:1317)
    glutPopWindow (/var/folders/lw/4gjsgzwj1fz0b0_w6xh5585h0000gn/T/ghc14715_0/ghc_1.hscpp:1330)
    glutPositionFunc (/var/folders/lw/4gjsgzwj1fz0b0_w6xh5585h0000gn/T/ghc14715_0/ghc_1.hscpp:1343)
    glutPositionWindow (/var/folders/lw/4gjsgzwj1fz0b0_w6xh5585h0000gn/T/ghc14715_0/ghc_1.hscpp:1356)
    glutPostOverlayRedisplay (/var/folders/lw/4gjsgzwj1fz0b0_w6xh5585h0000gn/T/ghc14715_0/ghc_1.hscpp:1369)
    glutPostRedisplay (/var/folders/lw/4gjsgzwj1fz0b0_w6xh5585h0000gn/T/ghc14715_0/ghc_1.hscpp:1382)
    glutPostWindowOverlayRedisplay (/var/folders/lw/4gjsgzwj1fz0b0_w6xh5585h0000gn/T/ghc14715_0/ghc_1.hscpp:1395)
    glutPostWindowRedisplay (/var/folders/lw/4gjsgzwj1fz0b0_w6xh5585h0000gn/T/ghc14715_0/ghc_1.hscpp:1408)
    glutPushWindow (/var/folders/lw/4gjsgzwj1fz0b0_w6xh5585h0000gn/T/ghc14715_0/ghc_1.hscpp:1421)
    glutRemoveMenuItem (/var/folders/lw/4gjsgzwj1fz0b0_w6xh5585h0000gn/T/ghc14715_0/ghc_1.hscpp:1434)
    glutRemoveOverlay (/var/folders/lw/4gjsgzwj1fz0b0_w6xh5585h0000gn/T/ghc14715_0/ghc_1.hscpp:1447)
    glutReportErrors (/var/folders/lw/4gjsgzwj1fz0b0_w6xh5585h0000gn/T/ghc14715_0/ghc_1.hscpp:1460)
    glutReshapeFunc (/var/folders/lw/4gjsgzwj1fz0b0_w6xh5585h0000gn/T/ghc14715_0/ghc_1.hscpp:1473)
    glutReshapeWindow (/var/folders/lw/4gjsgzwj1fz0b0_w6xh5585h0000gn/T/ghc14715_0/ghc_1.hscpp:1486)
    glutSetColor (/var/folders/lw/4gjsgzwj1fz0b0_w6xh5585h0000gn/T/ghc14715_0/ghc_1.hscpp:1499)
    glutSetCursor (/var/folders/lw/4gjsgzwj1fz0b0_w6xh5585h0000gn/T/ghc14715_0/ghc_1.hscpp:1512)
    glutSetIconTitle (/var/folders/lw/4gjsgzwj1fz0b0_w6xh5585h0000gn/T/ghc14715_0/ghc_1.hscpp:1525)
    glutSetKeyRepeat (/var/folders/lw/4gjsgzwj1fz0b0_w6xh5585h0000gn/T/ghc14715_0/ghc_1.hscpp:1538)
    glutSetMenu (/var/folders/lw/4gjsgzwj1fz0b0_w6xh5585h0000gn/T/ghc14715_0/ghc_1.hscpp:1551)
    glutSetMenuData (/var/folders/lw/4gjsgzwj1fz0b0_w6xh5585h0000gn/T/ghc14715_0/ghc_1.hscpp:1564)
    glutSetMenuFont (/var/folders/lw/4gjsgzwj1fz0b0_w6xh5585h0000gn/T/ghc14715_0/ghc_1.hscpp:1577)
    glutSetOption (/var/folders/lw/4gjsgzwj1fz0b0_w6xh5585h0000gn/T/ghc14715_0/ghc_1.hscpp:1590)
    glutSetVertexAttribCoord3 (/var/folders/lw/4gjsgzwj1fz0b0_w6xh5585h0000gn/T/ghc14715_0/ghc_1.hscpp:1603)
    glutSetVertexAttribNormal (/var/folders/lw/4gjsgzwj1fz0b0_w6xh5585h0000gn/T/ghc14715_0/ghc_1.hscpp:1616)
    glutSetVertexAttribTexCoord2 (/var/folders/lw/4gjsgzwj1fz0b0_w6xh5585h0000gn/T/ghc14715_0/ghc_1.hscpp:1629)
    glutSetWindow (/var/folders/lw/4gjsgzwj1fz0b0_w6xh5585h0000gn/T/ghc14715_0/ghc_1.hscpp:1642)
    glutSetWindowData (/var/folders/lw/4gjsgzwj1fz0b0_w6xh5585h0000gn/T/ghc14715_0/ghc_1.hscpp:1655)
    glutSetWindowTitle (/var/folders/lw/4gjsgzwj1fz0b0_w6xh5585h0000gn/T/ghc14715_0/ghc_1.hscpp:1668)
    glutSetupVideoResizing (/var/folders/lw/4gjsgzwj1fz0b0_w6xh5585h0000gn/T/ghc14715_0/ghc_1.hscpp:1681)
    glutShowOverlay (/var/folders/lw/4gjsgzwj1fz0b0_w6xh5585h0000gn/T/ghc14715_0/ghc_1.hscpp:1694)
    glutShowWindow (/var/folders/lw/4gjsgzwj1fz0b0_w6xh5585h0000gn/T/ghc14715_0/ghc_1.hscpp:1707)
    glutSolidCone (/var/folders/lw/4gjsgzwj1fz0b0_w6xh5585h0000gn/T/ghc14715_0/ghc_1.hscpp:1720)
    glutSolidCube (/var/folders/lw/4gjsgzwj1fz0b0_w6xh5585h0000gn/T/ghc14715_0/ghc_1.hscpp:1733)
    glutSolidCylinder (/var/folders/lw/4gjsgzwj1fz0b0_w6xh5585h0000gn/T/ghc14715_0/ghc_1.hscpp:1746)
    glutSolidDodecahedron (/var/folders/lw/4gjsgzwj1fz0b0_w6xh5585h0000gn/T/ghc14715_0/ghc_1.hscpp:1759)
    glutSolidIcosahedron (/var/folders/lw/4gjsgzwj1fz0b0_w6xh5585h0000gn/T/ghc14715_0/ghc_1.hscpp:1772)
    glutSolidOctahedron (/var/folders/lw/4gjsgzwj1fz0b0_w6xh5585h0000gn/T/ghc14715_0/ghc_1.hscpp:1785)
    glutSolidRhombicDodecahedron (/var/folders/lw/4gjsgzwj1fz0b0_w6xh5585h0000gn/T/ghc14715_0/ghc_1.hscpp:1798)
    glutSolidSierpinskiSponge (/var/folders/lw/4gjsgzwj1fz0b0_w6xh5585h0000gn/T/ghc14715_0/ghc_1.hscpp:1811)
    glutSolidSphere (/var/folders/lw/4gjsgzwj1fz0b0_w6xh5585h0000gn/T/ghc14715_0/ghc_1.hscpp:1824)
    glutSolidTeacup (/var/folders/lw/4gjsgzwj1fz0b0_w6xh5585h0000gn/T/ghc14715_0/ghc_1.hscpp:1837)
    glutSolidTeapot (/var/folders/lw/4gjsgzwj1fz0b0_w6xh5585h0000gn/T/ghc14715_0/ghc_1.hscpp:1850)
    glutSolidTeaspoon (/var/folders/lw/4gjsgzwj1fz0b0_w6xh5585h0000gn/T/ghc14715_0/ghc_1.hscpp:1863)
    glutSolidTetrahedron (/var/folders/lw/4gjsgzwj1fz0b0_w6xh5585h0000gn/T/ghc14715_0/ghc_1.hscpp:1876)
    glutSolidTorus (/var/folders/lw/4gjsgzwj1fz0b0_w6xh5585h0000gn/T/ghc14715_0/ghc_1.hscpp:1889)
    glutSpaceballButtonFunc (/var/folders/lw/4gjsgzwj1fz0b0_w6xh5585h0000gn/T/ghc14715_0/ghc_1.hscpp:1902)
    glutSpaceballMotionFunc (/var/folders/lw/4gjsgzwj1fz0b0_w6xh5585h0000gn/T/ghc14715_0/ghc_1.hscpp:1915)
    glutSpaceballRotateFunc (/var/folders/lw/4gjsgzwj1fz0b0_w6xh5585h0000gn/T/ghc14715_0/ghc_1.hscpp:1928)
    glutSpecialFunc (/var/folders/lw/4gjsgzwj1fz0b0_w6xh5585h0000gn/T/ghc14715_0/ghc_1.hscpp:1941)
    glutSpecialUpFunc (/var/folders/lw/4gjsgzwj1fz0b0_w6xh5585h0000gn/T/ghc14715_0/ghc_1.hscpp:1954)
    glutStopVideoResizing (/var/folders/lw/4gjsgzwj1fz0b0_w6xh5585h0000gn/T/ghc14715_0/ghc_1.hscpp:1967)
    glutStrokeCharacter (/var/folders/lw/4gjsgzwj1fz0b0_w6xh5585h0000gn/T/ghc14715_0/ghc_1.hscpp:1980)
    glutStrokeHeight (/var/folders/lw/4gjsgzwj1fz0b0_w6xh5585h0000gn/T/ghc14715_0/ghc_1.hscpp:1993)
    glutStrokeLength (/var/folders/lw/4gjsgzwj1fz0b0_w6xh5585h0000gn/T/ghc14715_0/ghc_1.hscpp:2006)
    glutStrokeString (/var/folders/lw/4gjsgzwj1fz0b0_w6xh5585h0000gn/T/ghc14715_0/ghc_1.hscpp:2019)
    glutStrokeWidth (/var/folders/lw/4gjsgzwj1fz0b0_w6xh5585h0000gn/T/ghc14715_0/ghc_1.hscpp:2032)
    glutSwapBuffers (/var/folders/lw/4gjsgzwj1fz0b0_w6xh5585h0000gn/T/ghc14715_0/ghc_1.hscpp:2045)
    glutTabletButtonFunc (/var/folders/lw/4gjsgzwj1fz0b0_w6xh5585h0000gn/T/ghc14715_0/ghc_1.hscpp:2058)
    glutTabletMotionFunc (/var/folders/lw/4gjsgzwj1fz0b0_w6xh5585h0000gn/T/ghc14715_0/ghc_1.hscpp:2071)
    glutTimerFunc (/var/folders/lw/4gjsgzwj1fz0b0_w6xh5585h0000gn/T/ghc14715_0/ghc_1.hscpp:2084)
    glutUseLayer (/var/folders/lw/4gjsgzwj1fz0b0_w6xh5585h0000gn/T/ghc14715_0/ghc_1.hscpp:2097)
    glutVideoPan (/var/folders/lw/4gjsgzwj1fz0b0_w6xh5585h0000gn/T/ghc14715_0/ghc_1.hscpp:2110)
    glutVideoResize (/var/folders/lw/4gjsgzwj1fz0b0_w6xh5585h0000gn/T/ghc14715_0/ghc_1.hscpp:2123)
    glutVideoResizeGet (/var/folders/lw/4gjsgzwj1fz0b0_w6xh5585h0000gn/T/ghc14715_0/ghc_1.hscpp:2136)
    glutVisibilityFunc (/var/folders/lw/4gjsgzwj1fz0b0_w6xh5585h0000gn/T/ghc14715_0/ghc_1.hscpp:2149)
    glutWMCloseFunc (/var/folders/lw/4gjsgzwj1fz0b0_w6xh5585h0000gn/T/ghc14715_0/ghc_1.hscpp:2162)
    glutWarpPointer (/var/folders/lw/4gjsgzwj1fz0b0_w6xh5585h0000gn/T/ghc14715_0/ghc_1.hscpp:2175)
    glutWindowStatusFunc (/var/folders/lw/4gjsgzwj1fz0b0_w6xh5585h0000gn/T/ghc14715_0/ghc_1.hscpp:2188)
    glutWireCone (/var/folders/lw/4gjsgzwj1fz0b0_w6xh5585h0000gn/T/ghc14715_0/ghc_1.hscpp:2201)
    glutWireCube (/var/folders/lw/4gjsgzwj1fz0b0_w6xh5585h0000gn/T/ghc14715_0/ghc_1.hscpp:2214)
    glutWireCylinder (/var/folders/lw/4gjsgzwj1fz0b0_w6xh5585h0000gn/T/ghc14715_0/ghc_1.hscpp:2227)
    glutWireDodecahedron (/var/folders/lw/4gjsgzwj1fz0b0_w6xh5585h0000gn/T/ghc14715_0/ghc_1.hscpp:2240)
    glutWireIcosahedron (/var/folders/lw/4gjsgzwj1fz0b0_w6xh5585h0000gn/T/ghc14715_0/ghc_1.hscpp:2253)
    glutWireOctahedron (/var/folders/lw/4gjsgzwj1fz0b0_w6xh5585h0000gn/T/ghc14715_0/ghc_1.hscpp:2266)
    glutWireRhombicDodecahedron (/var/folders/lw/4gjsgzwj1fz0b0_w6xh5585h0000gn/T/ghc14715_0/ghc_1.hscpp:2279)
    glutWireSierpinskiSponge (/var/folders/lw/4gjsgzwj1fz0b0_w6xh5585h0000gn/T/ghc14715_0/ghc_1.hscpp:2292)
    glutWireSphere (/var/folders/lw/4gjsgzwj1fz0b0_w6xh5585h0000gn/T/ghc14715_0/ghc_1.hscpp:2305)
    glutWireTeacup (/var/folders/lw/4gjsgzwj1fz0b0_w6xh5585h0000gn/T/ghc14715_0/ghc_1.hscpp:2318)
    glutWireTeapot (/var/folders/lw/4gjsgzwj1fz0b0_w6xh5585h0000gn/T/ghc14715_0/ghc_1.hscpp:2331)
    glutWireTeaspoon (/var/folders/lw/4gjsgzwj1fz0b0_w6xh5585h0000gn/T/ghc14715_0/ghc_1.hscpp:2344)
    glutWireTetrahedron (/var/folders/lw/4gjsgzwj1fz0b0_w6xh5585h0000gn/T/ghc14715_0/ghc_1.hscpp:2357)
    glutWireTorus (/var/folders/lw/4gjsgzwj1fz0b0_w6xh5585h0000gn/T/ghc14715_0/ghc_1.hscpp:2370)
    glut_ACCUM (src/Graphics/UI/GLUT/Raw/Tokens.hs:21)
    glut_ACTION_CONTINUE_EXECUTION (src/Graphics/UI/GLUT/Raw/Tokens.hs:24)
    glut_ACTION_EXIT (src/Graphics/UI/GLUT/Raw/Tokens.hs:27)
    glut_ACTION_GLUTMAINLOOP_RETURNS (src/Graphics/UI/GLUT/Raw/Tokens.hs:30)
    glut_ACTION_ON_WINDOW_CLOSE (src/Graphics/UI/GLUT/Raw/Tokens.hs:33)
    glut_ACTIVE_ALT (src/Graphics/UI/GLUT/Raw/Tokens.hs:36)
    glut_ACTIVE_CTRL (src/Graphics/UI/GLUT/Raw/Tokens.hs:39)
    glut_ACTIVE_SHIFT (src/Graphics/UI/GLUT/Raw/Tokens.hs:42)
    glut_ALLOW_DIRECT_CONTEXT (src/Graphics/UI/GLUT/Raw/Tokens.hs:45)
    glut_ALPHA (src/Graphics/UI/GLUT/Raw/Tokens.hs:48)
    glut_APPSTATUS_PAUSE (src/Graphics/UI/GLUT/Raw/Tokens.hs:51)
    glut_APPSTATUS_RESUME (src/Graphics/UI/GLUT/Raw/Tokens.hs:54)
    glut_AUX (src/Graphics/UI/GLUT/Raw/Tokens.hs:57)
    glut_AUX1 (src/Graphics/UI/GLUT/Raw/Tokens.hs:60)
    glut_AUX2 (src/Graphics/UI/GLUT/Raw/Tokens.hs:63)
    glut_AUX3 (src/Graphics/UI/GLUT/Raw/Tokens.hs:66)
    glut_AUX4 (src/Graphics/UI/GLUT/Raw/Tokens.hs:69)
    glut_BLUE (src/Graphics/UI/GLUT/Raw/Tokens.hs:72)
    glut_BORDERLESS (src/Graphics/UI/GLUT/Raw/Tokens.hs:75)
    glut_CAPTIONLESS (src/Graphics/UI/GLUT/Raw/Tokens.hs:78)
    glut_CORE_PROFILE (src/Graphics/UI/GLUT/Raw/Tokens.hs:81)
    glut_COMPATIBILITY_PROFILE (src/Graphics/UI/GLUT/Raw/Tokens.hs:84)
    glut_CREATE_NEW_CONTEXT (src/Graphics/UI/GLUT/Raw/Tokens.hs:87)
    glut_CURSOR_BOTTOM_LEFT_CORNER (src/Graphics/UI/GLUT/Raw/Tokens.hs:90)
    glut_CURSOR_BOTTOM_RIGHT_CORNER (src/Graphics/UI/GLUT/Raw/Tokens.hs:93)
    glut_CURSOR_BOTTOM_SIDE (src/Graphics/UI/GLUT/Raw/Tokens.hs:96)
    glut_CURSOR_CROSSHAIR (src/Graphics/UI/GLUT/Raw/Tokens.hs:99)
    glut_CURSOR_CYCLE (src/Graphics/UI/GLUT/Raw/Tokens.hs:102)
    glut_CURSOR_DESTROY (src/Graphics/UI/GLUT/Raw/Tokens.hs:105)
    glut_CURSOR_FULL_CROSSHAIR (src/Graphics/UI/GLUT/Raw/Tokens.hs:108)
    glut_CURSOR_HELP (src/Graphics/UI/GLUT/Raw/Tokens.hs:111)
    glut_CURSOR_INFO (src/Graphics/UI/GLUT/Raw/Tokens.hs:114)
    glut_CURSOR_INHERIT (src/Graphics/UI/GLUT/Raw/Tokens.hs:117)
    glut_CURSOR_LEFT_ARROW (src/Graphics/UI/GLUT/Raw/Tokens.hs:120)
    glut_CURSOR_LEFT_RIGHT (src/Graphics/UI/GLUT/Raw/Tokens.hs:123)
    glut_CURSOR_LEFT_SIDE (src/Graphics/UI/GLUT/Raw/Tokens.hs:126)
    glut_CURSOR_NONE (src/Graphics/UI/GLUT/Raw/Tokens.hs:129)
    glut_CURSOR_RIGHT_ARROW (src/Graphics/UI/GLUT/Raw/Tokens.hs:132)
    glut_CURSOR_RIGHT_SIDE (src/Graphics/UI/GLUT/Raw/Tokens.hs:135)
    glut_CURSOR_SPRAY (src/Graphics/UI/GLUT/Raw/Tokens.hs:138)
    glut_CURSOR_TEXT (src/Graphics/UI/GLUT/Raw/Tokens.hs:141)
    glut_CURSOR_TOP_LEFT_CORNER (src/Graphics/UI/GLUT/Raw/Tokens.hs:144)
    glut_CURSOR_TOP_RIGHT_CORNER (src/Graphics/UI/GLUT/Raw/Tokens.hs:147)
    glut_CURSOR_TOP_SIDE (src/Graphics/UI/GLUT/Raw/Tokens.hs:150)
    glut_CURSOR_UP_DOWN (src/Graphics/UI/GLUT/Raw/Tokens.hs:153)
    glut_CURSOR_WAIT (src/Graphics/UI/GLUT/Raw/Tokens.hs:156)
    glut_DEBUG (src/Graphics/UI/GLUT/Raw/Tokens.hs:159)
    glut_DEPTH (src/Graphics/UI/GLUT/Raw/Tokens.hs:162)
    glut_DEVICE_IGNORE_KEY_REPEAT (src/Graphics/UI/GLUT/Raw/Tokens.hs:165)
    glut_DEVICE_KEY_REPEAT (src/Graphics/UI/GLUT/Raw/Tokens.hs:168)
    glut_DIRECT_RENDERING (src/Graphics/UI/GLUT/Raw/Tokens.hs:171)
    glut_DISPLAY_MODE_POSSIBLE (src/Graphics/UI/GLUT/Raw/Tokens.hs:174)
    glut_DOUBLE (src/Graphics/UI/GLUT/Raw/Tokens.hs:177)
    glut_DOWN (src/Graphics/UI/GLUT/Raw/Tokens.hs:180)
    glut_ELAPSED_TIME (src/Graphics/UI/GLUT/Raw/Tokens.hs:183)
    glut_ENTERED (src/Graphics/UI/GLUT/Raw/Tokens.hs:186)
    glut_FORCE_DIRECT_CONTEXT (src/Graphics/UI/GLUT/Raw/Tokens.hs:189)
    glut_FORCE_INDIRECT_CONTEXT (src/Graphics/UI/GLUT/Raw/Tokens.hs:192)
    glut_FORWARD_COMPATIBLE (src/Graphics/UI/GLUT/Raw/Tokens.hs:195)
    glut_FULLY_COVERED (src/Graphics/UI/GLUT/Raw/Tokens.hs:198)
    glut_FULLY_RETAINED (src/Graphics/UI/GLUT/Raw/Tokens.hs:201)
    glut_FULL_SCREEN (src/Graphics/UI/GLUT/Raw/Tokens.hs:204)
    glut_GAME_MODE_ACTIVE (src/Graphics/UI/GLUT/Raw/Tokens.hs:207)
    glut_GAME_MODE_DISPLAY_CHANGED (src/Graphics/UI/GLUT/Raw/Tokens.hs:210)
    glut_GAME_MODE_HEIGHT (src/Graphics/UI/GLUT/Raw/Tokens.hs:213)
    glut_GAME_MODE_PIXEL_DEPTH (src/Graphics/UI/GLUT/Raw/Tokens.hs:216)
    glut_GAME_MODE_POSSIBLE (src/Graphics/UI/GLUT/Raw/Tokens.hs:219)
    glut_GAME_MODE_REFRESH_RATE (src/Graphics/UI/GLUT/Raw/Tokens.hs:222)
    glut_GAME_MODE_WIDTH (src/Graphics/UI/GLUT/Raw/Tokens.hs:225)
    glut_GEOMETRY_VISUALIZE_NORMALS (src/Graphics/UI/GLUT/Raw/Tokens.hs:228)
    glut_GREEN (src/Graphics/UI/GLUT/Raw/Tokens.hs:231)
    glut_HAS_DIAL_AND_BUTTON_BOX (src/Graphics/UI/GLUT/Raw/Tokens.hs:234)
    glut_HAS_JOYSTICK (src/Graphics/UI/GLUT/Raw/Tokens.hs:237)
    glut_HAS_KEYBOARD (src/Graphics/UI/GLUT/Raw/Tokens.hs:240)
    glut_HAS_MOUSE (src/Graphics/UI/GLUT/Raw/Tokens.hs:243)
    glut_HAS_OVERLAY (src/Graphics/UI/GLUT/Raw/Tokens.hs:246)
    glut_HAS_SPACEBALL (src/Graphics/UI/GLUT/Raw/Tokens.hs:249)
    glut_HAS_TABLET (src/Graphics/UI/GLUT/Raw/Tokens.hs:252)
    glut_HIDDEN (src/Graphics/UI/GLUT/Raw/Tokens.hs:255)
    glut_INDEX (src/Graphics/UI/GLUT/Raw/Tokens.hs:258)
    glut_INIT_DISPLAY_MODE (src/Graphics/UI/GLUT/Raw/Tokens.hs:261)
    glut_INIT_FLAGS (src/Graphics/UI/GLUT/Raw/Tokens.hs:264)
    glut_INIT_MAJOR_VERSION (src/Graphics/UI/GLUT/Raw/Tokens.hs:267)
    glut_INIT_MINOR_VERSION (src/Graphics/UI/GLUT/Raw/Tokens.hs:270)
    glut_INIT_PROFILE (src/Graphics/UI/GLUT/Raw/Tokens.hs:273)
    glut_INIT_STATE (src/Graphics/UI/GLUT/Raw/Tokens.hs:276)
    glut_INIT_WINDOW_HEIGHT (src/Graphics/UI/GLUT/Raw/Tokens.hs:279)
    glut_INIT_WINDOW_WIDTH (src/Graphics/UI/GLUT/Raw/Tokens.hs:282)
    glut_INIT_WINDOW_X (src/Graphics/UI/GLUT/Raw/Tokens.hs:285)
    glut_INIT_WINDOW_Y (src/Graphics/UI/GLUT/Raw/Tokens.hs:288)
    glut_JOYSTICK_AXES (src/Graphics/UI/GLUT/Raw/Tokens.hs:291)
    glut_JOYSTICK_BUTTONS (src/Graphics/UI/GLUT/Raw/Tokens.hs:294)
    glut_JOYSTICK_BUTTON_A (src/Graphics/UI/GLUT/Raw/Tokens.hs:297)
    glut_JOYSTICK_BUTTON_B (src/Graphics/UI/GLUT/Raw/Tokens.hs:300)
    glut_JOYSTICK_BUTTON_C (src/Graphics/UI/GLUT/Raw/Tokens.hs:303)
    glut_JOYSTICK_BUTTON_D (src/Graphics/UI/GLUT/Raw/Tokens.hs:306)
    glut_JOYSTICK_POLL_RATE (src/Graphics/UI/GLUT/Raw/Tokens.hs:309)
    glut_KEY_ALT_L (src/Graphics/UI/GLUT/Raw/Tokens.hs:312)
    glut_KEY_ALT_R (src/Graphics/UI/GLUT/Raw/Tokens.hs:315)
    glut_KEY_BEGIN (src/Graphics/UI/GLUT/Raw/Tokens.hs:318)
    glut_KEY_CTRL_L (src/Graphics/UI/GLUT/Raw/Tokens.hs:321)
    glut_KEY_CTRL_R (src/Graphics/UI/GLUT/Raw/Tokens.hs:324)
    glut_KEY_DELETE (src/Graphics/UI/GLUT/Raw/Tokens.hs:327)
    glut_KEY_DOWN (src/Graphics/UI/GLUT/Raw/Tokens.hs:330)
    glut_KEY_END (src/Graphics/UI/GLUT/Raw/Tokens.hs:333)
    glut_KEY_F1 (src/Graphics/UI/GLUT/Raw/Tokens.hs:336)
    glut_KEY_F10 (src/Graphics/UI/GLUT/Raw/Tokens.hs:339)
    glut_KEY_F11 (src/Graphics/UI/GLUT/Raw/Tokens.hs:342)
    glut_KEY_F12 (src/Graphics/UI/GLUT/Raw/Tokens.hs:345)
    glut_KEY_F2 (src/Graphics/UI/GLUT/Raw/Tokens.hs:348)
    glut_KEY_F3 (src/Graphics/UI/GLUT/Raw/Tokens.hs:351)
    glut_KEY_F4 (src/Graphics/UI/GLUT/Raw/Tokens.hs:354)
    glut_KEY_F5 (src/Graphics/UI/GLUT/Raw/Tokens.hs:357)
    glut_KEY_F6 (src/Graphics/UI/GLUT/Raw/Tokens.hs:360)
    glut_KEY_F7 (src/Graphics/UI/GLUT/Raw/Tokens.hs:363)
    glut_KEY_F8 (src/Graphics/UI/GLUT/Raw/Tokens.hs:366)
    glut_KEY_F9 (src/Graphics/UI/GLUT/Raw/Tokens.hs:369)
    glut_KEY_HOME (src/Graphics/UI/GLUT/Raw/Tokens.hs:372)
    glut_KEY_INSERT (src/Graphics/UI/GLUT/Raw/Tokens.hs:375)
    glut_KEY_LEFT (src/Graphics/UI/GLUT/Raw/Tokens.hs:378)
    glut_KEY_NUM_LOCK (src/Graphics/UI/GLUT/Raw/Tokens.hs:381)
    glut_KEY_PAGE_DOWN (src/Graphics/UI/GLUT/Raw/Tokens.hs:384)
    glut_KEY_PAGE_UP (src/Graphics/UI/GLUT/Raw/Tokens.hs:387)
    glut_KEY_REPEAT_DEFAULT (src/Graphics/UI/GLUT/Raw/Tokens.hs:390)
    glut_KEY_REPEAT_OFF (src/Graphics/UI/GLUT/Raw/Tokens.hs:393)
    glut_KEY_REPEAT_ON (src/Graphics/UI/GLUT/Raw/Tokens.hs:396)
    glut_KEY_RIGHT (src/Graphics/UI/GLUT/Raw/Tokens.hs:399)
    glut_KEY_SHIFT_L (src/Graphics/UI/GLUT/Raw/Tokens.hs:402)
    glut_KEY_SHIFT_R (src/Graphics/UI/GLUT/Raw/Tokens.hs:405)
    glut_KEY_UP (src/Graphics/UI/GLUT/Raw/Tokens.hs:408)
    glut_LAYER_IN_USE (src/Graphics/UI/GLUT/Raw/Tokens.hs:411)
    glut_LEFT (src/Graphics/UI/GLUT/Raw/Tokens.hs:414)
    glut_LEFT_BUTTON (src/Graphics/UI/GLUT/Raw/Tokens.hs:417)
    glut_LUMINANCE (src/Graphics/UI/GLUT/Raw/Tokens.hs:420)
    glut_MENU_IN_USE (src/Graphics/UI/GLUT/Raw/Tokens.hs:423)
    glut_MENU_NOT_IN_USE (src/Graphics/UI/GLUT/Raw/Tokens.hs:426)
    glut_MENU_NUM_ITEMS (src/Graphics/UI/GLUT/Raw/Tokens.hs:429)
    glut_MIDDLE_BUTTON (src/Graphics/UI/GLUT/Raw/Tokens.hs:432)
    glut_MULTISAMPLE (src/Graphics/UI/GLUT/Raw/Tokens.hs:435)
    glut_NORMAL (src/Graphics/UI/GLUT/Raw/Tokens.hs:438)
    glut_NORMAL_DAMAGED (src/Graphics/UI/GLUT/Raw/Tokens.hs:441)
    glut_NOT_VISIBLE (src/Graphics/UI/GLUT/Raw/Tokens.hs:444)
    glut_NUM_BUTTON_BOX_BUTTONS (src/Graphics/UI/GLUT/Raw/Tokens.hs:447)
    glut_NUM_DIALS (src/Graphics/UI/GLUT/Raw/Tokens.hs:450)
    glut_NUM_MOUSE_BUTTONS (src/Graphics/UI/GLUT/Raw/Tokens.hs:453)
    glut_NUM_SPACEBALL_BUTTONS (src/Graphics/UI/GLUT/Raw/Tokens.hs:456)
    glut_NUM_TABLET_BUTTONS (src/Graphics/UI/GLUT/Raw/Tokens.hs:459)
    glut_OVERLAY (src/Graphics/UI/GLUT/Raw/Tokens.hs:462)
    glut_OVERLAY_DAMAGED (src/Graphics/UI/GLUT/Raw/Tokens.hs:465)
    glut_OVERLAY_POSSIBLE (src/Graphics/UI/GLUT/Raw/Tokens.hs:468)
    glut_OWNS_JOYSTICK (src/Graphics/UI/GLUT/Raw/Tokens.hs:471)
    glut_PARTIALLY_RETAINED (src/Graphics/UI/GLUT/Raw/Tokens.hs:474)
    glut_RED (src/Graphics/UI/GLUT/Raw/Tokens.hs:477)
    glut_RENDERING_CONTEXT (src/Graphics/UI/GLUT/Raw/Tokens.hs:480)
    glut_RGB (src/Graphics/UI/GLUT/Raw/Tokens.hs:483)
    glut_RGBA (src/Graphics/UI/GLUT/Raw/Tokens.hs:486)
    glut_RIGHT_BUTTON (src/Graphics/UI/GLUT/Raw/Tokens.hs:489)
    glut_SCREEN_HEIGHT (src/Graphics/UI/GLUT/Raw/Tokens.hs:492)
    glut_SCREEN_HEIGHT_MM (src/Graphics/UI/GLUT/Raw/Tokens.hs:495)
    glut_SCREEN_WIDTH (src/Graphics/UI/GLUT/Raw/Tokens.hs:498)
    glut_SCREEN_WIDTH_MM (src/Graphics/UI/GLUT/Raw/Tokens.hs:501)
    glut_SINGLE (src/Graphics/UI/GLUT/Raw/Tokens.hs:504)
    glut_SKIP_STALE_MOTION_EVENTS (src/Graphics/UI/GLUT/Raw/Tokens.hs:507)
    glut_SRGB (src/Graphics/UI/GLUT/Raw/Tokens.hs:510)
    glut_STENCIL (src/Graphics/UI/GLUT/Raw/Tokens.hs:513)
    glut_STEREO (src/Graphics/UI/GLUT/Raw/Tokens.hs:516)
    glut_TRANSPARENT_INDEX (src/Graphics/UI/GLUT/Raw/Tokens.hs:519)
    glut_TRY_DIRECT_CONTEXT (src/Graphics/UI/GLUT/Raw/Tokens.hs:522)
    glut_UP (src/Graphics/UI/GLUT/Raw/Tokens.hs:525)
    glut_USE_CURRENT_CONTEXT (src/Graphics/UI/GLUT/Raw/Tokens.hs:528)
    glut_VERSION (src/Graphics/UI/GLUT/Raw/Tokens.hs:531)
    glut_VIDEO_RESIZE_HEIGHT (src/Graphics/UI/GLUT/Raw/Tokens.hs:534)
    glut_VIDEO_RESIZE_HEIGHT_DELTA (src/Graphics/UI/GLUT/Raw/Tokens.hs:537)
    glut_VIDEO_RESIZE_IN_USE (src/Graphics/UI/GLUT/Raw/Tokens.hs:540)
    glut_VIDEO_RESIZE_POSSIBLE (src/Graphics/UI/GLUT/Raw/Tokens.hs:543)
    glut_VIDEO_RESIZE_WIDTH (src/Graphics/UI/GLUT/Raw/Tokens.hs:546)
    glut_VIDEO_RESIZE_WIDTH_DELTA (src/Graphics/UI/GLUT/Raw/Tokens.hs:549)
    glut_VIDEO_RESIZE_X (src/Graphics/UI/GLUT/Raw/Tokens.hs:552)
    glut_VIDEO_RESIZE_X_DELTA (src/Graphics/UI/GLUT/Raw/Tokens.hs:555)
    glut_VIDEO_RESIZE_Y (src/Graphics/UI/GLUT/Raw/Tokens.hs:558)
    glut_VIDEO_RESIZE_Y_DELTA (src/Graphics/UI/GLUT/Raw/Tokens.hs:561)
    glut_VISIBLE (src/Graphics/UI/GLUT/Raw/Tokens.hs:564)
    glut_WINDOW_ACCUM_ALPHA_SIZE (src/Graphics/UI/GLUT/Raw/Tokens.hs:567)
    glut_WINDOW_ACCUM_BLUE_SIZE (src/Graphics/UI/GLUT/Raw/Tokens.hs:570)
    glut_WINDOW_ACCUM_GREEN_SIZE (src/Graphics/UI/GLUT/Raw/Tokens.hs:573)
    glut_WINDOW_ACCUM_RED_SIZE (src/Graphics/UI/GLUT/Raw/Tokens.hs:576)
    glut_WINDOW_ALPHA_SIZE (src/Graphics/UI/GLUT/Raw/Tokens.hs:579)
    glut_WINDOW_BLUE_SIZE (src/Graphics/UI/GLUT/Raw/Tokens.hs:582)
    glut_WINDOW_BORDER_WIDTH (src/Graphics/UI/GLUT/Raw/Tokens.hs:585)
    glut_WINDOW_BUFFER_SIZE (src/Graphics/UI/GLUT/Raw/Tokens.hs:588)
    glut_WINDOW_COLORMAP_SIZE (src/Graphics/UI/GLUT/Raw/Tokens.hs:591)
    glut_WINDOW_CURSOR (src/Graphics/UI/GLUT/Raw/Tokens.hs:594)
    glut_WINDOW_DEPTH_SIZE (src/Graphics/UI/GLUT/Raw/Tokens.hs:597)
    glut_WINDOW_DOUBLEBUFFER (src/Graphics/UI/GLUT/Raw/Tokens.hs:600)
    glut_WINDOW_FORMAT_ID (src/Graphics/UI/GLUT/Raw/Tokens.hs:603)
    glut_WINDOW_GREEN_SIZE (src/Graphics/UI/GLUT/Raw/Tokens.hs:606)
    glut_WINDOW_HEADER_HEIGHT (src/Graphics/UI/GLUT/Raw/Tokens.hs:609)
    glut_WINDOW_HEIGHT (src/Graphics/UI/GLUT/Raw/Tokens.hs:612)
    glut_WINDOW_NUM_CHILDREN (src/Graphics/UI/GLUT/Raw/Tokens.hs:615)
    glut_WINDOW_NUM_SAMPLES (src/Graphics/UI/GLUT/Raw/Tokens.hs:618)
    glut_WINDOW_PARENT (src/Graphics/UI/GLUT/Raw/Tokens.hs:621)
    glut_WINDOW_RED_SIZE (src/Graphics/UI/GLUT/Raw/Tokens.hs:624)
    glut_WINDOW_RGBA (src/Graphics/UI/GLUT/Raw/Tokens.hs:627)
    glut_WINDOW_STENCIL_SIZE (src/Graphics/UI/GLUT/Raw/Tokens.hs:630)
    glut_WINDOW_STEREO (src/Graphics/UI/GLUT/Raw/Tokens.hs:633)
    glut_WINDOW_WIDTH (src/Graphics/UI/GLUT/Raw/Tokens.hs:636)
    glut_WINDOW_X (src/Graphics/UI/GLUT/Raw/Tokens.hs:639)
    glut_WINDOW_Y (src/Graphics/UI/GLUT/Raw/Tokens.hs:642)
  20% (  1 /  5) in 'Graphics.UI.GLUT.QueryUtils'
  Missing documentation for:
    Getter (src/Graphics/UI/GLUT/QueryUtils.hs:28)
    simpleGet (src/Graphics/UI/GLUT/QueryUtils.hs:33)
    layerGet (src/Graphics/UI/GLUT/QueryUtils.hs:33)
    deviceGet (src/Graphics/UI/GLUT/QueryUtils.hs:33)
  73% (  8 / 11) in 'Graphics.UI.GLUT.Objects'
  Missing documentation for:
    Sides (src/Graphics/UI/GLUT/Objects.hs:133)
    Rings (src/Graphics/UI/GLUT/Objects.hs:134)
    NumLevels (src/Graphics/UI/GLUT/Objects.hs:135)
  75% (  3 /  4) in 'Graphics.UI.GLUT.Fonts'
  Missing documentation for:
    Font (src/Graphics/UI/GLUT/Fonts.hs:36)
 100% (  6 /  6) in 'Graphics.UI.GLUT.DeviceControl'
 100% (  8 /  8) in 'Graphics.UI.GLUT.Begin'
  57% (  4 /  7) in 'Graphics.UI.GLUT.Types'
  Missing documentation for:
    relationToString (src/Graphics/UI/GLUT/Types.hs:60)
    marshalMouseButton (src/Graphics/UI/GLUT/Types.hs:82)
    unmarshalMouseButton (src/Graphics/UI/GLUT/Types.hs:91)
 100% ( 11 / 11) in 'Graphics.UI.GLUT.Overlay'
 100% ( 29 / 29) in 'Graphics.UI.GLUT.Initialization'
  91% ( 10 / 11) in 'Graphics.UI.GLUT.GameMode'
  Missing documentation for:
    GameModeInfo (src/Graphics/UI/GLUT/GameMode.hs:160)
 100% (  5 /  5) in 'Graphics.UI.GLUT.Colormap'
 100% ( 37 / 37) in 'Graphics.UI.GLUT.Window'
 100% ( 50 / 50) in 'Graphics.UI.GLUT.State'
  20% (  1 /  5) in 'Graphics.UI.GLUT.Callbacks.Registration'
  Missing documentation for:
    CallbackType (src/Graphics/UI/GLUT/Callbacks/Registration.hs:35)
    registerForCleanup (src/Graphics/UI/GLUT/Callbacks/Registration.hs:140)
    setCallback (src/Graphics/UI/GLUT/Callbacks/Registration.hs:150)
    getCurrentWindow (src/Graphics/UI/GLUT/Callbacks/Registration.hs:69)
  83% (  5 /  6) in 'Graphics.UI.GLUT.Menu'
  Missing documentation for:
    MenuCallback (src/Graphics/UI/GLUT/Menu.hs:67)
  97% ( 86 / 89) in 'Graphics.UI.GLUT.Callbacks.Window'
  Missing documentation for:
    WheelNumber (src/Graphics/UI/GLUT/Callbacks/Window.hs:600)
    WheelDirection (src/Graphics/UI/GLUT/Callbacks/Window.hs:602)
    MouseWheelCallback (src/Graphics/UI/GLUT/Callbacks/Window.hs:604)
  67% (  8 / 12) in 'Graphics.UI.GLUT.Callbacks.Global'
  Missing documentation for:
    MenuUsage (src/Graphics/UI/GLUT/Callbacks/Global.hs:34)
    MenuStatusCallback (src/Graphics/UI/GLUT/Callbacks/Global.hs:45)
    IdleCallback (src/Graphics/UI/GLUT/Callbacks/Global.hs:76)
    TimerCallback (src/Graphics/UI/GLUT/Callbacks/Global.hs:99)
 100% (  3 /  3) in 'Graphics.UI.GLUT.Callbacks'
 100% ( 29 / 29) in 'Graphics.UI.GLUT'
Documentation created: dist/dist-sandbox-f7212ff3/doc/html/GLUT/index.html
Installing library in /Users/callanmcgill/Documents/Haskell/cellularAutomata/.cabal-sandbox/lib/x86_64-osx-ghc-8.2.1/GLUT-2.7.0.12-6EAG9rnuF10HeWK97rVsdr
cabal: Leaving directory '/var/folders/lw/4gjsgzwj1fz0b0_w6xh5585h0000gn/T/cabal-tmp-3851/GLUT-2.7.0.12'
