cabal: Entering directory '/var/folders/lw/4gjsgzwj1fz0b0_w6xh5585h0000gn/T/cabal-tmp-16205/tagged-0.8.5'
Configuring tagged-0.8.5...
Preprocessing library for tagged-0.8.5..
Building library for tagged-0.8.5..
[1 of 2] Compiling Data.Proxy.TH    ( src/Data/Proxy/TH.hs, dist/dist-sandbox-f7212ff3/build/Data/Proxy/TH.o )
[2 of 2] Compiling Data.Tagged      ( src/Data/Tagged.hs, dist/dist-sandbox-f7212ff3/build/Data/Tagged.o )
[1 of 2] Compiling Data.Proxy.TH    ( src/Data/Proxy/TH.hs, dist/dist-sandbox-f7212ff3/build/Data/Proxy/TH.p_o )
[2 of 2] Compiling Data.Tagged      ( src/Data/Tagged.hs, dist/dist-sandbox-f7212ff3/build/Data/Tagged.p_o )
Preprocessing library for tagged-0.8.5..
Running Haddock on library for tagged-0.8.5..
Haddock coverage:
  67% (  2 /  3) in 'Data.Proxy.TH'
  Missing documentation for:
    Module header
  93% ( 14 / 15) in 'Data.Tagged'
  Missing documentation for:
    witness (/var/folders/lw/4gjsgzwj1fz0b0_w6xh5585h0000gn/T/ghc16831_0/ghc_1.hscpp:530)
Warning: Data.Tagged: could not find link destinations for:
    unsafeIndex unsafeRangeSize
Documentation created: dist/dist-sandbox-f7212ff3/doc/html/tagged/index.html
Installing library in /Users/callanmcgill/Documents/Haskell/cellularAutomata/.cabal-sandbox/lib/x86_64-osx-ghc-8.2.1/tagged-0.8.5-2LDJb0b0ZvF3HPCOnZjnI2
cabal: Leaving directory '/var/folders/lw/4gjsgzwj1fz0b0_w6xh5585h0000gn/T/cabal-tmp-16205/tagged-0.8.5'
