cabal: Entering directory '/var/folders/lw/4gjsgzwj1fz0b0_w6xh5585h0000gn/T/cabal-tmp-3856/text-1.2.2.2'
Configuring text-1.2.2.2...
Preprocessing library for text-1.2.2.2..
Building library for text-1.2.2.2..
[ 1 of 44] Compiling Data.Text.Encoding.Error ( Data/Text/Encoding/Error.hs, dist/dist-sandbox-f7212ff3/build/Data/Text/Encoding/Error.o )
[ 2 of 44] Compiling Data.Text.Internal.Builder.Int.Digits ( Data/Text/Internal/Builder/Int/Digits.hs, dist/dist-sandbox-f7212ff3/build/Data/Text/Internal/Builder/Int/Digits.o )
[ 3 of 44] Compiling Data.Text.Internal.Builder.RealFloat.Functions ( Data/Text/Internal/Builder/RealFloat/Functions.hs, dist/dist-sandbox-f7212ff3/build/Data/Text/Internal/Builder/RealFloat/Functions.o )
[ 4 of 44] Compiling Data.Text.Internal.Encoding.Utf16 ( Data/Text/Internal/Encoding/Utf16.hs, dist/dist-sandbox-f7212ff3/build/Data/Text/Internal/Encoding/Utf16.o )
[ 5 of 44] Compiling Data.Text.Internal.Encoding.Utf32 ( Data/Text/Internal/Encoding/Utf32.hs, dist/dist-sandbox-f7212ff3/build/Data/Text/Internal/Encoding/Utf32.o )
[ 6 of 44] Compiling Data.Text.Internal.Functions ( Data/Text/Internal/Functions.hs, dist/dist-sandbox-f7212ff3/build/Data/Text/Internal/Functions.o )
[ 7 of 44] Compiling Data.Text.Internal.Read ( Data/Text/Internal/Read.hs, dist/dist-sandbox-f7212ff3/build/Data/Text/Internal/Read.o )
[ 8 of 44] Compiling Data.Text.Internal.Unsafe ( Data/Text/Internal/Unsafe.hs, dist/dist-sandbox-f7212ff3/build/Data/Text/Internal/Unsafe.o )
[ 9 of 44] Compiling Data.Text.Internal.Unsafe.Shift ( Data/Text/Internal/Unsafe/Shift.hs, dist/dist-sandbox-f7212ff3/build/Data/Text/Internal/Unsafe/Shift.o )
[10 of 44] Compiling Data.Text.Array  ( Data/Text/Array.hs, dist/dist-sandbox-f7212ff3/build/Data/Text/Array.o )
[11 of 44] Compiling Data.Text.Internal.Unsafe.Char ( Data/Text/Internal/Unsafe/Char.hs, dist/dist-sandbox-f7212ff3/build/Data/Text/Internal/Unsafe/Char.o )
[12 of 44] Compiling Data.Text.Internal.Encoding.Utf8 ( Data/Text/Internal/Encoding/Utf8.hs, dist/dist-sandbox-f7212ff3/build/Data/Text/Internal/Encoding/Utf8.o )
[13 of 44] Compiling Data.Text.Internal ( Data/Text/Internal.hs, dist/dist-sandbox-f7212ff3/build/Data/Text/Internal.o )
[14 of 44] Compiling Data.Text.Internal.Search ( Data/Text/Internal/Search.hs, dist/dist-sandbox-f7212ff3/build/Data/Text/Internal/Search.o )
[15 of 44] Compiling Data.Text.Internal.Fusion.Size ( Data/Text/Internal/Fusion/Size.hs, dist/dist-sandbox-f7212ff3/build/Data/Text/Internal/Fusion/Size.o )
[16 of 44] Compiling Data.Text.Internal.Fusion.Types ( Data/Text/Internal/Fusion/Types.hs, dist/dist-sandbox-f7212ff3/build/Data/Text/Internal/Fusion/Types.o )
[17 of 44] Compiling Data.Text.Internal.Fusion.CaseMapping ( Data/Text/Internal/Fusion/CaseMapping.hs, dist/dist-sandbox-f7212ff3/build/Data/Text/Internal/Fusion/CaseMapping.o )
[18 of 44] Compiling Data.Text.Internal.Fusion.Common ( Data/Text/Internal/Fusion/Common.hs, dist/dist-sandbox-f7212ff3/build/Data/Text/Internal/Fusion/Common.o )
[19 of 44] Compiling Data.Text.Unsafe ( Data/Text/Unsafe.hs, dist/dist-sandbox-f7212ff3/build/Data/Text/Unsafe.o )
[20 of 44] Compiling Data.Text.Internal.Private ( Data/Text/Internal/Private.hs, dist/dist-sandbox-f7212ff3/build/Data/Text/Internal/Private.o )
[21 of 44] Compiling Data.Text.Internal.Fusion ( Data/Text/Internal/Fusion.hs, dist/dist-sandbox-f7212ff3/build/Data/Text/Internal/Fusion.o )
[22 of 44] Compiling Data.Text.Show   ( Data/Text/Show.hs, dist/dist-sandbox-f7212ff3/build/Data/Text/Show.o )
[23 of 44] Compiling Data.Text.Internal.Encoding.Fusion.Common ( Data/Text/Internal/Encoding/Fusion/Common.hs, dist/dist-sandbox-f7212ff3/build/Data/Text/Internal/Encoding/Fusion/Common.o )
[24 of 44] Compiling Data.Text.Internal.Lazy.Encoding.Fusion ( Data/Text/Internal/Lazy/Encoding/Fusion.hs, dist/dist-sandbox-f7212ff3/build/Data/Text/Internal/Lazy/Encoding/Fusion.o )
[25 of 44] Compiling Data.Text.Internal.Encoding.Fusion ( Data/Text/Internal/Encoding/Fusion.hs, dist/dist-sandbox-f7212ff3/build/Data/Text/Internal/Encoding/Fusion.o )
[26 of 44] Compiling Data.Text.Encoding ( Data/Text/Encoding.hs, dist/dist-sandbox-f7212ff3/build/Data/Text/Encoding.o )
[27 of 44] Compiling Data.Text.Foreign ( Data/Text/Foreign.hs, dist/dist-sandbox-f7212ff3/build/Data/Text/Foreign.o )
[28 of 44] Compiling Data.Text        ( Data/Text.hs, dist/dist-sandbox-f7212ff3/build/Data/Text.o )
[29 of 44] Compiling Data.Text.Read   ( Data/Text/Read.hs, dist/dist-sandbox-f7212ff3/build/Data/Text/Read.o )
[30 of 44] Compiling Data.Text.Internal.Lazy ( Data/Text/Internal/Lazy.hs, dist/dist-sandbox-f7212ff3/build/Data/Text/Internal/Lazy.o )
[31 of 44] Compiling Data.Text.Lazy.Internal ( Data/Text/Lazy/Internal.hs, dist/dist-sandbox-f7212ff3/build/Data/Text/Lazy/Internal.o )
[32 of 44] Compiling Data.Text.Internal.Lazy.Search ( Data/Text/Internal/Lazy/Search.hs, dist/dist-sandbox-f7212ff3/build/Data/Text/Internal/Lazy/Search.o )
[33 of 44] Compiling Data.Text.Internal.Lazy.Fusion ( Data/Text/Internal/Lazy/Fusion.hs, dist/dist-sandbox-f7212ff3/build/Data/Text/Internal/Lazy/Fusion.o )
[34 of 44] Compiling Data.Text.Lazy.Encoding ( Data/Text/Lazy/Encoding.hs, dist/dist-sandbox-f7212ff3/build/Data/Text/Lazy/Encoding.o )
[35 of 44] Compiling Data.Text.Lazy   ( Data/Text/Lazy.hs, dist/dist-sandbox-f7212ff3/build/Data/Text/Lazy.o )
[36 of 44] Compiling Data.Text.Lazy.Read ( Data/Text/Lazy/Read.hs, dist/dist-sandbox-f7212ff3/build/Data/Text/Lazy/Read.o )
[37 of 44] Compiling Data.Text.Internal.IO ( Data/Text/Internal/IO.hs, dist/dist-sandbox-f7212ff3/build/Data/Text/Internal/IO.o )
[38 of 44] Compiling Data.Text.Internal.Builder ( Data/Text/Internal/Builder.hs, dist/dist-sandbox-f7212ff3/build/Data/Text/Internal/Builder.o )
[39 of 44] Compiling Data.Text.Lazy.Builder ( Data/Text/Lazy/Builder.hs, dist/dist-sandbox-f7212ff3/build/Data/Text/Lazy/Builder.o )
[40 of 44] Compiling Data.Text.Internal.Builder.Functions ( Data/Text/Internal/Builder/Functions.hs, dist/dist-sandbox-f7212ff3/build/Data/Text/Internal/Builder/Functions.o )
[41 of 44] Compiling Data.Text.Lazy.Builder.Int ( Data/Text/Lazy/Builder/Int.hs, dist/dist-sandbox-f7212ff3/build/Data/Text/Lazy/Builder/Int.o )
[42 of 44] Compiling Data.Text.Lazy.Builder.RealFloat ( Data/Text/Lazy/Builder/RealFloat.hs, dist/dist-sandbox-f7212ff3/build/Data/Text/Lazy/Builder/RealFloat.o )
[43 of 44] Compiling Data.Text.IO     ( Data/Text/IO.hs, dist/dist-sandbox-f7212ff3/build/Data/Text/IO.o )
[44 of 44] Compiling Data.Text.Lazy.IO ( Data/Text/Lazy/IO.hs, dist/dist-sandbox-f7212ff3/build/Data/Text/Lazy/IO.o )
[ 1 of 44] Compiling Data.Text.Encoding.Error ( Data/Text/Encoding/Error.hs, dist/dist-sandbox-f7212ff3/build/Data/Text/Encoding/Error.p_o )
[ 2 of 44] Compiling Data.Text.Internal.Builder.Int.Digits ( Data/Text/Internal/Builder/Int/Digits.hs, dist/dist-sandbox-f7212ff3/build/Data/Text/Internal/Builder/Int/Digits.p_o )
[ 3 of 44] Compiling Data.Text.Internal.Builder.RealFloat.Functions ( Data/Text/Internal/Builder/RealFloat/Functions.hs, dist/dist-sandbox-f7212ff3/build/Data/Text/Internal/Builder/RealFloat/Functions.p_o )
[ 4 of 44] Compiling Data.Text.Internal.Encoding.Utf16 ( Data/Text/Internal/Encoding/Utf16.hs, dist/dist-sandbox-f7212ff3/build/Data/Text/Internal/Encoding/Utf16.p_o )
[ 5 of 44] Compiling Data.Text.Internal.Encoding.Utf32 ( Data/Text/Internal/Encoding/Utf32.hs, dist/dist-sandbox-f7212ff3/build/Data/Text/Internal/Encoding/Utf32.p_o )
[ 6 of 44] Compiling Data.Text.Internal.Functions ( Data/Text/Internal/Functions.hs, dist/dist-sandbox-f7212ff3/build/Data/Text/Internal/Functions.p_o )
[ 7 of 44] Compiling Data.Text.Internal.Read ( Data/Text/Internal/Read.hs, dist/dist-sandbox-f7212ff3/build/Data/Text/Internal/Read.p_o )
[ 8 of 44] Compiling Data.Text.Internal.Unsafe ( Data/Text/Internal/Unsafe.hs, dist/dist-sandbox-f7212ff3/build/Data/Text/Internal/Unsafe.p_o )
[ 9 of 44] Compiling Data.Text.Internal.Unsafe.Shift ( Data/Text/Internal/Unsafe/Shift.hs, dist/dist-sandbox-f7212ff3/build/Data/Text/Internal/Unsafe/Shift.p_o )
[10 of 44] Compiling Data.Text.Array  ( Data/Text/Array.hs, dist/dist-sandbox-f7212ff3/build/Data/Text/Array.p_o )
[11 of 44] Compiling Data.Text.Internal.Unsafe.Char ( Data/Text/Internal/Unsafe/Char.hs, dist/dist-sandbox-f7212ff3/build/Data/Text/Internal/Unsafe/Char.p_o )
[12 of 44] Compiling Data.Text.Internal.Encoding.Utf8 ( Data/Text/Internal/Encoding/Utf8.hs, dist/dist-sandbox-f7212ff3/build/Data/Text/Internal/Encoding/Utf8.p_o )
[13 of 44] Compiling Data.Text.Internal ( Data/Text/Internal.hs, dist/dist-sandbox-f7212ff3/build/Data/Text/Internal.p_o )
[14 of 44] Compiling Data.Text.Internal.Search ( Data/Text/Internal/Search.hs, dist/dist-sandbox-f7212ff3/build/Data/Text/Internal/Search.p_o )
[15 of 44] Compiling Data.Text.Internal.Fusion.Size ( Data/Text/Internal/Fusion/Size.hs, dist/dist-sandbox-f7212ff3/build/Data/Text/Internal/Fusion/Size.p_o )
[16 of 44] Compiling Data.Text.Internal.Fusion.Types ( Data/Text/Internal/Fusion/Types.hs, dist/dist-sandbox-f7212ff3/build/Data/Text/Internal/Fusion/Types.p_o )
[17 of 44] Compiling Data.Text.Internal.Fusion.CaseMapping ( Data/Text/Internal/Fusion/CaseMapping.hs, dist/dist-sandbox-f7212ff3/build/Data/Text/Internal/Fusion/CaseMapping.p_o )
[18 of 44] Compiling Data.Text.Internal.Fusion.Common ( Data/Text/Internal/Fusion/Common.hs, dist/dist-sandbox-f7212ff3/build/Data/Text/Internal/Fusion/Common.p_o )
[19 of 44] Compiling Data.Text.Unsafe ( Data/Text/Unsafe.hs, dist/dist-sandbox-f7212ff3/build/Data/Text/Unsafe.p_o )
[20 of 44] Compiling Data.Text.Internal.Private ( Data/Text/Internal/Private.hs, dist/dist-sandbox-f7212ff3/build/Data/Text/Internal/Private.p_o )
[21 of 44] Compiling Data.Text.Internal.Fusion ( Data/Text/Internal/Fusion.hs, dist/dist-sandbox-f7212ff3/build/Data/Text/Internal/Fusion.p_o )
[22 of 44] Compiling Data.Text.Show   ( Data/Text/Show.hs, dist/dist-sandbox-f7212ff3/build/Data/Text/Show.p_o )
[23 of 44] Compiling Data.Text.Internal.Encoding.Fusion.Common ( Data/Text/Internal/Encoding/Fusion/Common.hs, dist/dist-sandbox-f7212ff3/build/Data/Text/Internal/Encoding/Fusion/Common.p_o )
[24 of 44] Compiling Data.Text.Internal.Lazy.Encoding.Fusion ( Data/Text/Internal/Lazy/Encoding/Fusion.hs, dist/dist-sandbox-f7212ff3/build/Data/Text/Internal/Lazy/Encoding/Fusion.p_o )
[25 of 44] Compiling Data.Text.Internal.Encoding.Fusion ( Data/Text/Internal/Encoding/Fusion.hs, dist/dist-sandbox-f7212ff3/build/Data/Text/Internal/Encoding/Fusion.p_o )
[26 of 44] Compiling Data.Text.Encoding ( Data/Text/Encoding.hs, dist/dist-sandbox-f7212ff3/build/Data/Text/Encoding.p_o )
[27 of 44] Compiling Data.Text.Foreign ( Data/Text/Foreign.hs, dist/dist-sandbox-f7212ff3/build/Data/Text/Foreign.p_o )
[28 of 44] Compiling Data.Text        ( Data/Text.hs, dist/dist-sandbox-f7212ff3/build/Data/Text.p_o )
[29 of 44] Compiling Data.Text.Read   ( Data/Text/Read.hs, dist/dist-sandbox-f7212ff3/build/Data/Text/Read.p_o )
[30 of 44] Compiling Data.Text.Internal.Lazy ( Data/Text/Internal/Lazy.hs, dist/dist-sandbox-f7212ff3/build/Data/Text/Internal/Lazy.p_o )
[31 of 44] Compiling Data.Text.Lazy.Internal ( Data/Text/Lazy/Internal.hs, dist/dist-sandbox-f7212ff3/build/Data/Text/Lazy/Internal.p_o )
[32 of 44] Compiling Data.Text.Internal.Lazy.Search ( Data/Text/Internal/Lazy/Search.hs, dist/dist-sandbox-f7212ff3/build/Data/Text/Internal/Lazy/Search.p_o )
[33 of 44] Compiling Data.Text.Internal.Lazy.Fusion ( Data/Text/Internal/Lazy/Fusion.hs, dist/dist-sandbox-f7212ff3/build/Data/Text/Internal/Lazy/Fusion.p_o )
[34 of 44] Compiling Data.Text.Lazy.Encoding ( Data/Text/Lazy/Encoding.hs, dist/dist-sandbox-f7212ff3/build/Data/Text/Lazy/Encoding.p_o )
[35 of 44] Compiling Data.Text.Lazy   ( Data/Text/Lazy.hs, dist/dist-sandbox-f7212ff3/build/Data/Text/Lazy.p_o )
[36 of 44] Compiling Data.Text.Lazy.Read ( Data/Text/Lazy/Read.hs, dist/dist-sandbox-f7212ff3/build/Data/Text/Lazy/Read.p_o )
[37 of 44] Compiling Data.Text.Internal.IO ( Data/Text/Internal/IO.hs, dist/dist-sandbox-f7212ff3/build/Data/Text/Internal/IO.p_o )
[38 of 44] Compiling Data.Text.Internal.Builder ( Data/Text/Internal/Builder.hs, dist/dist-sandbox-f7212ff3/build/Data/Text/Internal/Builder.p_o )
[39 of 44] Compiling Data.Text.Lazy.Builder ( Data/Text/Lazy/Builder.hs, dist/dist-sandbox-f7212ff3/build/Data/Text/Lazy/Builder.p_o )
[40 of 44] Compiling Data.Text.Internal.Builder.Functions ( Data/Text/Internal/Builder/Functions.hs, dist/dist-sandbox-f7212ff3/build/Data/Text/Internal/Builder/Functions.p_o )
[41 of 44] Compiling Data.Text.Lazy.Builder.Int ( Data/Text/Lazy/Builder/Int.hs, dist/dist-sandbox-f7212ff3/build/Data/Text/Lazy/Builder/Int.p_o )
[42 of 44] Compiling Data.Text.Lazy.Builder.RealFloat ( Data/Text/Lazy/Builder/RealFloat.hs, dist/dist-sandbox-f7212ff3/build/Data/Text/Lazy/Builder/RealFloat.p_o )
[43 of 44] Compiling Data.Text.IO     ( Data/Text/IO.hs, dist/dist-sandbox-f7212ff3/build/Data/Text/IO.p_o )
[44 of 44] Compiling Data.Text.Lazy.IO ( Data/Text/Lazy/IO.hs, dist/dist-sandbox-f7212ff3/build/Data/Text/Lazy/IO.p_o )
Preprocessing library for text-1.2.2.2..
Running Haddock on library for text-1.2.2.2..
Haddock coverage:
 100% ( 12 / 12) in 'Data.Text.Encoding.Error'
   0% (  0 /  2) in 'Data.Text.Internal.Builder.Int.Digits'
  Missing documentation for:
    Module header
    digits (Data/Text/Internal/Builder/Int/Digits.hs:21)
  50% (  1 /  2) in 'Data.Text.Internal.Builder.RealFloat.Functions'
  Missing documentation for:
    roundTo (/var/folders/lw/4gjsgzwj1fz0b0_w6xh5585h0000gn/T/ghc5370_0/ghc_17.hscpp:139)
  25% (  1 /  4) in 'Data.Text.Internal.Encoding.Utf16'
  Missing documentation for:
    chr2 (Data/Text/Internal/Encoding/Utf16.hs:29)
    validate1 (Data/Text/Internal/Encoding/Utf16.hs:38)
    validate2 (Data/Text/Internal/Encoding/Utf16.hs:42)
  50% (  1 /  2) in 'Data.Text.Internal.Encoding.Utf32'
  Missing documentation for:
    validate (Data/Text/Internal/Encoding/Utf32.hs:24)
 100% (  2 /  2) in 'Data.Text.Internal.Functions'
  14% (  1 /  7) in 'Data.Text.Internal.Read'
  Missing documentation for:
    IReader (Data/Text/Internal/Read.hs:26)
    IParser (Data/Text/Internal/Read.hs:28)
    T (Data/Text/Internal/Read.hs:48)
    digitToInt (Data/Text/Internal/Read.hs:61)
    hexDigitToInt (Data/Text/Internal/Read.hs:55)
    perhaps (Data/Text/Internal/Read.hs:50)
 100% (  3 /  3) in 'Data.Text.Internal.Unsafe'
 100% (  2 /  2) in 'Data.Text.Internal.Unsafe.Shift'
 100% ( 16 / 16) in 'Data.Text.Array'
  33% (  2 /  6) in 'Data.Text.Internal.Unsafe.Char'
  Missing documentation for:
    ord (/var/folders/lw/4gjsgzwj1fz0b0_w6xh5585h0000gn/T/ghc5370_0/ghc_33.hscpp:161)
    unsafeChr (/var/folders/lw/4gjsgzwj1fz0b0_w6xh5585h0000gn/T/ghc5370_0/ghc_33.hscpp:165)
    unsafeChr8 (/var/folders/lw/4gjsgzwj1fz0b0_w6xh5585h0000gn/T/ghc5370_0/ghc_33.hscpp:169)
    unsafeChr32 (/var/folders/lw/4gjsgzwj1fz0b0_w6xh5585h0000gn/T/ghc5370_0/ghc_33.hscpp:173)
  17% (  2 / 12) in 'Data.Text.Internal.Encoding.Utf8'
  Missing documentation for:
    ord2 (/var/folders/lw/4gjsgzwj1fz0b0_w6xh5585h0000gn/T/ghc5370_0/ghc_21.hscpp:180)
    ord3 (/var/folders/lw/4gjsgzwj1fz0b0_w6xh5585h0000gn/T/ghc5370_0/ghc_21.hscpp:191)
    ord4 (/var/folders/lw/4gjsgzwj1fz0b0_w6xh5585h0000gn/T/ghc5370_0/ghc_21.hscpp:203)
    chr2 (/var/folders/lw/4gjsgzwj1fz0b0_w6xh5585h0000gn/T/ghc5370_0/ghc_21.hscpp:216)
    chr3 (/var/folders/lw/4gjsgzwj1fz0b0_w6xh5585h0000gn/T/ghc5370_0/ghc_21.hscpp:225)
    chr4 (/var/folders/lw/4gjsgzwj1fz0b0_w6xh5585h0000gn/T/ghc5370_0/ghc_21.hscpp:236)
    validate1 (/var/folders/lw/4gjsgzwj1fz0b0_w6xh5585h0000gn/T/ghc5370_0/ghc_21.hscpp:250)
    validate2 (/var/folders/lw/4gjsgzwj1fz0b0_w6xh5585h0000gn/T/ghc5370_0/ghc_21.hscpp:254)
    validate3 (/var/folders/lw/4gjsgzwj1fz0b0_w6xh5585h0000gn/T/ghc5370_0/ghc_21.hscpp:258)
    validate4 (/var/folders/lw/4gjsgzwj1fz0b0_w6xh5585h0000gn/T/ghc5370_0/ghc_21.hscpp:275)
  95% ( 19 / 20) in 'Data.Text.Internal'
  Missing documentation for:
    textP (/var/folders/lw/4gjsgzwj1fz0b0_w6xh5585h0000gn/T/ghc5370_0/ghc_13.hscpp:837)
 100% (  2 /  2) in 'Data.Text.Internal.Search'
  38% (  5 / 13) in 'Data.Text.Internal.Fusion.Size'
  Missing documentation for:
    Size (/var/folders/lw/4gjsgzwj1fz0b0_w6xh5585h0000gn/T/ghc5370_0/ghc_25.hscpp:162)
    exactly (/var/folders/lw/4gjsgzwj1fz0b0_w6xh5585h0000gn/T/ghc5370_0/ghc_25.hscpp:166)
    exactSize (/var/folders/lw/4gjsgzwj1fz0b0_w6xh5585h0000gn/T/ghc5370_0/ghc_25.hscpp:171)
    maxSize (/var/folders/lw/4gjsgzwj1fz0b0_w6xh5585h0000gn/T/ghc5370_0/ghc_25.hscpp:179)
    betweenSize (/var/folders/lw/4gjsgzwj1fz0b0_w6xh5585h0000gn/T/ghc5370_0/ghc_25.hscpp:187)
    unknownSize (/var/folders/lw/4gjsgzwj1fz0b0_w6xh5585h0000gn/T/ghc5370_0/ghc_25.hscpp:196)
    compareSize (/var/folders/lw/4gjsgzwj1fz0b0_w6xh5585h0000gn/T/ghc5370_0/ghc_25.hscpp:265)
    isEmpty (/var/folders/lw/4gjsgzwj1fz0b0_w6xh5585h0000gn/T/ghc5370_0/ghc_25.hscpp:273)
  88% (  7 /  8) in 'Data.Text.Internal.Fusion.Types'
  Missing documentation for:
    Stream (Data/Text/Internal/Fusion/Types.hs:83)
   0% (  0 /  5) in 'Data.Text.Internal.Fusion.CaseMapping'
  Missing documentation for:
    Module header
    upperMapping (Data/Text/Internal/Fusion/CaseMapping.hs:13)
    lowerMapping (Data/Text/Internal/Fusion/CaseMapping.hs:220)
    titleMapping (Data/Text/Internal/Fusion/CaseMapping.hs:225)
    foldMapping (Data/Text/Internal/Fusion/CaseMapping.hs:324)
  89% ( 63 / 71) in 'Data.Text.Internal.Fusion.Common'
  Missing documentation for:
    singleton (Data/Text/Internal/Fusion/Common.hs:119)
    streamList (Data/Text/Internal/Fusion/Common.hs:125)
    unstreamList (Data/Text/Internal/Fusion/Common.hs:131)
    intercalate (Data/Text/Internal/Fusion/Common.hs:578)
    justifyLeftI (Data/Text/Internal/Fusion/Common.hs:480)
    scanl (Data/Text/Internal/Fusion/Common.hs:657)
    replicateCharI (Data/Text/Internal/Fusion/Common.hs:672)
    replicateI (Data/Text/Internal/Fusion/Common.hs:683)
  93% ( 13 / 14) in 'Data.Text.Unsafe'
  Missing documentation for:
    Iter (/var/folders/lw/4gjsgzwj1fz0b0_w6xh5585h0000gn/T/ghc5370_0/ghc_51.hscpp:184)
  33% (  1 /  3) in 'Data.Text.Internal.Private'
  Missing documentation for:
    runText (Data/Text/Internal/Private.hs:33)
    span_ (Data/Text/Internal/Private.hs:23)
  91% ( 20 / 22) in 'Data.Text.Internal.Fusion'
  Missing documentation for:
    Stream (Data/Text/Internal/Fusion/Types.hs:83)
    length (Data/Text/Internal/Fusion.hs:137)
 100% (  4 /  4) in 'Data.Text.Show'
  33% (  2 /  6) in 'Data.Text.Internal.Encoding.Fusion.Common'
  Missing documentation for:
    restreamUtf16LE (Data/Text/Internal/Encoding/Fusion/Common.hs:63)
    restreamUtf16BE (Data/Text/Internal/Encoding/Fusion/Common.hs:39)
    restreamUtf32LE (Data/Text/Internal/Encoding/Fusion/Common.hs:106)
    restreamUtf32BE (Data/Text/Internal/Encoding/Fusion/Common.hs:87)
 100% ( 10 / 10) in 'Data.Text.Internal.Lazy.Encoding.Fusion'
  91% ( 10 / 11) in 'Data.Text.Internal.Encoding.Fusion'
  Missing documentation for:
    streamASCII (/var/folders/lw/4gjsgzwj1fz0b0_w6xh5585h0000gn/T/ghc5370_0/ghc_19.hscpp:179)
 100% ( 32 / 32) in 'Data.Text.Encoding'
 100% ( 18 / 18) in 'Data.Text.Foreign'
 100% (127 /127) in 'Data.Text'
 100% (  7 /  7) in 'Data.Text.Read'
  93% ( 14 / 15) in 'Data.Text.Internal.Lazy'
  Missing documentation for:
    Text (Data/Text/Internal/Lazy.hs:47)
 100% (  2 /  2) in 'Data.Text.Lazy.Internal'
 100% (  2 /  2) in 'Data.Text.Internal.Lazy.Search'
 100% (  8 /  8) in 'Data.Text.Internal.Lazy.Fusion'
  89% ( 24 / 27) in 'Data.Text.Lazy.Encoding'
  Missing documentation for:
    encodeUtf8 (/var/folders/lw/4gjsgzwj1fz0b0_w6xh5585h0000gn/T/ghc5370_0/ghc_43.hscpp:266)
    encodeUtf8Builder (/var/folders/lw/4gjsgzwj1fz0b0_w6xh5585h0000gn/T/ghc5370_0/ghc_43.hscpp:279)
    encodeUtf8BuilderEscaped (/var/folders/lw/4gjsgzwj1fz0b0_w6xh5585h0000gn/T/ghc5370_0/ghc_43.hscpp:284)
  99% (128 /129) in 'Data.Text.Lazy'
  Missing documentation for:
    Text (Data/Text/Internal/Lazy.hs:47)
 100% (  7 /  7) in 'Data.Text.Lazy.Read'
 100% (  3 /  3) in 'Data.Text.Internal.IO'
  94% ( 16 / 17) in 'Data.Text.Internal.Builder'
  Missing documentation for:
    append' (/var/folders/lw/4gjsgzwj1fz0b0_w6xh5585h0000gn/T/ghc5370_0/ghc_15.hscpp:426)
 100% ( 12 / 12) in 'Data.Text.Lazy.Builder'
 100% (  3 /  3) in 'Data.Text.Internal.Builder.Functions'
   0% (  0 /  3) in 'Data.Text.Lazy.Builder.Int'
  Missing documentation for:
    Module header
    decimal (/var/folders/lw/4gjsgzwj1fz0b0_w6xh5585h0000gn/T/ghc5370_0/ghc_39.hscpp:174)
    hexadecimal (/var/folders/lw/4gjsgzwj1fz0b0_w6xh5585h0000gn/T/ghc5370_0/ghc_39.hscpp:284)
  75% (  3 /  4) in 'Data.Text.Lazy.Builder.RealFloat'
  Missing documentation for:
    formatRealFloat (/var/folders/lw/4gjsgzwj1fz0b0_w6xh5585h0000gn/T/ghc5370_0/ghc_41.hscpp:168)
 100% ( 20 / 20) in 'Data.Text.IO'
 100% ( 19 / 19) in 'Data.Text.Lazy.IO'
Warning: Data.Text.Internal.Fusion.Common: could not find link destinations for:
    findIndicesI
Warning: Data.Text: could not find link destinations for:
    replicateChar countChar
Warning: Data.Text.Lazy: could not find link destinations for:
    replicateChar dropWords splitAtWord countChar
Warning: Data.Text.Internal.IO: could not find link destinations for:
    Handle__
Warning: Data.Text.Internal.Builder: could not find link destinations for:
    empty append
Warning: Data.Text.Lazy.Builder.RealFloat: could not find link destinations for:
    floatToDigits
Documentation created: dist/dist-sandbox-f7212ff3/doc/html/text/index.html
Installing library in /Users/callanmcgill/Documents/Haskell/cellularAutomata/.cabal-sandbox/lib/x86_64-osx-ghc-8.2.1/text-1.2.2.2-EGUst8sqNAZCw1xLPcmcMH
cabal: Leaving directory '/var/folders/lw/4gjsgzwj1fz0b0_w6xh5585h0000gn/T/cabal-tmp-3856/text-1.2.2.2'
